running egg_info
creating ../../build/odometry_publisher/odometry_publisher.egg-info
writing ../../build/odometry_publisher/odometry_publisher.egg-info/PKG-INFO
writing dependency_links to ../../build/odometry_publisher/odometry_publisher.egg-info/dependency_links.txt
writing entry points to ../../build/odometry_publisher/odometry_publisher.egg-info/entry_points.txt
writing requirements to ../../build/odometry_publisher/odometry_publisher.egg-info/requires.txt
writing top-level names to ../../build/odometry_publisher/odometry_publisher.egg-info/top_level.txt
writing manifest file '../../build/odometry_publisher/odometry_publisher.egg-info/SOURCES.txt'
reading manifest file '../../build/odometry_publisher/odometry_publisher.egg-info/SOURCES.txt'
writing manifest file '../../build/odometry_publisher/odometry_publisher.egg-info/SOURCES.txt'
running build
running build_py
creating /home/roombazon/Desktop/rosWorkspace/build/odometry_publisher/build
creating /home/roombazon/Desktop/rosWorkspace/build/odometry_publisher/build/lib
creating /home/roombazon/Desktop/rosWorkspace/build/odometry_publisher/build/lib/odometry_publisher
copying odometry_publisher/__init__.py -> /home/roombazon/Desktop/rosWorkspace/build/odometry_publisher/build/lib/odometry_publisher
copying odometry_publisher/odometry_publisher.py -> /home/roombazon/Desktop/rosWorkspace/build/odometry_publisher/build/lib/odometry_publisher
running install
running install_lib
creating /home/roombazon/Desktop/rosWorkspace/install/odometry_publisher/lib/python3.10/site-packages/odometry_publisher
copying /home/roombazon/Desktop/rosWorkspace/build/odometry_publisher/build/lib/odometry_publisher/__init__.py -> /home/roombazon/Desktop/rosWorkspace/install/odometry_publisher/lib/python3.10/site-packages/odometry_publisher
copying /home/roombazon/Desktop/rosWorkspace/build/odometry_publisher/build/lib/odometry_publisher/odometry_publisher.py -> /home/roombazon/Desktop/rosWorkspace/install/odometry_publisher/lib/python3.10/site-packages/odometry_publisher
byte-compiling /home/roombazon/Desktop/rosWorkspace/install/odometry_publisher/lib/python3.10/site-packages/odometry_publisher/__init__.py to __init__.cpython-310.pyc
byte-compiling /home/roombazon/Desktop/rosWorkspace/install/odometry_publisher/lib/python3.10/site-packages/odometry_publisher/odometry_publisher.py to odometry_publisher.cpython-310.pyc
running install_data
creating /home/roombazon/Desktop/rosWorkspace/install/odometry_publisher/share/ament_index
creating /home/roombazon/Desktop/rosWorkspace/install/odometry_publisher/share/ament_index/resource_index
creating /home/roombazon/Desktop/rosWorkspace/install/odometry_publisher/share/ament_index/resource_index/packages
copying resource/odometry_publisher -> /home/roombazon/Desktop/rosWorkspace/install/odometry_publisher/share/ament_index/resource_index/packages
copying package.xml -> /home/roombazon/Desktop/rosWorkspace/install/odometry_publisher/share/odometry_publisher
running install_egg_info
Copying ../../build/odometry_publisher/odometry_publisher.egg-info to /home/roombazon/Desktop/rosWorkspace/install/odometry_publisher/lib/python3.10/site-packages/odometry_publisher-0.0.0-py3.10.egg-info
running install_scripts
Installing odometry_publisher script to /home/roombazon/Desktop/rosWorkspace/install/odometry_publisher/lib/odometry_publisher
writing list of installed files to '/home/roombazon/Desktop/rosWorkspace/build/odometry_publisher/install.log'
