[12.859s] Invoking command in '/home/roombazon/Desktop/rosWorkspace/src/controller': PYTHONPATH=/home/roombazon/Desktop/rosWorkspace/build/controller/prefix_override:/usr/lib/python3/dist-packages/colcon_core/task/python/colcon_distutils_commands:/home/roombazon/Desktop/rosWorkspace/install/controller/lib/python3.10/site-packages:${PYTHONPATH} /usr/bin/python3 -W ignore:setup.py install is deprecated -W ignore:easy_install command is deprecated setup.py egg_info --egg-base ../../build/controller build --build-base /home/roombazon/Desktop/rosWorkspace/build/controller/build install --record /home/roombazon/Desktop/rosWorkspace/build/controller/install.log --single-version-externally-managed install_data
[17.697s] running egg_info
[17.702s] writing ../../build/controller/controller.egg-info/PKG-INFO
[17.708s] writing dependency_links to ../../build/controller/controller.egg-info/dependency_links.txt
[17.729s] writing entry points to ../../build/controller/controller.egg-info/entry_points.txt
[17.732s] writing requirements to ../../build/controller/controller.egg-info/requires.txt
[17.740s] writing top-level names to ../../build/controller/controller.egg-info/top_level.txt
[17.778s] reading manifest file '../../build/controller/controller.egg-info/SOURCES.txt'
[17.786s] writing manifest file '../../build/controller/controller.egg-info/SOURCES.txt'
[17.791s] running build
[17.794s] running build_py
[17.802s] running install
[17.807s] running install_lib
[17.821s] running install_data
[17.823s] running install_egg_info
[17.835s] removing '/home/roombazon/Desktop/rosWorkspace/install/controller/lib/python3.10/site-packages/controller-0.0.0-py3.10.egg-info' (and everything under it)
[17.837s] Copying ../../build/controller/controller.egg-info to /home/roombazon/Desktop/rosWorkspace/install/controller/lib/python3.10/site-packages/controller-0.0.0-py3.10.egg-info
[17.846s] running install_scripts
[18.043s] Installing gamepad_controller script to /home/roombazon/Desktop/rosWorkspace/install/controller/lib/controller
[18.047s] Installing joystick_serial script to /home/roombazon/Desktop/rosWorkspace/install/controller/lib/controller
[18.055s] writing list of installed files to '/home/roombazon/Desktop/rosWorkspace/build/controller/install.log'
[18.426s] Invoked command in '/home/roombazon/Desktop/rosWorkspace/src/controller' returned '0': PYTHONPATH=/home/roombazon/Desktop/rosWorkspace/build/controller/prefix_override:/usr/lib/python3/dist-packages/colcon_core/task/python/colcon_distutils_commands:/home/roombazon/Desktop/rosWorkspace/install/controller/lib/python3.10/site-packages:${PYTHONPATH} /usr/bin/python3 -W ignore:setup.py install is deprecated -W ignore:easy_install command is deprecated setup.py egg_info --egg-base ../../build/controller build --build-base /home/roombazon/Desktop/rosWorkspace/build/controller/build install --record /home/roombazon/Desktop/rosWorkspace/build/controller/install.log --single-version-externally-managed install_data
