[3.238s] Invoking command in '/home/roombazon/Desktop/rosWorkspace/src/gamepad_control': PYTHONPATH=/home/roombazon/Desktop/rosWorkspace/build/gamepad_control/prefix_override:/usr/lib/python3/dist-packages/colcon_core/task/python/colcon_distutils_commands:/home/roombazon/Desktop/rosWorkspace/install/gamepad_control/lib/python3.10/site-packages:${PYTHONPATH} /usr/bin/python3 -W ignore:setup.py install is deprecated -W ignore:easy_install command is deprecated setup.py egg_info --egg-base ../../build/gamepad_control build --build-base /home/roombazon/Desktop/rosWorkspace/build/gamepad_control/build install --record /home/roombazon/Desktop/rosWorkspace/build/gamepad_control/install.log --single-version-externally-managed install_data
[4.633s] running egg_info
[4.638s] writing ../../build/gamepad_control/gamepad_control.egg-info/PKG-INFO
[4.642s] writing dependency_links to ../../build/gamepad_control/gamepad_control.egg-info/dependency_links.txt
[4.646s] writing entry points to ../../build/gamepad_control/gamepad_control.egg-info/entry_points.txt
[4.649s] writing requirements to ../../build/gamepad_control/gamepad_control.egg-info/requires.txt
[4.651s] writing top-level names to ../../build/gamepad_control/gamepad_control.egg-info/top_level.txt
[4.662s] reading manifest file '../../build/gamepad_control/gamepad_control.egg-info/SOURCES.txt'
[4.667s] writing manifest file '../../build/gamepad_control/gamepad_control.egg-info/SOURCES.txt'
[4.668s] running build
[4.669s] running build_py
[4.670s] running install
[4.672s] running install_lib
[4.685s] running install_data
[4.686s] copying package.xml -> /home/roombazon/Desktop/rosWorkspace/install/gamepad_control/share/gamepad_control
[4.687s] running install_egg_info
[4.695s] removing '/home/roombazon/Desktop/rosWorkspace/install/gamepad_control/lib/python3.10/site-packages/gamepad_control-0.0.0-py3.10.egg-info' (and everything under it)
[4.698s] Copying ../../build/gamepad_control/gamepad_control.egg-info to /home/roombazon/Desktop/rosWorkspace/install/gamepad_control/lib/python3.10/site-packages/gamepad_control-0.0.0-py3.10.egg-info
[4.704s] running install_scripts
[4.801s] Installing gamepad_control script to /home/roombazon/Desktop/rosWorkspace/install/gamepad_control/lib/gamepad_control
[4.808s] writing list of installed files to '/home/roombazon/Desktop/rosWorkspace/build/gamepad_control/install.log'
[4.969s] Invoked command in '/home/roombazon/Desktop/rosWorkspace/src/gamepad_control' returned '0': PYTHONPATH=/home/roombazon/Desktop/rosWorkspace/build/gamepad_control/prefix_override:/usr/lib/python3/dist-packages/colcon_core/task/python/colcon_distutils_commands:/home/roombazon/Desktop/rosWorkspace/install/gamepad_control/lib/python3.10/site-packages:${PYTHONPATH} /usr/bin/python3 -W ignore:setup.py install is deprecated -W ignore:easy_install command is deprecated setup.py egg_info --egg-base ../../build/gamepad_control build --build-base /home/roombazon/Desktop/rosWorkspace/build/gamepad_control/build install --record /home/roombazon/Desktop/rosWorkspace/build/gamepad_control/install.log --single-version-externally-managed install_data
