running egg_info
creating ../../build/gamepad_control/gamepad_control.egg-info
writing ../../build/gamepad_control/gamepad_control.egg-info/PKG-INFO
writing dependency_links to ../../build/gamepad_control/gamepad_control.egg-info/dependency_links.txt
writing entry points to ../../build/gamepad_control/gamepad_control.egg-info/entry_points.txt
writing requirements to ../../build/gamepad_control/gamepad_control.egg-info/requires.txt
writing top-level names to ../../build/gamepad_control/gamepad_control.egg-info/top_level.txt
writing manifest file '../../build/gamepad_control/gamepad_control.egg-info/SOURCES.txt'
reading manifest file '../../build/gamepad_control/gamepad_control.egg-info/SOURCES.txt'
writing manifest file '../../build/gamepad_control/gamepad_control.egg-info/SOURCES.txt'
running build
running build_py
creating /home/roombazon/Desktop/rosWorkspace/build/gamepad_control/build
creating /home/roombazon/Desktop/rosWorkspace/build/gamepad_control/build/lib
creating /home/roombazon/Desktop/rosWorkspace/build/gamepad_control/build/lib/gamepad_control
copying gamepad_control/__init__.py -> /home/roombazon/Desktop/rosWorkspace/build/gamepad_control/build/lib/gamepad_control
running install
running install_lib
creating /home/roombazon/Desktop/rosWorkspace/install/gamepad_control/lib/python3.10/site-packages/gamepad_control
copying /home/roombazon/Desktop/rosWorkspace/build/gamepad_control/build/lib/gamepad_control/__init__.py -> /home/roombazon/Desktop/rosWorkspace/install/gamepad_control/lib/python3.10/site-packages/gamepad_control
byte-compiling /home/roombazon/Desktop/rosWorkspace/install/gamepad_control/lib/python3.10/site-packages/gamepad_control/__init__.py to __init__.cpython-310.pyc
running install_data
creating /home/roombazon/Desktop/rosWorkspace/install/gamepad_control/share/ament_index
creating /home/roombazon/Desktop/rosWorkspace/install/gamepad_control/share/ament_index/resource_index
creating /home/roombazon/Desktop/rosWorkspace/install/gamepad_control/share/ament_index/resource_index/packages
copying resource/gamepad_control -> /home/roombazon/Desktop/rosWorkspace/install/gamepad_control/share/ament_index/resource_index/packages
copying package.xml -> /home/roombazon/Desktop/rosWorkspace/install/gamepad_control/share/gamepad_control
running install_egg_info
Copying ../../build/gamepad_control/gamepad_control.egg-info to /home/roombazon/Desktop/rosWorkspace/install/gamepad_control/lib/python3.10/site-packages/gamepad_control-0.0.0-py3.10.egg-info
running install_scripts
writing list of installed files to '/home/roombazon/Desktop/rosWorkspace/build/gamepad_control/install.log'
