[4.299s] Invoking command in '/home/roombazon/Desktop/rosWorkspace/src/gamepad_control': PYTHONPATH=/home/roombazon/Desktop/rosWorkspace/build/gamepad_control/prefix_override:/usr/lib/python3/dist-packages/colcon_core/task/python/colcon_distutils_commands:/home/roombazon/Desktop/rosWorkspace/install/gamepad_control/lib/python3.10/site-packages:${PYTHONPATH} /usr/bin/python3 -W ignore:setup.py install is deprecated -W ignore:easy_install command is deprecated setup.py egg_info --egg-base ../../build/gamepad_control build --build-base /home/roombazon/Desktop/rosWorkspace/build/gamepad_control/build install --record /home/roombazon/Desktop/rosWorkspace/build/gamepad_control/install.log --single-version-externally-managed install_data
[5.721s] running egg_info
[5.724s] creating ../../build/gamepad_control/gamepad_control.egg-info
[5.725s] writing ../../build/gamepad_control/gamepad_control.egg-info/PKG-INFO
[5.726s] writing dependency_links to ../../build/gamepad_control/gamepad_control.egg-info/dependency_links.txt
[5.727s] writing entry points to ../../build/gamepad_control/gamepad_control.egg-info/entry_points.txt
[5.728s] writing requirements to ../../build/gamepad_control/gamepad_control.egg-info/requires.txt
[5.729s] writing top-level names to ../../build/gamepad_control/gamepad_control.egg-info/top_level.txt
[5.730s] writing manifest file '../../build/gamepad_control/gamepad_control.egg-info/SOURCES.txt'
[5.738s] reading manifest file '../../build/gamepad_control/gamepad_control.egg-info/SOURCES.txt'
[5.742s] writing manifest file '../../build/gamepad_control/gamepad_control.egg-info/SOURCES.txt'
[5.743s] running build
[5.743s] running build_py
[5.744s] creating /home/roombazon/Desktop/rosWorkspace/build/gamepad_control/build
[5.744s] creating /home/roombazon/Desktop/rosWorkspace/build/gamepad_control/build/lib
[5.745s] creating /home/roombazon/Desktop/rosWorkspace/build/gamepad_control/build/lib/gamepad_control
[5.746s] copying gamepad_control/__init__.py -> /home/roombazon/Desktop/rosWorkspace/build/gamepad_control/build/lib/gamepad_control
[5.747s] running install
[5.748s] running install_lib
[5.761s] creating /home/roombazon/Desktop/rosWorkspace/install/gamepad_control/lib/python3.10/site-packages/gamepad_control
[5.762s] copying /home/roombazon/Desktop/rosWorkspace/build/gamepad_control/build/lib/gamepad_control/__init__.py -> /home/roombazon/Desktop/rosWorkspace/install/gamepad_control/lib/python3.10/site-packages/gamepad_control
[5.768s] byte-compiling /home/roombazon/Desktop/rosWorkspace/install/gamepad_control/lib/python3.10/site-packages/gamepad_control/__init__.py to __init__.cpython-310.pyc
[5.769s] running install_data
[5.769s] creating /home/roombazon/Desktop/rosWorkspace/install/gamepad_control/share/ament_index
[5.770s] creating /home/roombazon/Desktop/rosWorkspace/install/gamepad_control/share/ament_index/resource_index
[5.770s] creating /home/roombazon/Desktop/rosWorkspace/install/gamepad_control/share/ament_index/resource_index/packages
[5.771s] copying resource/gamepad_control -> /home/roombazon/Desktop/rosWorkspace/install/gamepad_control/share/ament_index/resource_index/packages
[5.771s] copying package.xml -> /home/roombazon/Desktop/rosWorkspace/install/gamepad_control/share/gamepad_control
[5.772s] running install_egg_info
[5.778s] Copying ../../build/gamepad_control/gamepad_control.egg-info to /home/roombazon/Desktop/rosWorkspace/install/gamepad_control/lib/python3.10/site-packages/gamepad_control-0.0.0-py3.10.egg-info
[5.786s] running install_scripts
[5.897s] writing list of installed files to '/home/roombazon/Desktop/rosWorkspace/build/gamepad_control/install.log'
[6.034s] Invoked command in '/home/roombazon/Desktop/rosWorkspace/src/gamepad_control' returned '0': PYTHONPATH=/home/roombazon/Desktop/rosWorkspace/build/gamepad_control/prefix_override:/usr/lib/python3/dist-packages/colcon_core/task/python/colcon_distutils_commands:/home/roombazon/Desktop/rosWorkspace/install/gamepad_control/lib/python3.10/site-packages:${PYTHONPATH} /usr/bin/python3 -W ignore:setup.py install is deprecated -W ignore:easy_install command is deprecated setup.py egg_info --egg-base ../../build/gamepad_control build --build-base /home/roombazon/Desktop/rosWorkspace/build/gamepad_control/build install --record /home/roombazon/Desktop/rosWorkspace/build/gamepad_control/install.log --single-version-externally-managed install_data
