[11.862s] Invoking command in '/home/roombazon/Desktop/rosWorkspace/src/odometry_publisher': PYTHONPATH=/home/roombazon/Desktop/rosWorkspace/build/odometry_publisher/prefix_override:/usr/lib/python3/dist-packages/colcon_core/task/python/colcon_distutils_commands:/home/roombazon/Desktop/rosWorkspace/install/odometry_publisher/lib/python3.10/site-packages:${PYTHONPATH} /usr/bin/python3 -W ignore:setup.py install is deprecated -W ignore:easy_install command is deprecated setup.py egg_info --egg-base ../../build/odometry_publisher build --build-base /home/roombazon/Desktop/rosWorkspace/build/odometry_publisher/build install --record /home/roombazon/Desktop/rosWorkspace/build/odometry_publisher/install.log --single-version-externally-managed install_data
[15.032s] running egg_info
[15.037s] writing ../../build/odometry_publisher/odometry_publisher.egg-info/PKG-INFO
[15.040s] writing dependency_links to ../../build/odometry_publisher/odometry_publisher.egg-info/dependency_links.txt
[15.042s] writing entry points to ../../build/odometry_publisher/odometry_publisher.egg-info/entry_points.txt
[15.044s] writing requirements to ../../build/odometry_publisher/odometry_publisher.egg-info/requires.txt
[15.046s] writing top-level names to ../../build/odometry_publisher/odometry_publisher.egg-info/top_level.txt
[15.072s] reading manifest file '../../build/odometry_publisher/odometry_publisher.egg-info/SOURCES.txt'
[15.089s] writing manifest file '../../build/odometry_publisher/odometry_publisher.egg-info/SOURCES.txt'
[15.091s] running build
[15.092s] running build_py
[15.102s] copying odometry_publisher/serial_odom_node.py -> /home/roombazon/Desktop/rosWorkspace/build/odometry_publisher/build/lib/odometry_publisher
[15.116s] running install
[15.118s] running install_lib
[15.122s] copying /home/roombazon/Desktop/rosWorkspace/build/odometry_publisher/build/lib/odometry_publisher/serial_odom_node.py -> /home/roombazon/Desktop/rosWorkspace/install/odometry_publisher/lib/python3.10/site-packages/odometry_publisher
[15.132s] byte-compiling /home/roombazon/Desktop/rosWorkspace/install/odometry_publisher/lib/python3.10/site-packages/odometry_publisher/serial_odom_node.py to serial_odom_node.cpython-310.pyc
[15.150s] running install_data
[15.158s] running install_egg_info
[15.163s] removing '/home/roombazon/Desktop/rosWorkspace/install/odometry_publisher/lib/python3.10/site-packages/odometry_publisher-0.0.0-py3.10.egg-info' (and everything under it)
[15.166s] Copying ../../build/odometry_publisher/odometry_publisher.egg-info to /home/roombazon/Desktop/rosWorkspace/install/odometry_publisher/lib/python3.10/site-packages/odometry_publisher-0.0.0-py3.10.egg-info
[15.173s] running install_scripts
[15.305s] Installing joystick_node script to /home/roombazon/Desktop/rosWorkspace/install/odometry_publisher/lib/odometry_publisher
[15.307s] Installing odometry_publisher script to /home/roombazon/Desktop/rosWorkspace/install/odometry_publisher/lib/odometry_publisher
[15.309s] Installing serial_odom script to /home/roombazon/Desktop/rosWorkspace/install/odometry_publisher/lib/odometry_publisher
[15.312s] writing list of installed files to '/home/roombazon/Desktop/rosWorkspace/build/odometry_publisher/install.log'
[15.537s] Invoked command in '/home/roombazon/Desktop/rosWorkspace/src/odometry_publisher' returned '0': PYTHONPATH=/home/roombazon/Desktop/rosWorkspace/build/odometry_publisher/prefix_override:/usr/lib/python3/dist-packages/colcon_core/task/python/colcon_distutils_commands:/home/roombazon/Desktop/rosWorkspace/install/odometry_publisher/lib/python3.10/site-packages:${PYTHONPATH} /usr/bin/python3 -W ignore:setup.py install is deprecated -W ignore:easy_install command is deprecated setup.py egg_info --egg-base ../../build/odometry_publisher build --build-base /home/roombazon/Desktop/rosWorkspace/build/odometry_publisher/build install --record /home/roombazon/Desktop/rosWorkspace/build/odometry_publisher/install.log --single-version-externally-managed install_data
