[5.025s] Invoking command in '/home/roombazon/Desktop/rosWorkspace/src/controller': PYTHONPATH=/home/roombazon/Desktop/rosWorkspace/build/controller/prefix_override:/usr/lib/python3/dist-packages/colcon_core/task/python/colcon_distutils_commands:/home/roombazon/Desktop/rosWorkspace/install/controller/lib/python3.10/site-packages:${PYTHONPATH} /usr/bin/python3 -W ignore:setup.py install is deprecated -W ignore:easy_install command is deprecated setup.py egg_info --egg-base ../../build/controller build --build-base /home/roombazon/Desktop/rosWorkspace/build/controller/build install --record /home/roombazon/Desktop/rosWorkspace/build/controller/install.log --single-version-externally-managed install_data
[6.380s] running egg_info
[6.383s] writing ../../build/controller/controller.egg-info/PKG-INFO
[6.383s] writing dependency_links to ../../build/controller/controller.egg-info/dependency_links.txt
[6.384s] writing entry points to ../../build/controller/controller.egg-info/entry_points.txt
[6.385s] writing requirements to ../../build/controller/controller.egg-info/requires.txt
[6.386s] writing top-level names to ../../build/controller/controller.egg-info/top_level.txt
[6.404s] reading manifest file '../../build/controller/controller.egg-info/SOURCES.txt'
[6.404s] writing manifest file '../../build/controller/controller.egg-info/SOURCES.txt'
[6.405s] running build
[6.406s] running build_py
[6.407s] running install
[6.407s] running install_lib
[6.412s] running install_data
[6.413s] running install_egg_info
[6.421s] removing '/home/roombazon/Desktop/rosWorkspace/install/controller/lib/python3.10/site-packages/controller-0.0.0-py3.10.egg-info' (and everything under it)
[6.423s] Copying ../../build/controller/controller.egg-info to /home/roombazon/Desktop/rosWorkspace/install/controller/lib/python3.10/site-packages/controller-0.0.0-py3.10.egg-info
[6.430s] running install_scripts
[6.531s] Installing gamepad_controller script to /home/roombazon/Desktop/rosWorkspace/install/controller/lib/controller
[6.533s] Installing joystick_serial script to /home/roombazon/Desktop/rosWorkspace/install/controller/lib/controller
[6.537s] writing list of installed files to '/home/roombazon/Desktop/rosWorkspace/build/controller/install.log'
[6.738s] Invoked command in '/home/roombazon/Desktop/rosWorkspace/src/controller' returned '0': PYTHONPATH=/home/roombazon/Desktop/rosWorkspace/build/controller/prefix_override:/usr/lib/python3/dist-packages/colcon_core/task/python/colcon_distutils_commands:/home/roombazon/Desktop/rosWorkspace/install/controller/lib/python3.10/site-packages:${PYTHONPATH} /usr/bin/python3 -W ignore:setup.py install is deprecated -W ignore:easy_install command is deprecated setup.py egg_info --egg-base ../../build/controller build --build-base /home/roombazon/Desktop/rosWorkspace/build/controller/build install --record /home/roombazon/Desktop/rosWorkspace/build/controller/install.log --single-version-externally-managed install_data
