[4.922s] Invoking command in '/home/roombazon/Desktop/rosWorkspace/src/gamepad_control': PYTHONPATH=/home/roombazon/Desktop/rosWorkspace/build/gamepad_control/prefix_override:/usr/lib/python3/dist-packages/colcon_core/task/python/colcon_distutils_commands:/home/roombazon/Desktop/rosWorkspace/install/gamepad_control/lib/python3.10/site-packages:${PYTHONPATH} /usr/bin/python3 -W ignore:setup.py install is deprecated -W ignore:easy_install command is deprecated setup.py egg_info --egg-base ../../build/gamepad_control build --build-base /home/roombazon/Desktop/rosWorkspace/build/gamepad_control/build install --record /home/roombazon/Desktop/rosWorkspace/build/gamepad_control/install.log --single-version-externally-managed install_data
[6.286s] running egg_info
[6.289s] writing ../../build/gamepad_control/gamepad_control.egg-info/PKG-INFO
[6.291s] writing dependency_links to ../../build/gamepad_control/gamepad_control.egg-info/dependency_links.txt
[6.292s] writing entry points to ../../build/gamepad_control/gamepad_control.egg-info/entry_points.txt
[6.293s] writing requirements to ../../build/gamepad_control/gamepad_control.egg-info/requires.txt
[6.294s] writing top-level names to ../../build/gamepad_control/gamepad_control.egg-info/top_level.txt
[6.305s] reading manifest file '../../build/gamepad_control/gamepad_control.egg-info/SOURCES.txt'
[6.309s] writing manifest file '../../build/gamepad_control/gamepad_control.egg-info/SOURCES.txt'
[6.310s] running build
[6.311s] running build_py
[6.315s] running install
[6.316s] running install_lib
[6.324s] running install_data
[6.325s] running install_egg_info
[6.333s] removing '/home/roombazon/Desktop/rosWorkspace/install/gamepad_control/lib/python3.10/site-packages/gamepad_control-0.0.0-py3.10.egg-info' (and everything under it)
[6.336s] Copying ../../build/gamepad_control/gamepad_control.egg-info to /home/roombazon/Desktop/rosWorkspace/install/gamepad_control/lib/python3.10/site-packages/gamepad_control-0.0.0-py3.10.egg-info
[6.342s] running install_scripts
[6.435s] Installing gamepad_control script to /home/roombazon/Desktop/rosWorkspace/install/gamepad_control/lib/gamepad_control
[6.437s] writing list of installed files to '/home/roombazon/Desktop/rosWorkspace/build/gamepad_control/install.log'
[6.612s] Invoked command in '/home/roombazon/Desktop/rosWorkspace/src/gamepad_control' returned '0': PYTHONPATH=/home/roombazon/Desktop/rosWorkspace/build/gamepad_control/prefix_override:/usr/lib/python3/dist-packages/colcon_core/task/python/colcon_distutils_commands:/home/roombazon/Desktop/rosWorkspace/install/gamepad_control/lib/python3.10/site-packages:${PYTHONPATH} /usr/bin/python3 -W ignore:setup.py install is deprecated -W ignore:easy_install command is deprecated setup.py egg_info --egg-base ../../build/gamepad_control build --build-base /home/roombazon/Desktop/rosWorkspace/build/gamepad_control/build install --record /home/roombazon/Desktop/rosWorkspace/build/gamepad_control/install.log --single-version-externally-managed install_data
