[0.463s] DEBUG:colcon:Command line arguments: ['/usr/bin/colcon', 'build']
[0.464s] DEBUG:colcon:Parsed command line arguments: Namespace(log_base=None, log_level=None, verb_name='build', build_base='build', install_base='install', merge_install=False, symlink_install=False, test_result_base=None, continue_on_error=False, executor='parallel', parallel_workers=4, event_handlers=None, ignore_user_meta=False, metas=['./colcon.meta'], base_paths=['.'], packages_ignore=None, packages_ignore_regex=None, paths=None, packages_up_to=None, packages_up_to_regex=None, packages_above=None, packages_above_and_dependencies=None, packages_above_depth=None, packages_select_by_dep=None, packages_skip_by_dep=None, packages_skip_up_to=None, packages_select_build_failed=False, packages_skip_build_finished=False, packages_select_test_failures=False, packages_skip_test_passed=False, packages_select=None, packages_skip=None, packages_select_regex=None, packages_skip_regex=None, packages_start=None, packages_end=None, allow_overriding=[], cmake_args=None, cmake_target=None, cmake_target_skip_unavailable=False, cmake_clean_cache=False, cmake_clean_first=False, cmake_force_configure=False, ament_cmake_args=None, catkin_cmake_args=None, catkin_skip_building_tests=False, mixin_files=None, mixin=None, verb_parser=<colcon_mixin.mixin.mixin_argument.MixinArgumentDecorator object at 0xffff87d22050>, verb_extension=<colcon_core.verb.build.BuildVerb object at 0xffff87ed2fe0>, main=<bound method BuildVerb.main of <colcon_core.verb.build.BuildVerb object at 0xffff87ed2fe0>>, mixin_verb=('build',))
[1.346s] Level 1:colcon.colcon_core.package_discovery:discover_packages(colcon_meta) check parameters
[1.347s] Level 1:colcon.colcon_core.package_discovery:discover_packages(recursive) check parameters
[1.353s] Level 1:colcon.colcon_core.package_discovery:discover_packages(ignore) check parameters
[1.353s] Level 1:colcon.colcon_core.package_discovery:discover_packages(path) check parameters
[1.353s] Level 1:colcon.colcon_core.package_discovery:discover_packages(colcon_meta) discover
[1.353s] Level 1:colcon.colcon_core.package_discovery:discover_packages(recursive) discover
[1.353s] INFO:colcon.colcon_core.package_discovery:Crawling recursively for packages in '/home/roombazon/Desktop/rosWorkspace'
[1.354s] Level 1:colcon.colcon_core.package_identification:_identify(.) by extensions ['ignore', 'ignore_ament_install']
[1.355s] Level 1:colcon.colcon_core.package_identification:_identify(.) by extension 'ignore'
[1.355s] Level 1:colcon.colcon_core.package_identification:_identify(.) by extension 'ignore_ament_install'
[1.356s] Level 1:colcon.colcon_core.package_identification:_identify(.) by extensions ['colcon_pkg']
[1.356s] Level 1:colcon.colcon_core.package_identification:_identify(.) by extension 'colcon_pkg'
[1.356s] Level 1:colcon.colcon_core.package_identification:_identify(.) by extensions ['colcon_meta']
[1.356s] Level 1:colcon.colcon_core.package_identification:_identify(.) by extension 'colcon_meta'
[1.356s] Level 1:colcon.colcon_core.package_identification:_identify(.) by extensions ['ros']
[1.357s] Level 1:colcon.colcon_core.package_identification:_identify(.) by extension 'ros'
[1.403s] Level 1:colcon.colcon_core.package_identification:_identify(.) by extensions ['cmake', 'python']
[1.403s] Level 1:colcon.colcon_core.package_identification:_identify(.) by extension 'cmake'
[1.403s] Level 1:colcon.colcon_core.package_identification:_identify(.) by extension 'python'
[1.403s] Level 1:colcon.colcon_core.package_identification:_identify(.) by extensions ['python_setup_py']
[1.403s] Level 1:colcon.colcon_core.package_identification:_identify(.) by extension 'python_setup_py'
[1.404s] Level 1:colcon.colcon_core.package_identification:_identify(build) by extensions ['ignore', 'ignore_ament_install']
[1.404s] Level 1:colcon.colcon_core.package_identification:_identify(build) by extension 'ignore'
[1.404s] Level 1:colcon.colcon_core.package_identification:_identify(build) ignored
[1.405s] Level 1:colcon.colcon_core.package_identification:_identify(install) by extensions ['ignore', 'ignore_ament_install']
[1.405s] Level 1:colcon.colcon_core.package_identification:_identify(install) by extension 'ignore'
[1.406s] Level 1:colcon.colcon_core.package_identification:_identify(install) ignored
[1.406s] Level 1:colcon.colcon_core.package_identification:_identify(log) by extensions ['ignore', 'ignore_ament_install']
[1.406s] Level 1:colcon.colcon_core.package_identification:_identify(log) by extension 'ignore'
[1.407s] Level 1:colcon.colcon_core.package_identification:_identify(log) ignored
[1.407s] Level 1:colcon.colcon_core.package_identification:_identify(src) by extensions ['ignore', 'ignore_ament_install']
[1.407s] Level 1:colcon.colcon_core.package_identification:_identify(src) by extension 'ignore'
[1.407s] Level 1:colcon.colcon_core.package_identification:_identify(src) by extension 'ignore_ament_install'
[1.408s] Level 1:colcon.colcon_core.package_identification:_identify(src) by extensions ['colcon_pkg']
[1.408s] Level 1:colcon.colcon_core.package_identification:_identify(src) by extension 'colcon_pkg'
[1.408s] Level 1:colcon.colcon_core.package_identification:_identify(src) by extensions ['colcon_meta']
[1.408s] Level 1:colcon.colcon_core.package_identification:_identify(src) by extension 'colcon_meta'
[1.408s] Level 1:colcon.colcon_core.package_identification:_identify(src) by extensions ['ros']
[1.408s] Level 1:colcon.colcon_core.package_identification:_identify(src) by extension 'ros'
[1.409s] Level 1:colcon.colcon_core.package_identification:_identify(src) by extensions ['cmake', 'python']
[1.409s] Level 1:colcon.colcon_core.package_identification:_identify(src) by extension 'cmake'
[1.409s] Level 1:colcon.colcon_core.package_identification:_identify(src) by extension 'python'
[1.409s] Level 1:colcon.colcon_core.package_identification:_identify(src) by extensions ['python_setup_py']
[1.409s] Level 1:colcon.colcon_core.package_identification:_identify(src) by extension 'python_setup_py'
[1.410s] Level 1:colcon.colcon_core.package_identification:_identify(src/controller) by extensions ['ignore', 'ignore_ament_install']
[1.410s] Level 1:colcon.colcon_core.package_identification:_identify(src/controller) by extension 'ignore'
[1.410s] Level 1:colcon.colcon_core.package_identification:_identify(src/controller) by extension 'ignore_ament_install'
[1.410s] Level 1:colcon.colcon_core.package_identification:_identify(src/controller) by extensions ['colcon_pkg']
[1.410s] Level 1:colcon.colcon_core.package_identification:_identify(src/controller) by extension 'colcon_pkg'
[1.411s] Level 1:colcon.colcon_core.package_identification:_identify(src/controller) by extensions ['colcon_meta']
[1.411s] Level 1:colcon.colcon_core.package_identification:_identify(src/controller) by extension 'colcon_meta'
[1.411s] Level 1:colcon.colcon_core.package_identification:_identify(src/controller) by extensions ['ros']
[1.411s] Level 1:colcon.colcon_core.package_identification:_identify(src/controller) by extension 'ros'
[1.420s] DEBUG:colcon.colcon_core.package_identification:Package 'src/controller' with type 'ros.ament_python' and name 'controller'
[1.420s] Level 1:colcon.colcon_core.package_identification:_identify(src/odometry_publisher) by extensions ['ignore', 'ignore_ament_install']
[1.421s] Level 1:colcon.colcon_core.package_identification:_identify(src/odometry_publisher) by extension 'ignore'
[1.421s] Level 1:colcon.colcon_core.package_identification:_identify(src/odometry_publisher) by extension 'ignore_ament_install'
[1.421s] Level 1:colcon.colcon_core.package_identification:_identify(src/odometry_publisher) by extensions ['colcon_pkg']
[1.421s] Level 1:colcon.colcon_core.package_identification:_identify(src/odometry_publisher) by extension 'colcon_pkg'
[1.422s] Level 1:colcon.colcon_core.package_identification:_identify(src/odometry_publisher) by extensions ['colcon_meta']
[1.422s] Level 1:colcon.colcon_core.package_identification:_identify(src/odometry_publisher) by extension 'colcon_meta'
[1.422s] Level 1:colcon.colcon_core.package_identification:_identify(src/odometry_publisher) by extensions ['ros']
[1.422s] Level 1:colcon.colcon_core.package_identification:_identify(src/odometry_publisher) by extension 'ros'
[1.424s] DEBUG:colcon.colcon_core.package_identification:Package 'src/odometry_publisher' with type 'ros.ament_python' and name 'odometry_publisher'
[1.425s] Level 1:colcon.colcon_core.package_identification:_identify(src/rplidar_ros) by extensions ['ignore', 'ignore_ament_install']
[1.425s] Level 1:colcon.colcon_core.package_identification:_identify(src/rplidar_ros) by extension 'ignore'
[1.425s] Level 1:colcon.colcon_core.package_identification:_identify(src/rplidar_ros) by extension 'ignore_ament_install'
[1.426s] Level 1:colcon.colcon_core.package_identification:_identify(src/rplidar_ros) by extensions ['colcon_pkg']
[1.426s] Level 1:colcon.colcon_core.package_identification:_identify(src/rplidar_ros) by extension 'colcon_pkg'
[1.426s] Level 1:colcon.colcon_core.package_identification:_identify(src/rplidar_ros) by extensions ['colcon_meta']
[1.426s] Level 1:colcon.colcon_core.package_identification:_identify(src/rplidar_ros) by extension 'colcon_meta'
[1.426s] Level 1:colcon.colcon_core.package_identification:_identify(src/rplidar_ros) by extensions ['ros']
[1.426s] Level 1:colcon.colcon_core.package_identification:_identify(src/rplidar_ros) by extension 'ros'
[1.429s] DEBUG:colcon.colcon_core.package_identification:Package 'src/rplidar_ros' with type 'ros.ament_cmake' and name 'rplidar_ros'
[1.430s] Level 1:colcon.colcon_core.package_discovery:discover_packages(recursive) using defaults
[1.430s] Level 1:colcon.colcon_core.package_discovery:discover_packages(ignore) discover
[1.430s] Level 1:colcon.colcon_core.package_discovery:discover_packages(ignore) using defaults
[1.430s] Level 1:colcon.colcon_core.package_discovery:discover_packages(path) discover
[1.430s] Level 1:colcon.colcon_core.package_discovery:discover_packages(path) using defaults
[1.548s] Level 1:colcon.colcon_core.package_discovery:discover_packages(prefix_path) check parameters
[1.548s] Level 1:colcon.colcon_core.package_discovery:discover_packages(prefix_path) discover
[1.557s] DEBUG:colcon.colcon_installed_package_information.package_discovery:Found 3 installed packages in /home/roombazon/Desktop/rosWorkspace/install
[1.567s] DEBUG:colcon.colcon_installed_package_information.package_discovery:Found 338 installed packages in /opt/ros/humble
[1.575s] Level 1:colcon.colcon_core.package_discovery:discover_packages(prefix_path) using defaults
[1.769s] Level 5:colcon.colcon_core.verb:set package 'controller' build argument 'cmake_args' from command line to 'None'
[1.769s] Level 5:colcon.colcon_core.verb:set package 'controller' build argument 'cmake_target' from command line to 'None'
[1.769s] Level 5:colcon.colcon_core.verb:set package 'controller' build argument 'cmake_target_skip_unavailable' from command line to 'False'
[1.769s] Level 5:colcon.colcon_core.verb:set package 'controller' build argument 'cmake_clean_cache' from command line to 'False'
[1.769s] Level 5:colcon.colcon_core.verb:set package 'controller' build argument 'cmake_clean_first' from command line to 'False'
[1.770s] Level 5:colcon.colcon_core.verb:set package 'controller' build argument 'cmake_force_configure' from command line to 'False'
[1.770s] Level 5:colcon.colcon_core.verb:set package 'controller' build argument 'ament_cmake_args' from command line to 'None'
[1.770s] Level 5:colcon.colcon_core.verb:set package 'controller' build argument 'catkin_cmake_args' from command line to 'None'
[1.770s] Level 5:colcon.colcon_core.verb:set package 'controller' build argument 'catkin_skip_building_tests' from command line to 'False'
[1.770s] DEBUG:colcon.colcon_core.verb:Building package 'controller' with the following arguments: {'ament_cmake_args': None, 'build_base': '/home/roombazon/Desktop/rosWorkspace/build/controller', 'catkin_cmake_args': None, 'catkin_skip_building_tests': False, 'cmake_args': None, 'cmake_clean_cache': False, 'cmake_clean_first': False, 'cmake_force_configure': False, 'cmake_target': None, 'cmake_target_skip_unavailable': False, 'install_base': '/home/roombazon/Desktop/rosWorkspace/install/controller', 'merge_install': False, 'path': '/home/roombazon/Desktop/rosWorkspace/src/controller', 'symlink_install': False, 'test_result_base': None}
[1.772s] Level 5:colcon.colcon_core.verb:set package 'odometry_publisher' build argument 'cmake_args' from command line to 'None'
[1.772s] Level 5:colcon.colcon_core.verb:set package 'odometry_publisher' build argument 'cmake_target' from command line to 'None'
[1.772s] Level 5:colcon.colcon_core.verb:set package 'odometry_publisher' build argument 'cmake_target_skip_unavailable' from command line to 'False'
[1.772s] Level 5:colcon.colcon_core.verb:set package 'odometry_publisher' build argument 'cmake_clean_cache' from command line to 'False'
[1.772s] Level 5:colcon.colcon_core.verb:set package 'odometry_publisher' build argument 'cmake_clean_first' from command line to 'False'
[1.772s] Level 5:colcon.colcon_core.verb:set package 'odometry_publisher' build argument 'cmake_force_configure' from command line to 'False'
[1.772s] Level 5:colcon.colcon_core.verb:set package 'odometry_publisher' build argument 'ament_cmake_args' from command line to 'None'
[1.772s] Level 5:colcon.colcon_core.verb:set package 'odometry_publisher' build argument 'catkin_cmake_args' from command line to 'None'
[1.772s] Level 5:colcon.colcon_core.verb:set package 'odometry_publisher' build argument 'catkin_skip_building_tests' from command line to 'False'
[1.773s] DEBUG:colcon.colcon_core.verb:Building package 'odometry_publisher' with the following arguments: {'ament_cmake_args': None, 'build_base': '/home/roombazon/Desktop/rosWorkspace/build/odometry_publisher', 'catkin_cmake_args': None, 'catkin_skip_building_tests': False, 'cmake_args': None, 'cmake_clean_cache': False, 'cmake_clean_first': False, 'cmake_force_configure': False, 'cmake_target': None, 'cmake_target_skip_unavailable': False, 'install_base': '/home/roombazon/Desktop/rosWorkspace/install/odometry_publisher', 'merge_install': False, 'path': '/home/roombazon/Desktop/rosWorkspace/src/odometry_publisher', 'symlink_install': False, 'test_result_base': None}
[1.774s] Level 5:colcon.colcon_core.verb:set package 'rplidar_ros' build argument 'cmake_args' from command line to 'None'
[1.774s] Level 5:colcon.colcon_core.verb:set package 'rplidar_ros' build argument 'cmake_target' from command line to 'None'
[1.774s] Level 5:colcon.colcon_core.verb:set package 'rplidar_ros' build argument 'cmake_target_skip_unavailable' from command line to 'False'
[1.774s] Level 5:colcon.colcon_core.verb:set package 'rplidar_ros' build argument 'cmake_clean_cache' from command line to 'False'
[1.774s] Level 5:colcon.colcon_core.verb:set package 'rplidar_ros' build argument 'cmake_clean_first' from command line to 'False'
[1.775s] Level 5:colcon.colcon_core.verb:set package 'rplidar_ros' build argument 'cmake_force_configure' from command line to 'False'
[1.775s] Level 5:colcon.colcon_core.verb:set package 'rplidar_ros' build argument 'ament_cmake_args' from command line to 'None'
[1.775s] Level 5:colcon.colcon_core.verb:set package 'rplidar_ros' build argument 'catkin_cmake_args' from command line to 'None'
[1.775s] Level 5:colcon.colcon_core.verb:set package 'rplidar_ros' build argument 'catkin_skip_building_tests' from command line to 'False'
[1.775s] DEBUG:colcon.colcon_core.verb:Building package 'rplidar_ros' with the following arguments: {'ament_cmake_args': None, 'build_base': '/home/roombazon/Desktop/rosWorkspace/build/rplidar_ros', 'catkin_cmake_args': None, 'catkin_skip_building_tests': False, 'cmake_args': None, 'cmake_clean_cache': False, 'cmake_clean_first': False, 'cmake_force_configure': False, 'cmake_target': None, 'cmake_target_skip_unavailable': False, 'install_base': '/home/roombazon/Desktop/rosWorkspace/install/rplidar_ros', 'merge_install': False, 'path': '/home/roombazon/Desktop/rosWorkspace/src/rplidar_ros', 'symlink_install': False, 'test_result_base': None}
[1.775s] INFO:colcon.colcon_core.executor:Executing jobs using 'parallel' executor
[1.779s] DEBUG:colcon.colcon_parallel_executor.executor.parallel:run_until_complete
[1.779s] INFO:colcon.colcon_ros.task.ament_python.build:Building ROS package in '/home/roombazon/Desktop/rosWorkspace/src/controller' with build type 'ament_python'
[1.780s] Level 1:colcon.colcon_core.shell:create_environment_hook('controller', 'ament_prefix_path')
[1.789s] INFO:colcon.colcon_core.plugin_system:Skipping extension 'colcon_core.shell.bat': Not used on non-Windows systems
[1.790s] INFO:colcon.colcon_core.shell:Creating environment hook '/home/roombazon/Desktop/rosWorkspace/install/controller/share/controller/hook/ament_prefix_path.ps1'
[1.793s] INFO:colcon.colcon_core.shell:Creating environment descriptor '/home/roombazon/Desktop/rosWorkspace/install/controller/share/controller/hook/ament_prefix_path.dsv'
[1.798s] INFO:colcon.colcon_core.shell:Creating environment hook '/home/roombazon/Desktop/rosWorkspace/install/controller/share/controller/hook/ament_prefix_path.sh'
[1.808s] INFO:colcon.colcon_core.shell:Skip shell extension 'powershell' for command environment: Not usable outside of PowerShell
[1.809s] DEBUG:colcon.colcon_core.shell:Skip shell extension 'dsv' for command environment
[1.834s] INFO:colcon.colcon_ros.task.ament_python.build:Building ROS package in '/home/roombazon/Desktop/rosWorkspace/src/odometry_publisher' with build type 'ament_python'
[1.835s] Level 1:colcon.colcon_core.shell:create_environment_hook('odometry_publisher', 'ament_prefix_path')
[1.836s] INFO:colcon.colcon_core.shell:Creating environment hook '/home/roombazon/Desktop/rosWorkspace/install/odometry_publisher/share/odometry_publisher/hook/ament_prefix_path.ps1'
[1.839s] INFO:colcon.colcon_core.shell:Creating environment descriptor '/home/roombazon/Desktop/rosWorkspace/install/odometry_publisher/share/odometry_publisher/hook/ament_prefix_path.dsv'
[1.841s] INFO:colcon.colcon_core.shell:Creating environment hook '/home/roombazon/Desktop/rosWorkspace/install/odometry_publisher/share/odometry_publisher/hook/ament_prefix_path.sh'
[1.845s] INFO:colcon.colcon_core.shell:Skip shell extension 'powershell' for command environment: Not usable outside of PowerShell
[1.845s] DEBUG:colcon.colcon_core.shell:Skip shell extension 'dsv' for command environment
[1.881s] INFO:colcon.colcon_ros.task.ament_cmake.build:Building ROS package in '/home/roombazon/Desktop/rosWorkspace/src/rplidar_ros' with build type 'ament_cmake'
[1.882s] INFO:colcon.colcon_cmake.task.cmake.build:Building CMake package in '/home/roombazon/Desktop/rosWorkspace/src/rplidar_ros'
[1.883s] INFO:colcon.colcon_core.shell:Skip shell extension 'powershell' for command environment: Not usable outside of PowerShell
[1.884s] DEBUG:colcon.colcon_core.shell:Skip shell extension 'dsv' for command environment
[3.229s] INFO:colcon.colcon_core.task.python.build:Building Python package in '/home/roombazon/Desktop/rosWorkspace/src/controller'
[3.230s] INFO:colcon.colcon_core.shell:Skip shell extension 'powershell' for command environment: Not usable outside of PowerShell
[3.230s] DEBUG:colcon.colcon_core.shell:Skip shell extension 'dsv' for command environment
[4.523s] INFO:colcon.colcon_core.task.python.build:Building Python package in '/home/roombazon/Desktop/rosWorkspace/src/odometry_publisher'
[4.525s] INFO:colcon.colcon_core.shell:Skip shell extension 'powershell' for command environment: Not usable outside of PowerShell
[4.525s] DEBUG:colcon.colcon_core.shell:Skip shell extension 'dsv' for command environment
[4.561s] DEBUG:colcon.colcon_core.event_handler.log_command:Invoking command in '/home/roombazon/Desktop/rosWorkspace/build/rplidar_ros': CMAKE_PREFIX_PATH=${CMAKE_PREFIX_PATH}:/home/roombazon/Desktop/rosWorkspace/install/odometry_publisher:/home/roombazon/Desktop/rosWorkspace/install/controller:/opt/ros/humble /usr/bin/cmake --build /home/roombazon/Desktop/rosWorkspace/build/rplidar_ros -- -j4 -l4
[5.003s] DEBUG:colcon.colcon_core.event_handler.log_command:Invoked command in '/home/roombazon/Desktop/rosWorkspace/build/rplidar_ros' returned '0': CMAKE_PREFIX_PATH=${CMAKE_PREFIX_PATH}:/home/roombazon/Desktop/rosWorkspace/install/odometry_publisher:/home/roombazon/Desktop/rosWorkspace/install/controller:/opt/ros/humble /usr/bin/cmake --build /home/roombazon/Desktop/rosWorkspace/build/rplidar_ros -- -j4 -l4
[5.052s] DEBUG:colcon.colcon_core.event_handler.log_command:Invoking command in '/home/roombazon/Desktop/rosWorkspace/build/rplidar_ros': CMAKE_PREFIX_PATH=${CMAKE_PREFIX_PATH}:/home/roombazon/Desktop/rosWorkspace/install/odometry_publisher:/home/roombazon/Desktop/rosWorkspace/install/controller:/opt/ros/humble /usr/bin/cmake --install /home/roombazon/Desktop/rosWorkspace/build/rplidar_ros
[5.136s] Level 1:colcon.colcon_core.environment:create_environment_scripts_only(rplidar_ros)
[5.138s] DEBUG:colcon.colcon_core.event_handler.log_command:Invoked command in '/home/roombazon/Desktop/rosWorkspace/build/rplidar_ros' returned '0': CMAKE_PREFIX_PATH=${CMAKE_PREFIX_PATH}:/home/roombazon/Desktop/rosWorkspace/install/odometry_publisher:/home/roombazon/Desktop/rosWorkspace/install/controller:/opt/ros/humble /usr/bin/cmake --install /home/roombazon/Desktop/rosWorkspace/build/rplidar_ros
[5.151s] Level 1:colcon.colcon_core.environment:checking '/home/roombazon/Desktop/rosWorkspace/install/rplidar_ros' for CMake module files
[5.155s] Level 1:colcon.colcon_core.environment:checking '/home/roombazon/Desktop/rosWorkspace/install/rplidar_ros' for CMake config files
[5.156s] Level 1:colcon.colcon_core.shell:create_environment_hook('rplidar_ros', 'cmake_prefix_path')
[5.158s] INFO:colcon.colcon_core.shell:Creating environment hook '/home/roombazon/Desktop/rosWorkspace/install/rplidar_ros/share/rplidar_ros/hook/cmake_prefix_path.ps1'
[5.160s] INFO:colcon.colcon_core.shell:Creating environment descriptor '/home/roombazon/Desktop/rosWorkspace/install/rplidar_ros/share/rplidar_ros/hook/cmake_prefix_path.dsv'
[5.163s] INFO:colcon.colcon_core.shell:Creating environment hook '/home/roombazon/Desktop/rosWorkspace/install/rplidar_ros/share/rplidar_ros/hook/cmake_prefix_path.sh'
[5.167s] Level 1:colcon.colcon_core.environment:checking '/home/roombazon/Desktop/rosWorkspace/install/rplidar_ros/lib'
[5.168s] Level 1:colcon.colcon_core.environment:checking '/home/roombazon/Desktop/rosWorkspace/install/rplidar_ros/bin'
[5.168s] Level 1:colcon.colcon_core.environment:checking '/home/roombazon/Desktop/rosWorkspace/install/rplidar_ros/lib/pkgconfig/rplidar_ros.pc'
[5.169s] Level 1:colcon.colcon_core.environment:checking '/home/roombazon/Desktop/rosWorkspace/install/rplidar_ros/lib/python3.10/site-packages'
[5.170s] Level 1:colcon.colcon_core.environment:checking '/home/roombazon/Desktop/rosWorkspace/install/rplidar_ros/bin'
[5.172s] INFO:colcon.colcon_core.shell:Creating package script '/home/roombazon/Desktop/rosWorkspace/install/rplidar_ros/share/rplidar_ros/package.ps1'
[5.176s] INFO:colcon.colcon_core.shell:Creating package descriptor '/home/roombazon/Desktop/rosWorkspace/install/rplidar_ros/share/rplidar_ros/package.dsv'
[5.179s] INFO:colcon.colcon_core.shell:Creating package script '/home/roombazon/Desktop/rosWorkspace/install/rplidar_ros/share/rplidar_ros/package.sh'
[5.183s] INFO:colcon.colcon_core.shell:Creating package script '/home/roombazon/Desktop/rosWorkspace/install/rplidar_ros/share/rplidar_ros/package.bash'
[5.187s] INFO:colcon.colcon_core.shell:Creating package script '/home/roombazon/Desktop/rosWorkspace/install/rplidar_ros/share/rplidar_ros/package.zsh'
[5.191s] Level 1:colcon.colcon_core.environment:create_file_with_runtime_dependencies(/home/roombazon/Desktop/rosWorkspace/install/rplidar_ros/share/colcon-core/packages/rplidar_ros)
[5.194s] Level 1:colcon.colcon_core.environment:create_environment_scripts_only(rplidar_ros)
[5.195s] Level 1:colcon.colcon_core.environment:checking '/home/roombazon/Desktop/rosWorkspace/install/rplidar_ros' for CMake module files
[5.199s] Level 1:colcon.colcon_core.environment:checking '/home/roombazon/Desktop/rosWorkspace/install/rplidar_ros' for CMake config files
[5.200s] Level 1:colcon.colcon_core.shell:create_environment_hook('rplidar_ros', 'cmake_prefix_path')
[5.202s] INFO:colcon.colcon_core.shell:Creating environment hook '/home/roombazon/Desktop/rosWorkspace/install/rplidar_ros/share/rplidar_ros/hook/cmake_prefix_path.ps1'
[5.204s] INFO:colcon.colcon_core.shell:Creating environment descriptor '/home/roombazon/Desktop/rosWorkspace/install/rplidar_ros/share/rplidar_ros/hook/cmake_prefix_path.dsv'
[5.208s] INFO:colcon.colcon_core.shell:Creating environment hook '/home/roombazon/Desktop/rosWorkspace/install/rplidar_ros/share/rplidar_ros/hook/cmake_prefix_path.sh'
[5.211s] Level 1:colcon.colcon_core.environment:checking '/home/roombazon/Desktop/rosWorkspace/install/rplidar_ros/lib'
[5.212s] Level 1:colcon.colcon_core.environment:checking '/home/roombazon/Desktop/rosWorkspace/install/rplidar_ros/bin'
[5.212s] Level 1:colcon.colcon_core.environment:checking '/home/roombazon/Desktop/rosWorkspace/install/rplidar_ros/lib/pkgconfig/rplidar_ros.pc'
[5.214s] Level 1:colcon.colcon_core.environment:checking '/home/roombazon/Desktop/rosWorkspace/install/rplidar_ros/lib/python3.10/site-packages'
[5.215s] Level 1:colcon.colcon_core.environment:checking '/home/roombazon/Desktop/rosWorkspace/install/rplidar_ros/bin'
[5.216s] INFO:colcon.colcon_core.shell:Creating package script '/home/roombazon/Desktop/rosWorkspace/install/rplidar_ros/share/rplidar_ros/package.ps1'
[5.223s] INFO:colcon.colcon_core.shell:Creating package descriptor '/home/roombazon/Desktop/rosWorkspace/install/rplidar_ros/share/rplidar_ros/package.dsv'
[5.226s] INFO:colcon.colcon_core.shell:Creating package script '/home/roombazon/Desktop/rosWorkspace/install/rplidar_ros/share/rplidar_ros/package.sh'
[5.229s] INFO:colcon.colcon_core.shell:Creating package script '/home/roombazon/Desktop/rosWorkspace/install/rplidar_ros/share/rplidar_ros/package.bash'
[5.231s] INFO:colcon.colcon_core.shell:Creating package script '/home/roombazon/Desktop/rosWorkspace/install/rplidar_ros/share/rplidar_ros/package.zsh'
[5.234s] Level 1:colcon.colcon_core.environment:create_file_with_runtime_dependencies(/home/roombazon/Desktop/rosWorkspace/install/rplidar_ros/share/colcon-core/packages/rplidar_ros)
[6.777s] DEBUG:colcon.colcon_core.event_handler.log_command:Invoking command in '/home/roombazon/Desktop/rosWorkspace/src/odometry_publisher': PYTHONPATH=/home/roombazon/Desktop/rosWorkspace/build/odometry_publisher/prefix_override:/usr/lib/python3/dist-packages/colcon_core/task/python/colcon_distutils_commands:/home/roombazon/Desktop/rosWorkspace/install/odometry_publisher/lib/python3.10/site-packages:${PYTHONPATH} /usr/bin/python3 -W ignore:setup.py install is deprecated -W ignore:easy_install command is deprecated setup.py egg_info --egg-base ../../build/odometry_publisher build --build-base /home/roombazon/Desktop/rosWorkspace/build/odometry_publisher/build install --record /home/roombazon/Desktop/rosWorkspace/build/odometry_publisher/install.log --single-version-externally-managed install_data
[6.791s] DEBUG:colcon.colcon_core.event_handler.log_command:Invoking command in '/home/roombazon/Desktop/rosWorkspace/src/controller': PYTHONPATH=/home/roombazon/Desktop/rosWorkspace/build/controller/prefix_override:/usr/lib/python3/dist-packages/colcon_core/task/python/colcon_distutils_commands:/home/roombazon/Desktop/rosWorkspace/install/controller/lib/python3.10/site-packages:${PYTHONPATH} /usr/bin/python3 -W ignore:setup.py install is deprecated -W ignore:easy_install command is deprecated setup.py egg_info --egg-base ../../build/controller build --build-base /home/roombazon/Desktop/rosWorkspace/build/controller/build install --record /home/roombazon/Desktop/rosWorkspace/build/controller/install.log --single-version-externally-managed install_data
[8.474s] Level 1:colcon.colcon_core.environment:checking '/home/roombazon/Desktop/rosWorkspace/install/odometry_publisher' for CMake module files
[8.477s] DEBUG:colcon.colcon_core.event_handler.log_command:Invoked command in '/home/roombazon/Desktop/rosWorkspace/src/odometry_publisher' returned '0': PYTHONPATH=/home/roombazon/Desktop/rosWorkspace/build/odometry_publisher/prefix_override:/usr/lib/python3/dist-packages/colcon_core/task/python/colcon_distutils_commands:/home/roombazon/Desktop/rosWorkspace/install/odometry_publisher/lib/python3.10/site-packages:${PYTHONPATH} /usr/bin/python3 -W ignore:setup.py install is deprecated -W ignore:easy_install command is deprecated setup.py egg_info --egg-base ../../build/odometry_publisher build --build-base /home/roombazon/Desktop/rosWorkspace/build/odometry_publisher/build install --record /home/roombazon/Desktop/rosWorkspace/build/odometry_publisher/install.log --single-version-externally-managed install_data
[8.479s] Level 1:colcon.colcon_core.environment:checking '/home/roombazon/Desktop/rosWorkspace/install/odometry_publisher' for CMake config files
[8.483s] Level 1:colcon.colcon_core.environment:checking '/home/roombazon/Desktop/rosWorkspace/install/odometry_publisher/lib'
[8.483s] Level 1:colcon.colcon_core.environment:checking '/home/roombazon/Desktop/rosWorkspace/install/odometry_publisher/bin'
[8.483s] Level 1:colcon.colcon_core.environment:checking '/home/roombazon/Desktop/rosWorkspace/install/odometry_publisher/lib/pkgconfig/odometry_publisher.pc'
[8.484s] Level 1:colcon.colcon_core.environment:checking '/home/roombazon/Desktop/rosWorkspace/install/odometry_publisher/lib/python3.10/site-packages'
[8.484s] Level 1:colcon.colcon_core.shell:create_environment_hook('odometry_publisher', 'pythonpath')
[8.485s] INFO:colcon.colcon_core.shell:Creating environment hook '/home/roombazon/Desktop/rosWorkspace/install/odometry_publisher/share/odometry_publisher/hook/pythonpath.ps1'
[8.487s] INFO:colcon.colcon_core.shell:Creating environment descriptor '/home/roombazon/Desktop/rosWorkspace/install/odometry_publisher/share/odometry_publisher/hook/pythonpath.dsv'
[8.490s] INFO:colcon.colcon_core.shell:Creating environment hook '/home/roombazon/Desktop/rosWorkspace/install/odometry_publisher/share/odometry_publisher/hook/pythonpath.sh'
[8.492s] Level 1:colcon.colcon_core.environment:checking '/home/roombazon/Desktop/rosWorkspace/install/odometry_publisher/bin'
[8.493s] Level 1:colcon.colcon_core.environment:create_environment_scripts_only(odometry_publisher)
[8.494s] INFO:colcon.colcon_core.shell:Creating package script '/home/roombazon/Desktop/rosWorkspace/install/odometry_publisher/share/odometry_publisher/package.ps1'
[8.497s] INFO:colcon.colcon_core.shell:Creating package descriptor '/home/roombazon/Desktop/rosWorkspace/install/odometry_publisher/share/odometry_publisher/package.dsv'
[8.499s] INFO:colcon.colcon_core.shell:Creating package script '/home/roombazon/Desktop/rosWorkspace/install/odometry_publisher/share/odometry_publisher/package.sh'
[8.501s] INFO:colcon.colcon_core.shell:Creating package script '/home/roombazon/Desktop/rosWorkspace/install/odometry_publisher/share/odometry_publisher/package.bash'
[8.503s] INFO:colcon.colcon_core.shell:Creating package script '/home/roombazon/Desktop/rosWorkspace/install/odometry_publisher/share/odometry_publisher/package.zsh'
[8.505s] Level 1:colcon.colcon_core.environment:create_file_with_runtime_dependencies(/home/roombazon/Desktop/rosWorkspace/install/odometry_publisher/share/colcon-core/packages/odometry_publisher)
[8.509s] Level 1:colcon.colcon_core.environment:checking '/home/roombazon/Desktop/rosWorkspace/install/controller' for CMake module files
[8.512s] DEBUG:colcon.colcon_core.event_handler.log_command:Invoked command in '/home/roombazon/Desktop/rosWorkspace/src/controller' returned '0': PYTHONPATH=/home/roombazon/Desktop/rosWorkspace/build/controller/prefix_override:/usr/lib/python3/dist-packages/colcon_core/task/python/colcon_distutils_commands:/home/roombazon/Desktop/rosWorkspace/install/controller/lib/python3.10/site-packages:${PYTHONPATH} /usr/bin/python3 -W ignore:setup.py install is deprecated -W ignore:easy_install command is deprecated setup.py egg_info --egg-base ../../build/controller build --build-base /home/roombazon/Desktop/rosWorkspace/build/controller/build install --record /home/roombazon/Desktop/rosWorkspace/build/controller/install.log --single-version-externally-managed install_data
[8.513s] Level 1:colcon.colcon_core.environment:checking '/home/roombazon/Desktop/rosWorkspace/install/controller' for CMake config files
[8.516s] Level 1:colcon.colcon_core.environment:checking '/home/roombazon/Desktop/rosWorkspace/install/controller/lib'
[8.517s] Level 1:colcon.colcon_core.environment:checking '/home/roombazon/Desktop/rosWorkspace/install/controller/bin'
[8.517s] Level 1:colcon.colcon_core.environment:checking '/home/roombazon/Desktop/rosWorkspace/install/controller/lib/pkgconfig/controller.pc'
[8.518s] Level 1:colcon.colcon_core.environment:checking '/home/roombazon/Desktop/rosWorkspace/install/controller/lib/python3.10/site-packages'
[8.518s] Level 1:colcon.colcon_core.shell:create_environment_hook('controller', 'pythonpath')
[8.519s] INFO:colcon.colcon_core.shell:Creating environment hook '/home/roombazon/Desktop/rosWorkspace/install/controller/share/controller/hook/pythonpath.ps1'
[8.524s] INFO:colcon.colcon_core.shell:Creating environment descriptor '/home/roombazon/Desktop/rosWorkspace/install/controller/share/controller/hook/pythonpath.dsv'
[8.532s] INFO:colcon.colcon_core.shell:Creating environment hook '/home/roombazon/Desktop/rosWorkspace/install/controller/share/controller/hook/pythonpath.sh'
[8.540s] Level 1:colcon.colcon_core.environment:checking '/home/roombazon/Desktop/rosWorkspace/install/controller/bin'
[8.541s] Level 1:colcon.colcon_core.environment:create_environment_scripts_only(controller)
[8.542s] INFO:colcon.colcon_core.shell:Creating package script '/home/roombazon/Desktop/rosWorkspace/install/controller/share/controller/package.ps1'
[8.545s] INFO:colcon.colcon_core.shell:Creating package descriptor '/home/roombazon/Desktop/rosWorkspace/install/controller/share/controller/package.dsv'
[8.550s] INFO:colcon.colcon_core.shell:Creating package script '/home/roombazon/Desktop/rosWorkspace/install/controller/share/controller/package.sh'
[8.553s] INFO:colcon.colcon_core.shell:Creating package script '/home/roombazon/Desktop/rosWorkspace/install/controller/share/controller/package.bash'
[8.557s] INFO:colcon.colcon_core.shell:Creating package script '/home/roombazon/Desktop/rosWorkspace/install/controller/share/controller/package.zsh'
[8.561s] Level 1:colcon.colcon_core.environment:create_file_with_runtime_dependencies(/home/roombazon/Desktop/rosWorkspace/install/controller/share/colcon-core/packages/controller)
[8.565s] DEBUG:colcon.colcon_parallel_executor.executor.parallel:closing loop
[8.567s] DEBUG:colcon.colcon_parallel_executor.executor.parallel:loop closed
[8.569s] DEBUG:colcon.colcon_parallel_executor.executor.parallel:run_until_complete finished with '0'
[8.571s] DEBUG:colcon.colcon_core.event_reactor:joining thread
[8.612s] INFO:colcon.colcon_core.plugin_system:Skipping extension 'colcon_notification.desktop_notification.notify_send': Could not find 'notify-send'
[8.613s] INFO:colcon.colcon_core.plugin_system:Skipping extension 'colcon_notification.desktop_notification.terminal_notifier': Not used on non-Darwin systems
[8.614s] INFO:colcon.colcon_core.plugin_system:Skipping extension 'colcon_notification.desktop_notification.win32': Not used on non-Windows systems
[8.614s] INFO:colcon.colcon_notification.desktop_notification:Sending desktop notification using 'notify2'
[8.637s] DEBUG:colcon.colcon_core.event_reactor:joined thread
[8.639s] INFO:colcon.colcon_core.shell:Creating prefix script '/home/roombazon/Desktop/rosWorkspace/install/local_setup.ps1'
[8.644s] INFO:colcon.colcon_core.shell:Creating prefix util module '/home/roombazon/Desktop/rosWorkspace/install/_local_setup_util_ps1.py'
[8.652s] INFO:colcon.colcon_core.shell:Creating prefix chain script '/home/roombazon/Desktop/rosWorkspace/install/setup.ps1'
[8.657s] INFO:colcon.colcon_core.shell:Creating prefix script '/home/roombazon/Desktop/rosWorkspace/install/local_setup.sh'
[8.661s] INFO:colcon.colcon_core.shell:Creating prefix util module '/home/roombazon/Desktop/rosWorkspace/install/_local_setup_util_sh.py'
[8.664s] INFO:colcon.colcon_core.shell:Creating prefix chain script '/home/roombazon/Desktop/rosWorkspace/install/setup.sh'
[8.670s] INFO:colcon.colcon_core.shell:Creating prefix script '/home/roombazon/Desktop/rosWorkspace/install/local_setup.bash'
[8.674s] INFO:colcon.colcon_core.shell:Creating prefix chain script '/home/roombazon/Desktop/rosWorkspace/install/setup.bash'
[8.679s] INFO:colcon.colcon_core.shell:Creating prefix script '/home/roombazon/Desktop/rosWorkspace/install/local_setup.zsh'
[8.682s] INFO:colcon.colcon_core.shell:Creating prefix chain script '/home/roombazon/Desktop/rosWorkspace/install/setup.zsh'
