[5.086s] Invoking command in '/home/roombazon/Desktop/rosWorkspace/src/joystick_ros2': PYTHONPATH=/home/roombazon/Desktop/rosWorkspace/build/joystick_ros2/prefix_override:/usr/lib/python3/dist-packages/colcon_core/task/python/colcon_distutils_commands:/home/roombazon/Desktop/rosWorkspace/install/joystick_ros2/lib/python3.10/site-packages:${PYTHONPATH} /usr/bin/python3 -W ignore:setup.py install is deprecated -W ignore:easy_install command is deprecated setup.py egg_info --egg-base ../../build/joystick_ros2 build --build-base /home/roombazon/Desktop/rosWorkspace/build/joystick_ros2/build install --record /home/roombazon/Desktop/rosWorkspace/build/joystick_ros2/install.log --install-scripts $base/lib/joystick_ros2 --single-version-externally-managed install_data
[6.386s] /usr/lib/python3/dist-packages/setuptools/dist.py:723: UserWarning: Usage of dash-separated 'script-dir' will not be supported in future versions. Please use the underscore name 'script_dir' instead
[6.387s]   warnings.warn(
[6.433s] running egg_info
[6.436s] writing ../../build/joystick_ros2/joystick_ros2.egg-info/PKG-INFO
[6.437s] writing dependency_links to ../../build/joystick_ros2/joystick_ros2.egg-info/dependency_links.txt
[6.440s] writing entry points to ../../build/joystick_ros2/joystick_ros2.egg-info/entry_points.txt
[6.441s] writing requirements to ../../build/joystick_ros2/joystick_ros2.egg-info/requires.txt
[6.442s] writing top-level names to ../../build/joystick_ros2/joystick_ros2.egg-info/top_level.txt
[6.448s] reading manifest file '../../build/joystick_ros2/joystick_ros2.egg-info/SOURCES.txt'
[6.449s] adding license file 'LICENSE'
[6.452s] writing manifest file '../../build/joystick_ros2/joystick_ros2.egg-info/SOURCES.txt'
[6.453s] running build
[6.453s] running build_py
[6.454s] copying joystick_ros2.py -> /home/roombazon/Desktop/rosWorkspace/build/joystick_ros2/build/lib
[6.457s] running install
[6.457s] running install_lib
[6.460s] copying /home/roombazon/Desktop/rosWorkspace/build/joystick_ros2/build/lib/joystick_ros2.py -> /home/roombazon/Desktop/rosWorkspace/install/joystick_ros2/lib/python3.10/site-packages
[6.463s] byte-compiling /home/roombazon/Desktop/rosWorkspace/install/joystick_ros2/lib/python3.10/site-packages/joystick_ros2.py to joystick_ros2.cpython-310.pyc
[6.468s] running install_data
[6.469s] running install_egg_info
[6.478s] removing '/home/roombazon/Desktop/rosWorkspace/install/joystick_ros2/lib/python3.10/site-packages/joystick_ros2-0.0.1-py3.10.egg-info' (and everything under it)
[6.479s] Copying ../../build/joystick_ros2/joystick_ros2.egg-info to /home/roombazon/Desktop/rosWorkspace/install/joystick_ros2/lib/python3.10/site-packages/joystick_ros2-0.0.1-py3.10.egg-info
[6.485s] running install_scripts
[6.574s] Installing joystick_ros2 script to /home/roombazon/Desktop/rosWorkspace/install/joystick_ros2/lib/joystick_ros2
[6.575s] writing list of installed files to '/home/roombazon/Desktop/rosWorkspace/build/joystick_ros2/install.log'
[6.770s] Invoked command in '/home/roombazon/Desktop/rosWorkspace/src/joystick_ros2' returned '0': PYTHONPATH=/home/roombazon/Desktop/rosWorkspace/build/joystick_ros2/prefix_override:/usr/lib/python3/dist-packages/colcon_core/task/python/colcon_distutils_commands:/home/roombazon/Desktop/rosWorkspace/install/joystick_ros2/lib/python3.10/site-packages:${PYTHONPATH} /usr/bin/python3 -W ignore:setup.py install is deprecated -W ignore:easy_install command is deprecated setup.py egg_info --egg-base ../../build/joystick_ros2 build --build-base /home/roombazon/Desktop/rosWorkspace/build/joystick_ros2/build install --record /home/roombazon/Desktop/rosWorkspace/build/joystick_ros2/install.log --install-scripts $base/lib/joystick_ros2 --single-version-externally-managed install_data
