[2.660s] Invoking command in '/home/roombazon/Desktop/rosWorkspace/build/rplidar_ros': CMAKE_PREFIX_PATH=${CMAKE_PREFIX_PATH}:/home/roombazon/Desktop/rosWorkspace/install/odometry_publisher:/home/roombazon/Desktop/rosWorkspace/install/controller:/opt/ros/humble /usr/bin/cmake --build /home/roombazon/Desktop/rosWorkspace/build/rplidar_ros -- -j4 -l4
[2.709s] gmake: Warning: File 'Makefile' has modification time 424 s in the future
[2.808s] gmake[1]: Warning: File 'CMakeFiles/Makefile2' has modification time 424 s in the future
[2.835s] gmake[2]: Warning: File 'CMakeFiles/rplidar_node.dir/flags.make' has modification time 424 s in the future
[2.848s] gmake[2]: Warning: File 'CMakeFiles/rplidar_client.dir/flags.make' has modification time 424 s in the future
[2.856s] gmake[2]: Warning: File 'CMakeFiles/rplidar_composition.dir/flags.make' has modification time 424 s in the future
[2.894s] gmake[2]: warning:  Clock skew detected.  Your build may be incomplete.
[2.906s] gmake[2]: warning:  Clock skew detected.  Your build may be incomplete.
[2.921s] gmake[2]: warning:  Clock skew detected.  Your build may be incomplete.
[2.933s] gmake[2]: Warning: File 'CMakeFiles/rplidar_client.dir/flags.make' has modification time 424 s in the future
[2.951s] gmake[2]: warning:  Clock skew detected.  Your build may be incomplete.
[2.955s] gmake[2]: Warning: File 'CMakeFiles/rplidar_node.dir/flags.make' has modification time 424 s in the future
[2.971s] gmake[2]: Warning: File 'CMakeFiles/rplidar_composition.dir/flags.make' has modification time 424 s in the future
[2.980s] gmake[2]: warning:  Clock skew detected.  Your build may be incomplete.
[2.995s] gmake[2]: warning:  Clock skew detected.  Your build may be incomplete.
[3.023s] [  5%] Built target rplidar_client
[3.050s] [ 52%] Built target rplidar_node
[3.070s] [100%] Built target rplidar_composition
[3.075s] gmake[1]: warning:  Clock skew detected.  Your build may be incomplete.
[3.119s] gmake: warning:  Clock skew detected.  Your build may be incomplete.
[3.125s] Invoked command in '/home/roombazon/Desktop/rosWorkspace/build/rplidar_ros' returned '0': CMAKE_PREFIX_PATH=${CMAKE_PREFIX_PATH}:/home/roombazon/Desktop/rosWorkspace/install/odometry_publisher:/home/roombazon/Desktop/rosWorkspace/install/controller:/opt/ros/humble /usr/bin/cmake --build /home/roombazon/Desktop/rosWorkspace/build/rplidar_ros -- -j4 -l4
[3.174s] Invoking command in '/home/roombazon/Desktop/rosWorkspace/build/rplidar_ros': CMAKE_PREFIX_PATH=${CMAKE_PREFIX_PATH}:/home/roombazon/Desktop/rosWorkspace/install/odometry_publisher:/home/roombazon/Desktop/rosWorkspace/install/controller:/opt/ros/humble /usr/bin/cmake --install /home/roombazon/Desktop/rosWorkspace/build/rplidar_ros
[3.207s] -- Install configuration: ""
[3.208s] -- Up-to-date: /home/roombazon/Desktop/rosWorkspace/install/rplidar_ros/share/rplidar_ros/launch
[3.209s] -- Up-to-date: /home/roombazon/Desktop/rosWorkspace/install/rplidar_ros/share/rplidar_ros/launch/view_rplidar_s2e_launch.py
[3.209s] -- Up-to-date: /home/roombazon/Desktop/rosWorkspace/install/rplidar_ros/share/rplidar_ros/launch/view_rplidar_s1_launch.py
[3.210s] -- Up-to-date: /home/roombazon/Desktop/rosWorkspace/install/rplidar_ros/share/rplidar_ros/launch/rplidar_a1_launch.py
[3.211s] -- Up-to-date: /home/roombazon/Desktop/rosWorkspace/install/rplidar_ros/share/rplidar_ros/launch/rplidar_a2m8_launch.py
[3.212s] -- Up-to-date: /home/roombazon/Desktop/rosWorkspace/install/rplidar_ros/share/rplidar_ros/launch/rplidar_c1_launch.py
[3.213s] -- Up-to-date: /home/roombazon/Desktop/rosWorkspace/install/rplidar_ros/share/rplidar_ros/launch/view_rplidar_a1_launch.py
[3.214s] -- Up-to-date: /home/roombazon/Desktop/rosWorkspace/install/rplidar_ros/share/rplidar_ros/launch/rplidar_s1_launch.py
[3.215s] -- Up-to-date: /home/roombazon/Desktop/rosWorkspace/install/rplidar_ros/share/rplidar_ros/launch/view_rplidar_s2_launch.py
[3.215s] -- Up-to-date: /home/roombazon/Desktop/rosWorkspace/install/rplidar_ros/share/rplidar_ros/launch/view_rplidar_a3_launch.py
[3.216s] -- Up-to-date: /home/roombazon/Desktop/rosWorkspace/install/rplidar_ros/share/rplidar_ros/launch/view_rplidar_s3_launch.py
[3.217s] -- Up-to-date: /home/roombazon/Desktop/rosWorkspace/install/rplidar_ros/share/rplidar_ros/launch/view_rplidar_c1_launch.py
[3.217s] -- Up-to-date: /home/roombazon/Desktop/rosWorkspace/install/rplidar_ros/share/rplidar_ros/launch/rplidar_s3_launch.py
[3.217s] -- Up-to-date: /home/roombazon/Desktop/rosWorkspace/install/rplidar_ros/share/rplidar_ros/launch/rplidar_s1_tcp_launch.py
[3.218s] -- Up-to-date: /home/roombazon/Desktop/rosWorkspace/install/rplidar_ros/share/rplidar_ros/launch/rplidar_s2e_launch.py
[3.218s] -- Up-to-date: /home/roombazon/Desktop/rosWorkspace/install/rplidar_ros/share/rplidar_ros/launch/rplidar_s2_launch.py
[3.219s] -- Up-to-date: /home/roombazon/Desktop/rosWorkspace/install/rplidar_ros/share/rplidar_ros/launch/view_rplidar_a2m12_launch.py
[3.220s] -- Up-to-date: /home/roombazon/Desktop/rosWorkspace/install/rplidar_ros/share/rplidar_ros/launch/rplidar_a2m7_launch.py
[3.222s] -- Up-to-date: /home/roombazon/Desktop/rosWorkspace/install/rplidar_ros/share/rplidar_ros/launch/view_rplidar_a2m7_launch.py
[3.222s] -- Up-to-date: /home/roombazon/Desktop/rosWorkspace/install/rplidar_ros/share/rplidar_ros/launch/view_rplidar_t1_launch.py
[3.223s] -- Up-to-date: /home/roombazon/Desktop/rosWorkspace/install/rplidar_ros/share/rplidar_ros/launch/rplidar_a2m12_launch.py
[3.224s] -- Up-to-date: /home/roombazon/Desktop/rosWorkspace/install/rplidar_ros/share/rplidar_ros/launch/view_rplidar_a2m8_launch.py
[3.225s] -- Up-to-date: /home/roombazon/Desktop/rosWorkspace/install/rplidar_ros/share/rplidar_ros/launch/rplidar_a3_launch.py
[3.227s] -- Up-to-date: /home/roombazon/Desktop/rosWorkspace/install/rplidar_ros/share/rplidar_ros/launch/view_rplidar_s1_tcp_launch.py
[3.228s] -- Up-to-date: /home/roombazon/Desktop/rosWorkspace/install/rplidar_ros/share/rplidar_ros/launch/rplidar_t1_launch.py
[3.229s] -- Up-to-date: /home/roombazon/Desktop/rosWorkspace/install/rplidar_ros/share/rplidar_ros/rviz
[3.230s] -- Up-to-date: /home/roombazon/Desktop/rosWorkspace/install/rplidar_ros/share/rplidar_ros/rviz/rplidar_ros.rviz
[3.230s] -- Up-to-date: /home/roombazon/Desktop/rosWorkspace/install/rplidar_ros/lib/rplidar_ros/rplidar_node
[3.248s] -- Up-to-date: /home/roombazon/Desktop/rosWorkspace/install/rplidar_ros/lib/rplidar_ros/rplidar_composition
[3.248s] -- Up-to-date: /home/roombazon/Desktop/rosWorkspace/install/rplidar_ros/lib/rplidar_ros/rplidar_client
[3.249s] -- Up-to-date: /home/roombazon/Desktop/rosWorkspace/install/rplidar_ros/share/ament_index/resource_index/package_run_dependencies/rplidar_ros
[3.249s] -- Up-to-date: /home/roombazon/Desktop/rosWorkspace/install/rplidar_ros/share/ament_index/resource_index/parent_prefix_path/rplidar_ros
[3.250s] -- Up-to-date: /home/roombazon/Desktop/rosWorkspace/install/rplidar_ros/share/rplidar_ros/environment/ament_prefix_path.sh
[3.251s] -- Up-to-date: /home/roombazon/Desktop/rosWorkspace/install/rplidar_ros/share/rplidar_ros/environment/ament_prefix_path.dsv
[3.252s] -- Up-to-date: /home/roombazon/Desktop/rosWorkspace/install/rplidar_ros/share/rplidar_ros/environment/path.sh
[3.252s] -- Up-to-date: /home/roombazon/Desktop/rosWorkspace/install/rplidar_ros/share/rplidar_ros/environment/path.dsv
[3.253s] -- Up-to-date: /home/roombazon/Desktop/rosWorkspace/install/rplidar_ros/share/rplidar_ros/local_setup.bash
[3.254s] -- Up-to-date: /home/roombazon/Desktop/rosWorkspace/install/rplidar_ros/share/rplidar_ros/local_setup.sh
[3.255s] -- Up-to-date: /home/roombazon/Desktop/rosWorkspace/install/rplidar_ros/share/rplidar_ros/local_setup.zsh
[3.256s] -- Up-to-date: /home/roombazon/Desktop/rosWorkspace/install/rplidar_ros/share/rplidar_ros/local_setup.dsv
[3.257s] -- Installing: /home/roombazon/Desktop/rosWorkspace/install/rplidar_ros/share/rplidar_ros/package.dsv
[3.258s] -- Up-to-date: /home/roombazon/Desktop/rosWorkspace/install/rplidar_ros/share/ament_index/resource_index/packages/rplidar_ros
[3.259s] -- Up-to-date: /home/roombazon/Desktop/rosWorkspace/install/rplidar_ros/share/rplidar_ros/cmake/ament_cmake_export_dependencies-extras.cmake
[3.260s] -- Up-to-date: /home/roombazon/Desktop/rosWorkspace/install/rplidar_ros/share/rplidar_ros/cmake/ament_cmake_export_include_directories-extras.cmake
[3.261s] -- Up-to-date: /home/roombazon/Desktop/rosWorkspace/install/rplidar_ros/share/rplidar_ros/cmake/rplidar_rosConfig.cmake
[3.262s] -- Up-to-date: /home/roombazon/Desktop/rosWorkspace/install/rplidar_ros/share/rplidar_ros/cmake/rplidar_rosConfig-version.cmake
[3.262s] -- Up-to-date: /home/roombazon/Desktop/rosWorkspace/install/rplidar_ros/share/rplidar_ros/package.xml
[3.264s] Invoked command in '/home/roombazon/Desktop/rosWorkspace/build/rplidar_ros' returned '0': CMAKE_PREFIX_PATH=${CMAKE_PREFIX_PATH}:/home/roombazon/Desktop/rosWorkspace/install/odometry_publisher:/home/roombazon/Desktop/rosWorkspace/install/controller:/opt/ros/humble /usr/bin/cmake --install /home/roombazon/Desktop/rosWorkspace/build/rplidar_ros
