[5.535s] Invoking command in '/home/roombazon/Desktop/rosWorkspace/src/controller': PYTHONPATH=/home/roombazon/Desktop/rosWorkspace/build/controller/prefix_override:/usr/lib/python3/dist-packages/colcon_core/task/python/colcon_distutils_commands:/home/roombazon/Desktop/rosWorkspace/install/controller/lib/python3.10/site-packages:${PYTHONPATH} /usr/bin/python3 -W ignore:setup.py install is deprecated -W ignore:easy_install command is deprecated setup.py egg_info --egg-base ../../build/controller build --build-base /home/roombazon/Desktop/rosWorkspace/build/controller/build install --record /home/roombazon/Desktop/rosWorkspace/build/controller/install.log --single-version-externally-managed install_data
[6.881s] running egg_info
[6.883s] writing ../../build/controller/controller.egg-info/PKG-INFO
[6.887s] writing dependency_links to ../../build/controller/controller.egg-info/dependency_links.txt
[6.888s] writing entry points to ../../build/controller/controller.egg-info/entry_points.txt
[6.889s] writing requirements to ../../build/controller/controller.egg-info/requires.txt
[6.890s] writing top-level names to ../../build/controller/controller.egg-info/top_level.txt
[6.900s] reading manifest file '../../build/controller/controller.egg-info/SOURCES.txt'
[6.905s] writing manifest file '../../build/controller/controller.egg-info/SOURCES.txt'
[6.906s] running build
[6.907s] running build_py
[6.909s] copying controller/joystick_serial.py -> /home/roombazon/Desktop/rosWorkspace/build/controller/build/lib/controller
[6.912s] running install
[6.913s] running install_lib
[6.918s] copying /home/roombazon/Desktop/rosWorkspace/build/controller/build/lib/controller/joystick_serial.py -> /home/roombazon/Desktop/rosWorkspace/install/controller/lib/python3.10/site-packages/controller
[6.922s] byte-compiling /home/roombazon/Desktop/rosWorkspace/install/controller/lib/python3.10/site-packages/controller/joystick_serial.py to joystick_serial.cpython-310.pyc
[6.925s] running install_data
[6.927s] running install_egg_info
[6.936s] removing '/home/roombazon/Desktop/rosWorkspace/install/controller/lib/python3.10/site-packages/controller-0.0.0-py3.10.egg-info' (and everything under it)
[6.938s] Copying ../../build/controller/controller.egg-info to /home/roombazon/Desktop/rosWorkspace/install/controller/lib/python3.10/site-packages/controller-0.0.0-py3.10.egg-info
[6.945s] running install_scripts
[7.047s] Installing gamepad_controller script to /home/roombazon/Desktop/rosWorkspace/install/controller/lib/controller
[7.051s] writing list of installed files to '/home/roombazon/Desktop/rosWorkspace/build/controller/install.log'
[7.251s] Invoked command in '/home/roombazon/Desktop/rosWorkspace/src/controller' returned '0': PYTHONPATH=/home/roombazon/Desktop/rosWorkspace/build/controller/prefix_override:/usr/lib/python3/dist-packages/colcon_core/task/python/colcon_distutils_commands:/home/roombazon/Desktop/rosWorkspace/install/controller/lib/python3.10/site-packages:${PYTHONPATH} /usr/bin/python3 -W ignore:setup.py install is deprecated -W ignore:easy_install command is deprecated setup.py egg_info --egg-base ../../build/controller build --build-base /home/roombazon/Desktop/rosWorkspace/build/controller/build install --record /home/roombazon/Desktop/rosWorkspace/build/controller/install.log --single-version-externally-managed install_data
