[5.079s] Invoking command in '/home/roombazon/Desktop/rosWorkspace/src/joystick_ros2': PYTHONPATH=/home/roombazon/Desktop/rosWorkspace/build/joystick_ros2/prefix_override:/usr/lib/python3/dist-packages/colcon_core/task/python/colcon_distutils_commands:/home/roombazon/Desktop/rosWorkspace/install/joystick_ros2/lib/python3.10/site-packages:${PYTHONPATH} /usr/bin/python3 -W ignore:setup.py install is deprecated -W ignore:easy_install command is deprecated setup.py egg_info --egg-base ../../build/joystick_ros2 build --build-base /home/roombazon/Desktop/rosWorkspace/build/joystick_ros2/build install --record /home/roombazon/Desktop/rosWorkspace/build/joystick_ros2/install.log --install-scripts $base/lib/joystick_ros2 --single-version-externally-managed install_data
[6.448s] /usr/lib/python3/dist-packages/setuptools/dist.py:723: UserWarning: Usage of dash-separated 'script-dir' will not be supported in future versions. Please use the underscore name 'script_dir' instead
[6.449s]   warnings.warn(
[6.494s] running egg_info
[6.496s] creating ../../build/joystick_ros2/joystick_ros2.egg-info
[6.497s] writing ../../build/joystick_ros2/joystick_ros2.egg-info/PKG-INFO
[6.498s] writing dependency_links to ../../build/joystick_ros2/joystick_ros2.egg-info/dependency_links.txt
[6.499s] writing entry points to ../../build/joystick_ros2/joystick_ros2.egg-info/entry_points.txt
[6.500s] writing requirements to ../../build/joystick_ros2/joystick_ros2.egg-info/requires.txt
[6.501s] writing top-level names to ../../build/joystick_ros2/joystick_ros2.egg-info/top_level.txt
[6.502s] writing manifest file '../../build/joystick_ros2/joystick_ros2.egg-info/SOURCES.txt'
[6.514s] reading manifest file '../../build/joystick_ros2/joystick_ros2.egg-info/SOURCES.txt'
[6.515s] adding license file 'LICENSE'
[6.518s] writing manifest file '../../build/joystick_ros2/joystick_ros2.egg-info/SOURCES.txt'
[6.519s] running build
[6.520s] running build_py
[6.520s] creating /home/roombazon/Desktop/rosWorkspace/build/joystick_ros2/build
[6.521s] creating /home/roombazon/Desktop/rosWorkspace/build/joystick_ros2/build/lib
[6.522s] copying joystick_ros2.py -> /home/roombazon/Desktop/rosWorkspace/build/joystick_ros2/build/lib
[6.523s] copying inputs.py -> /home/roombazon/Desktop/rosWorkspace/build/joystick_ros2/build/lib
[6.524s] running install
[6.524s] running install_lib
[6.527s] copying /home/roombazon/Desktop/rosWorkspace/build/joystick_ros2/build/lib/joystick_ros2.py -> /home/roombazon/Desktop/rosWorkspace/install/joystick_ros2/lib/python3.10/site-packages
[6.529s] copying /home/roombazon/Desktop/rosWorkspace/build/joystick_ros2/build/lib/inputs.py -> /home/roombazon/Desktop/rosWorkspace/install/joystick_ros2/lib/python3.10/site-packages
[6.533s] byte-compiling /home/roombazon/Desktop/rosWorkspace/install/joystick_ros2/lib/python3.10/site-packages/joystick_ros2.py to joystick_ros2.cpython-310.pyc
[6.541s] byte-compiling /home/roombazon/Desktop/rosWorkspace/install/joystick_ros2/lib/python3.10/site-packages/inputs.py to inputs.cpython-310.pyc
[6.597s] running install_data
[6.598s] creating /home/roombazon/Desktop/rosWorkspace/install/joystick_ros2/share/ament_index
[6.599s] creating /home/roombazon/Desktop/rosWorkspace/install/joystick_ros2/share/ament_index/resource_index
[6.600s] creating /home/roombazon/Desktop/rosWorkspace/install/joystick_ros2/share/ament_index/resource_index/packages
[6.600s] copying resource/joystick_ros2 -> /home/roombazon/Desktop/rosWorkspace/install/joystick_ros2/share/ament_index/resource_index/packages
[6.601s] creating /home/roombazon/Desktop/rosWorkspace/install/joystick_ros2/shared
[6.602s] creating /home/roombazon/Desktop/rosWorkspace/install/joystick_ros2/shared/joystick_ros2
[6.602s] copying package.xml -> /home/roombazon/Desktop/rosWorkspace/install/joystick_ros2/shared/joystick_ros2
[6.602s] running install_egg_info
[6.609s] Copying ../../build/joystick_ros2/joystick_ros2.egg-info to /home/roombazon/Desktop/rosWorkspace/install/joystick_ros2/lib/python3.10/site-packages/joystick_ros2-0.0.1-py3.10.egg-info
[6.615s] running install_scripts
[6.735s] Installing joystick_ros2 script to /home/roombazon/Desktop/rosWorkspace/install/joystick_ros2/lib/joystick_ros2
[6.738s] writing list of installed files to '/home/roombazon/Desktop/rosWorkspace/build/joystick_ros2/install.log'
[6.921s] Invoked command in '/home/roombazon/Desktop/rosWorkspace/src/joystick_ros2' returned '0': PYTHONPATH=/home/roombazon/Desktop/rosWorkspace/build/joystick_ros2/prefix_override:/usr/lib/python3/dist-packages/colcon_core/task/python/colcon_distutils_commands:/home/roombazon/Desktop/rosWorkspace/install/joystick_ros2/lib/python3.10/site-packages:${PYTHONPATH} /usr/bin/python3 -W ignore:setup.py install is deprecated -W ignore:easy_install command is deprecated setup.py egg_info --egg-base ../../build/joystick_ros2 build --build-base /home/roombazon/Desktop/rosWorkspace/build/joystick_ros2/build install --record /home/roombazon/Desktop/rosWorkspace/build/joystick_ros2/install.log --install-scripts $base/lib/joystick_ros2 --single-version-externally-managed install_data
