[1.151s] DEBUG:colcon:Command line arguments: ['/usr/bin/colcon', 'build']
[1.151s] DEBUG:colcon:Parsed command line arguments: Namespace(log_base=None, log_level=None, verb_name='build', build_base='build', install_base='install', merge_install=False, symlink_install=False, test_result_base=None, continue_on_error=False, executor='parallel', parallel_workers=4, event_handlers=None, ignore_user_meta=False, metas=['./colcon.meta'], base_paths=['.'], packages_ignore=None, packages_ignore_regex=None, paths=None, packages_up_to=None, packages_up_to_regex=None, packages_above=None, packages_above_and_dependencies=None, packages_above_depth=None, packages_select_by_dep=None, packages_skip_by_dep=None, packages_skip_up_to=None, packages_select_build_failed=False, packages_skip_build_finished=False, packages_select_test_failures=False, packages_skip_test_passed=False, packages_select=None, packages_skip=None, packages_select_regex=None, packages_skip_regex=None, packages_start=None, packages_end=None, allow_overriding=[], cmake_args=None, cmake_target=None, cmake_target_skip_unavailable=False, cmake_clean_cache=False, cmake_clean_first=False, cmake_force_configure=False, ament_cmake_args=None, catkin_cmake_args=None, catkin_skip_building_tests=False, mixin_files=None, mixin=None, verb_parser=<colcon_mixin.mixin.mixin_argument.MixinArgumentDecorator object at 0xffff86832800>, verb_extension=<colcon_core.verb.build.BuildVerb object at 0xffff869df790>, main=<bound method BuildVerb.main of <colcon_core.verb.build.BuildVerb object at 0xffff869df790>>, mixin_verb=('build',))
[2.487s] Level 1:colcon.colcon_core.package_discovery:discover_packages(colcon_meta) check parameters
[2.488s] Level 1:colcon.colcon_core.package_discovery:discover_packages(recursive) check parameters
[2.488s] Level 1:colcon.colcon_core.package_discovery:discover_packages(ignore) check parameters
[2.488s] Level 1:colcon.colcon_core.package_discovery:discover_packages(path) check parameters
[2.488s] Level 1:colcon.colcon_core.package_discovery:discover_packages(colcon_meta) discover
[2.488s] Level 1:colcon.colcon_core.package_discovery:discover_packages(recursive) discover
[2.489s] INFO:colcon.colcon_core.package_discovery:Crawling recursively for packages in '/home/roombazon/Desktop/rosWorkspace'
[2.490s] Level 1:colcon.colcon_core.package_identification:_identify(.) by extensions ['ignore', 'ignore_ament_install']
[2.491s] Level 1:colcon.colcon_core.package_identification:_identify(.) by extension 'ignore'
[2.491s] Level 1:colcon.colcon_core.package_identification:_identify(.) by extension 'ignore_ament_install'
[2.491s] Level 1:colcon.colcon_core.package_identification:_identify(.) by extensions ['colcon_pkg']
[2.492s] Level 1:colcon.colcon_core.package_identification:_identify(.) by extension 'colcon_pkg'
[2.492s] Level 1:colcon.colcon_core.package_identification:_identify(.) by extensions ['colcon_meta']
[2.492s] Level 1:colcon.colcon_core.package_identification:_identify(.) by extension 'colcon_meta'
[2.492s] Level 1:colcon.colcon_core.package_identification:_identify(.) by extensions ['ros']
[2.493s] Level 1:colcon.colcon_core.package_identification:_identify(.) by extension 'ros'
[2.568s] Level 1:colcon.colcon_core.package_identification:_identify(.) by extensions ['cmake', 'python']
[2.569s] Level 1:colcon.colcon_core.package_identification:_identify(.) by extension 'cmake'
[2.569s] Level 1:colcon.colcon_core.package_identification:_identify(.) by extension 'python'
[2.569s] Level 1:colcon.colcon_core.package_identification:_identify(.) by extensions ['python_setup_py']
[2.569s] Level 1:colcon.colcon_core.package_identification:_identify(.) by extension 'python_setup_py'
[2.570s] Level 1:colcon.colcon_core.package_identification:_identify(build) by extensions ['ignore', 'ignore_ament_install']
[2.570s] Level 1:colcon.colcon_core.package_identification:_identify(build) by extension 'ignore'
[2.570s] Level 1:colcon.colcon_core.package_identification:_identify(build) ignored
[2.571s] Level 1:colcon.colcon_core.package_identification:_identify(install) by extensions ['ignore', 'ignore_ament_install']
[2.571s] Level 1:colcon.colcon_core.package_identification:_identify(install) by extension 'ignore'
[2.571s] Level 1:colcon.colcon_core.package_identification:_identify(install) ignored
[2.572s] Level 1:colcon.colcon_core.package_identification:_identify(log) by extensions ['ignore', 'ignore_ament_install']
[2.572s] Level 1:colcon.colcon_core.package_identification:_identify(log) by extension 'ignore'
[2.572s] Level 1:colcon.colcon_core.package_identification:_identify(log) ignored
[2.573s] Level 1:colcon.colcon_core.package_identification:_identify(src) by extensions ['ignore', 'ignore_ament_install']
[2.573s] Level 1:colcon.colcon_core.package_identification:_identify(src) by extension 'ignore'
[2.573s] Level 1:colcon.colcon_core.package_identification:_identify(src) by extension 'ignore_ament_install'
[2.573s] Level 1:colcon.colcon_core.package_identification:_identify(src) by extensions ['colcon_pkg']
[2.574s] Level 1:colcon.colcon_core.package_identification:_identify(src) by extension 'colcon_pkg'
[2.574s] Level 1:colcon.colcon_core.package_identification:_identify(src) by extensions ['colcon_meta']
[2.574s] Level 1:colcon.colcon_core.package_identification:_identify(src) by extension 'colcon_meta'
[2.574s] Level 1:colcon.colcon_core.package_identification:_identify(src) by extensions ['ros']
[2.574s] Level 1:colcon.colcon_core.package_identification:_identify(src) by extension 'ros'
[2.574s] Level 1:colcon.colcon_core.package_identification:_identify(src) by extensions ['cmake', 'python']
[2.575s] Level 1:colcon.colcon_core.package_identification:_identify(src) by extension 'cmake'
[2.575s] Level 1:colcon.colcon_core.package_identification:_identify(src) by extension 'python'
[2.575s] Level 1:colcon.colcon_core.package_identification:_identify(src) by extensions ['python_setup_py']
[2.575s] Level 1:colcon.colcon_core.package_identification:_identify(src) by extension 'python_setup_py'
[2.576s] Level 1:colcon.colcon_core.package_identification:_identify(src/controller) by extensions ['ignore', 'ignore_ament_install']
[2.576s] Level 1:colcon.colcon_core.package_identification:_identify(src/controller) by extension 'ignore'
[2.576s] Level 1:colcon.colcon_core.package_identification:_identify(src/controller) by extension 'ignore_ament_install'
[2.576s] Level 1:colcon.colcon_core.package_identification:_identify(src/controller) by extensions ['colcon_pkg']
[2.576s] Level 1:colcon.colcon_core.package_identification:_identify(src/controller) by extension 'colcon_pkg'
[2.577s] Level 1:colcon.colcon_core.package_identification:_identify(src/controller) by extensions ['colcon_meta']
[2.577s] Level 1:colcon.colcon_core.package_identification:_identify(src/controller) by extension 'colcon_meta'
[2.577s] Level 1:colcon.colcon_core.package_identification:_identify(src/controller) by extensions ['ros']
[2.577s] Level 1:colcon.colcon_core.package_identification:_identify(src/controller) by extension 'ros'
[2.589s] DEBUG:colcon.colcon_core.package_identification:Package 'src/controller' with type 'ros.ament_python' and name 'controller'
[2.591s] Level 1:colcon.colcon_core.package_identification:_identify(src/joystick_ros2) by extensions ['ignore', 'ignore_ament_install']
[2.591s] Level 1:colcon.colcon_core.package_identification:_identify(src/joystick_ros2) by extension 'ignore'
[2.591s] Level 1:colcon.colcon_core.package_identification:_identify(src/joystick_ros2) by extension 'ignore_ament_install'
[2.592s] Level 1:colcon.colcon_core.package_identification:_identify(src/joystick_ros2) by extensions ['colcon_pkg']
[2.592s] Level 1:colcon.colcon_core.package_identification:_identify(src/joystick_ros2) by extension 'colcon_pkg'
[2.592s] Level 1:colcon.colcon_core.package_identification:_identify(src/joystick_ros2) by extensions ['colcon_meta']
[2.592s] Level 1:colcon.colcon_core.package_identification:_identify(src/joystick_ros2) by extension 'colcon_meta'
[2.593s] Level 1:colcon.colcon_core.package_identification:_identify(src/joystick_ros2) by extensions ['ros']
[2.593s] Level 1:colcon.colcon_core.package_identification:_identify(src/joystick_ros2) by extension 'ros'
[2.596s] DEBUG:colcon.colcon_core.package_identification:Package 'src/joystick_ros2' with type 'ros.ament_python' and name 'joystick_ros2'
[2.597s] Level 1:colcon.colcon_core.package_identification:_identify(src/roombazon) by extensions ['ignore', 'ignore_ament_install']
[2.598s] Level 1:colcon.colcon_core.package_identification:_identify(src/roombazon) by extension 'ignore'
[2.598s] Level 1:colcon.colcon_core.package_identification:_identify(src/roombazon) by extension 'ignore_ament_install'
[2.599s] Level 1:colcon.colcon_core.package_identification:_identify(src/roombazon) by extensions ['colcon_pkg']
[2.599s] Level 1:colcon.colcon_core.package_identification:_identify(src/roombazon) by extension 'colcon_pkg'
[2.599s] Level 1:colcon.colcon_core.package_identification:_identify(src/roombazon) by extensions ['colcon_meta']
[2.599s] Level 1:colcon.colcon_core.package_identification:_identify(src/roombazon) by extension 'colcon_meta'
[2.599s] Level 1:colcon.colcon_core.package_identification:_identify(src/roombazon) by extensions ['ros']
[2.600s] Level 1:colcon.colcon_core.package_identification:_identify(src/roombazon) by extension 'ros'
[2.600s] Level 1:colcon.colcon_core.package_identification:_identify(src/roombazon) by extensions ['cmake', 'python']
[2.600s] Level 1:colcon.colcon_core.package_identification:_identify(src/roombazon) by extension 'cmake'
[2.600s] Level 1:colcon.colcon_core.package_identification:_identify(src/roombazon) by extension 'python'
[2.601s] Level 1:colcon.colcon_core.package_identification:_identify(src/roombazon) by extensions ['python_setup_py']
[2.601s] Level 1:colcon.colcon_core.package_identification:_identify(src/roombazon) by extension 'python_setup_py'
[2.602s] Level 1:colcon.colcon_core.package_identification:_identify(src/roombazon/config) by extensions ['ignore', 'ignore_ament_install']
[2.602s] Level 1:colcon.colcon_core.package_identification:_identify(src/roombazon/config) by extension 'ignore'
[2.603s] Level 1:colcon.colcon_core.package_identification:_identify(src/roombazon/config) by extension 'ignore_ament_install'
[2.603s] Level 1:colcon.colcon_core.package_identification:_identify(src/roombazon/config) by extensions ['colcon_pkg']
[2.603s] Level 1:colcon.colcon_core.package_identification:_identify(src/roombazon/config) by extension 'colcon_pkg'
[2.603s] Level 1:colcon.colcon_core.package_identification:_identify(src/roombazon/config) by extensions ['colcon_meta']
[2.603s] Level 1:colcon.colcon_core.package_identification:_identify(src/roombazon/config) by extension 'colcon_meta'
[2.604s] Level 1:colcon.colcon_core.package_identification:_identify(src/roombazon/config) by extensions ['ros']
[2.604s] Level 1:colcon.colcon_core.package_identification:_identify(src/roombazon/config) by extension 'ros'
[2.604s] Level 1:colcon.colcon_core.package_identification:_identify(src/roombazon/config) by extensions ['cmake', 'python']
[2.604s] Level 1:colcon.colcon_core.package_identification:_identify(src/roombazon/config) by extension 'cmake'
[2.604s] Level 1:colcon.colcon_core.package_identification:_identify(src/roombazon/config) by extension 'python'
[2.605s] Level 1:colcon.colcon_core.package_identification:_identify(src/roombazon/config) by extensions ['python_setup_py']
[2.605s] Level 1:colcon.colcon_core.package_identification:_identify(src/roombazon/config) by extension 'python_setup_py'
[2.606s] Level 1:colcon.colcon_core.package_identification:_identify(src/roombazon/description) by extensions ['ignore', 'ignore_ament_install']
[2.606s] Level 1:colcon.colcon_core.package_identification:_identify(src/roombazon/description) by extension 'ignore'
[2.606s] Level 1:colcon.colcon_core.package_identification:_identify(src/roombazon/description) by extension 'ignore_ament_install'
[2.607s] Level 1:colcon.colcon_core.package_identification:_identify(src/roombazon/description) by extensions ['colcon_pkg']
[2.607s] Level 1:colcon.colcon_core.package_identification:_identify(src/roombazon/description) by extension 'colcon_pkg'
[2.607s] Level 1:colcon.colcon_core.package_identification:_identify(src/roombazon/description) by extensions ['colcon_meta']
[2.607s] Level 1:colcon.colcon_core.package_identification:_identify(src/roombazon/description) by extension 'colcon_meta'
[2.607s] Level 1:colcon.colcon_core.package_identification:_identify(src/roombazon/description) by extensions ['ros']
[2.608s] Level 1:colcon.colcon_core.package_identification:_identify(src/roombazon/description) by extension 'ros'
[2.608s] Level 1:colcon.colcon_core.package_identification:_identify(src/roombazon/description) by extensions ['cmake', 'python']
[2.608s] Level 1:colcon.colcon_core.package_identification:_identify(src/roombazon/description) by extension 'cmake'
[2.608s] Level 1:colcon.colcon_core.package_identification:_identify(src/roombazon/description) by extension 'python'
[2.608s] Level 1:colcon.colcon_core.package_identification:_identify(src/roombazon/description) by extensions ['python_setup_py']
[2.609s] Level 1:colcon.colcon_core.package_identification:_identify(src/roombazon/description) by extension 'python_setup_py'
[2.610s] Level 1:colcon.colcon_core.package_identification:_identify(src/roombazon/launch) by extensions ['ignore', 'ignore_ament_install']
[2.610s] Level 1:colcon.colcon_core.package_identification:_identify(src/roombazon/launch) by extension 'ignore'
[2.610s] Level 1:colcon.colcon_core.package_identification:_identify(src/roombazon/launch) by extension 'ignore_ament_install'
[2.610s] Level 1:colcon.colcon_core.package_identification:_identify(src/roombazon/launch) by extensions ['colcon_pkg']
[2.611s] Level 1:colcon.colcon_core.package_identification:_identify(src/roombazon/launch) by extension 'colcon_pkg'
[2.611s] Level 1:colcon.colcon_core.package_identification:_identify(src/roombazon/launch) by extensions ['colcon_meta']
[2.611s] Level 1:colcon.colcon_core.package_identification:_identify(src/roombazon/launch) by extension 'colcon_meta'
[2.611s] Level 1:colcon.colcon_core.package_identification:_identify(src/roombazon/launch) by extensions ['ros']
[2.611s] Level 1:colcon.colcon_core.package_identification:_identify(src/roombazon/launch) by extension 'ros'
[2.612s] Level 1:colcon.colcon_core.package_identification:_identify(src/roombazon/launch) by extensions ['cmake', 'python']
[2.612s] Level 1:colcon.colcon_core.package_identification:_identify(src/roombazon/launch) by extension 'cmake'
[2.612s] Level 1:colcon.colcon_core.package_identification:_identify(src/roombazon/launch) by extension 'python'
[2.612s] Level 1:colcon.colcon_core.package_identification:_identify(src/roombazon/launch) by extensions ['python_setup_py']
[2.612s] Level 1:colcon.colcon_core.package_identification:_identify(src/roombazon/launch) by extension 'python_setup_py'
[2.613s] Level 1:colcon.colcon_core.package_identification:_identify(src/roombazon/worlds) by extensions ['ignore', 'ignore_ament_install']
[2.614s] Level 1:colcon.colcon_core.package_identification:_identify(src/roombazon/worlds) by extension 'ignore'
[2.614s] Level 1:colcon.colcon_core.package_identification:_identify(src/roombazon/worlds) by extension 'ignore_ament_install'
[2.614s] Level 1:colcon.colcon_core.package_identification:_identify(src/roombazon/worlds) by extensions ['colcon_pkg']
[2.614s] Level 1:colcon.colcon_core.package_identification:_identify(src/roombazon/worlds) by extension 'colcon_pkg'
[2.614s] Level 1:colcon.colcon_core.package_identification:_identify(src/roombazon/worlds) by extensions ['colcon_meta']
[2.614s] Level 1:colcon.colcon_core.package_identification:_identify(src/roombazon/worlds) by extension 'colcon_meta'
[2.615s] Level 1:colcon.colcon_core.package_identification:_identify(src/roombazon/worlds) by extensions ['ros']
[2.615s] Level 1:colcon.colcon_core.package_identification:_identify(src/roombazon/worlds) by extension 'ros'
[2.615s] Level 1:colcon.colcon_core.package_identification:_identify(src/roombazon/worlds) by extensions ['cmake', 'python']
[2.615s] Level 1:colcon.colcon_core.package_identification:_identify(src/roombazon/worlds) by extension 'cmake'
[2.616s] Level 1:colcon.colcon_core.package_identification:_identify(src/roombazon/worlds) by extension 'python'
[2.616s] Level 1:colcon.colcon_core.package_identification:_identify(src/roombazon/worlds) by extensions ['python_setup_py']
[2.616s] Level 1:colcon.colcon_core.package_identification:_identify(src/roombazon/worlds) by extension 'python_setup_py'
[2.617s] Level 1:colcon.colcon_core.package_identification:_identify(src/rplidar_ros) by extensions ['ignore', 'ignore_ament_install']
[2.617s] Level 1:colcon.colcon_core.package_identification:_identify(src/rplidar_ros) by extension 'ignore'
[2.618s] Level 1:colcon.colcon_core.package_identification:_identify(src/rplidar_ros) by extension 'ignore_ament_install'
[2.618s] Level 1:colcon.colcon_core.package_identification:_identify(src/rplidar_ros) by extensions ['colcon_pkg']
[2.618s] Level 1:colcon.colcon_core.package_identification:_identify(src/rplidar_ros) by extension 'colcon_pkg'
[2.618s] Level 1:colcon.colcon_core.package_identification:_identify(src/rplidar_ros) by extensions ['colcon_meta']
[2.618s] Level 1:colcon.colcon_core.package_identification:_identify(src/rplidar_ros) by extension 'colcon_meta'
[2.618s] Level 1:colcon.colcon_core.package_identification:_identify(src/rplidar_ros) by extensions ['ros']
[2.619s] Level 1:colcon.colcon_core.package_identification:_identify(src/rplidar_ros) by extension 'ros'
[2.622s] DEBUG:colcon.colcon_core.package_identification:Package 'src/rplidar_ros' with type 'ros.ament_cmake' and name 'rplidar_ros'
[2.622s] Level 1:colcon.colcon_core.package_discovery:discover_packages(recursive) using defaults
[2.622s] Level 1:colcon.colcon_core.package_discovery:discover_packages(ignore) discover
[2.622s] Level 1:colcon.colcon_core.package_discovery:discover_packages(ignore) using defaults
[2.622s] Level 1:colcon.colcon_core.package_discovery:discover_packages(path) discover
[2.622s] Level 1:colcon.colcon_core.package_discovery:discover_packages(path) using defaults
[2.800s] Level 1:colcon.colcon_core.package_discovery:discover_packages(prefix_path) check parameters
[2.800s] Level 1:colcon.colcon_core.package_discovery:discover_packages(prefix_path) discover
[2.815s] DEBUG:colcon.colcon_installed_package_information.package_discovery:Found 4 installed packages in /home/roombazon/Desktop/rosWorkspace/install
[2.827s] DEBUG:colcon.colcon_installed_package_information.package_discovery:Found 338 installed packages in /opt/ros/humble
[2.834s] Level 1:colcon.colcon_core.package_discovery:discover_packages(prefix_path) using defaults
[3.046s] Level 5:colcon.colcon_core.verb:set package 'controller' build argument 'cmake_args' from command line to 'None'
[3.046s] Level 5:colcon.colcon_core.verb:set package 'controller' build argument 'cmake_target' from command line to 'None'
[3.046s] Level 5:colcon.colcon_core.verb:set package 'controller' build argument 'cmake_target_skip_unavailable' from command line to 'False'
[3.046s] Level 5:colcon.colcon_core.verb:set package 'controller' build argument 'cmake_clean_cache' from command line to 'False'
[3.046s] Level 5:colcon.colcon_core.verb:set package 'controller' build argument 'cmake_clean_first' from command line to 'False'
[3.046s] Level 5:colcon.colcon_core.verb:set package 'controller' build argument 'cmake_force_configure' from command line to 'False'
[3.046s] Level 5:colcon.colcon_core.verb:set package 'controller' build argument 'ament_cmake_args' from command line to 'None'
[3.047s] Level 5:colcon.colcon_core.verb:set package 'controller' build argument 'catkin_cmake_args' from command line to 'None'
[3.047s] Level 5:colcon.colcon_core.verb:set package 'controller' build argument 'catkin_skip_building_tests' from command line to 'False'
[3.047s] DEBUG:colcon.colcon_core.verb:Building package 'controller' with the following arguments: {'ament_cmake_args': None, 'build_base': '/home/roombazon/Desktop/rosWorkspace/build/controller', 'catkin_cmake_args': None, 'catkin_skip_building_tests': False, 'cmake_args': None, 'cmake_clean_cache': False, 'cmake_clean_first': False, 'cmake_force_configure': False, 'cmake_target': None, 'cmake_target_skip_unavailable': False, 'install_base': '/home/roombazon/Desktop/rosWorkspace/install/controller', 'merge_install': False, 'path': '/home/roombazon/Desktop/rosWorkspace/src/controller', 'symlink_install': False, 'test_result_base': None}
[3.048s] Level 5:colcon.colcon_core.verb:set package 'joystick_ros2' build argument 'cmake_args' from command line to 'None'
[3.048s] Level 5:colcon.colcon_core.verb:set package 'joystick_ros2' build argument 'cmake_target' from command line to 'None'
[3.049s] Level 5:colcon.colcon_core.verb:set package 'joystick_ros2' build argument 'cmake_target_skip_unavailable' from command line to 'False'
[3.049s] Level 5:colcon.colcon_core.verb:set package 'joystick_ros2' build argument 'cmake_clean_cache' from command line to 'False'
[3.049s] Level 5:colcon.colcon_core.verb:set package 'joystick_ros2' build argument 'cmake_clean_first' from command line to 'False'
[3.049s] Level 5:colcon.colcon_core.verb:set package 'joystick_ros2' build argument 'cmake_force_configure' from command line to 'False'
[3.049s] Level 5:colcon.colcon_core.verb:set package 'joystick_ros2' build argument 'ament_cmake_args' from command line to 'None'
[3.049s] Level 5:colcon.colcon_core.verb:set package 'joystick_ros2' build argument 'catkin_cmake_args' from command line to 'None'
[3.049s] Level 5:colcon.colcon_core.verb:set package 'joystick_ros2' build argument 'catkin_skip_building_tests' from command line to 'False'
[3.049s] DEBUG:colcon.colcon_core.verb:Building package 'joystick_ros2' with the following arguments: {'ament_cmake_args': None, 'build_base': '/home/roombazon/Desktop/rosWorkspace/build/joystick_ros2', 'catkin_cmake_args': None, 'catkin_skip_building_tests': False, 'cmake_args': None, 'cmake_clean_cache': False, 'cmake_clean_first': False, 'cmake_force_configure': False, 'cmake_target': None, 'cmake_target_skip_unavailable': False, 'install_base': '/home/roombazon/Desktop/rosWorkspace/install/joystick_ros2', 'merge_install': False, 'path': '/home/roombazon/Desktop/rosWorkspace/src/joystick_ros2', 'symlink_install': False, 'test_result_base': None}
[3.051s] Level 5:colcon.colcon_core.verb:set package 'rplidar_ros' build argument 'cmake_args' from command line to 'None'
[3.051s] Level 5:colcon.colcon_core.verb:set package 'rplidar_ros' build argument 'cmake_target' from command line to 'None'
[3.051s] Level 5:colcon.colcon_core.verb:set package 'rplidar_ros' build argument 'cmake_target_skip_unavailable' from command line to 'False'
[3.051s] Level 5:colcon.colcon_core.verb:set package 'rplidar_ros' build argument 'cmake_clean_cache' from command line to 'False'
[3.051s] Level 5:colcon.colcon_core.verb:set package 'rplidar_ros' build argument 'cmake_clean_first' from command line to 'False'
[3.051s] Level 5:colcon.colcon_core.verb:set package 'rplidar_ros' build argument 'cmake_force_configure' from command line to 'False'
[3.051s] Level 5:colcon.colcon_core.verb:set package 'rplidar_ros' build argument 'ament_cmake_args' from command line to 'None'
[3.051s] Level 5:colcon.colcon_core.verb:set package 'rplidar_ros' build argument 'catkin_cmake_args' from command line to 'None'
[3.052s] Level 5:colcon.colcon_core.verb:set package 'rplidar_ros' build argument 'catkin_skip_building_tests' from command line to 'False'
[3.052s] DEBUG:colcon.colcon_core.verb:Building package 'rplidar_ros' with the following arguments: {'ament_cmake_args': None, 'build_base': '/home/roombazon/Desktop/rosWorkspace/build/rplidar_ros', 'catkin_cmake_args': None, 'catkin_skip_building_tests': False, 'cmake_args': None, 'cmake_clean_cache': False, 'cmake_clean_first': False, 'cmake_force_configure': False, 'cmake_target': None, 'cmake_target_skip_unavailable': False, 'install_base': '/home/roombazon/Desktop/rosWorkspace/install/rplidar_ros', 'merge_install': False, 'path': '/home/roombazon/Desktop/rosWorkspace/src/rplidar_ros', 'symlink_install': False, 'test_result_base': None}
[3.052s] INFO:colcon.colcon_core.executor:Executing jobs using 'parallel' executor
[3.055s] DEBUG:colcon.colcon_parallel_executor.executor.parallel:run_until_complete
[3.056s] INFO:colcon.colcon_ros.task.ament_python.build:Building ROS package in '/home/roombazon/Desktop/rosWorkspace/src/controller' with build type 'ament_python'
[3.057s] Level 1:colcon.colcon_core.shell:create_environment_hook('controller', 'ament_prefix_path')
[3.079s] INFO:colcon.colcon_core.plugin_system:Skipping extension 'colcon_core.shell.bat': Not used on non-Windows systems
[3.080s] INFO:colcon.colcon_core.shell:Creating environment hook '/home/roombazon/Desktop/rosWorkspace/install/controller/share/controller/hook/ament_prefix_path.ps1'
[3.084s] INFO:colcon.colcon_core.shell:Creating environment descriptor '/home/roombazon/Desktop/rosWorkspace/install/controller/share/controller/hook/ament_prefix_path.dsv'
[3.088s] INFO:colcon.colcon_core.shell:Creating environment hook '/home/roombazon/Desktop/rosWorkspace/install/controller/share/controller/hook/ament_prefix_path.sh'
[3.092s] INFO:colcon.colcon_core.shell:Skip shell extension 'powershell' for command environment: Not usable outside of PowerShell
[3.093s] DEBUG:colcon.colcon_core.shell:Skip shell extension 'dsv' for command environment
[3.116s] INFO:colcon.colcon_ros.task.ament_python.build:Building ROS package in '/home/roombazon/Desktop/rosWorkspace/src/joystick_ros2' with build type 'ament_python'
[3.116s] Level 1:colcon.colcon_core.shell:create_environment_hook('joystick_ros2', 'ament_prefix_path')
[3.118s] INFO:colcon.colcon_core.shell:Creating environment hook '/home/roombazon/Desktop/rosWorkspace/install/joystick_ros2/share/joystick_ros2/hook/ament_prefix_path.ps1'
[3.120s] INFO:colcon.colcon_core.shell:Creating environment descriptor '/home/roombazon/Desktop/rosWorkspace/install/joystick_ros2/share/joystick_ros2/hook/ament_prefix_path.dsv'
[3.122s] INFO:colcon.colcon_core.shell:Creating environment hook '/home/roombazon/Desktop/rosWorkspace/install/joystick_ros2/share/joystick_ros2/hook/ament_prefix_path.sh'
[3.126s] INFO:colcon.colcon_core.shell:Skip shell extension 'powershell' for command environment: Not usable outside of PowerShell
[3.126s] DEBUG:colcon.colcon_core.shell:Skip shell extension 'dsv' for command environment
[3.152s] INFO:colcon.colcon_ros.task.ament_cmake.build:Building ROS package in '/home/roombazon/Desktop/rosWorkspace/src/rplidar_ros' with build type 'ament_cmake'
[3.153s] INFO:colcon.colcon_cmake.task.cmake.build:Building CMake package in '/home/roombazon/Desktop/rosWorkspace/src/rplidar_ros'
[3.154s] INFO:colcon.colcon_core.shell:Skip shell extension 'powershell' for command environment: Not usable outside of PowerShell
[3.154s] DEBUG:colcon.colcon_core.shell:Skip shell extension 'dsv' for command environment
[4.487s] INFO:colcon.colcon_core.task.python.build:Building Python package in '/home/roombazon/Desktop/rosWorkspace/src/controller'
[4.488s] INFO:colcon.colcon_core.shell:Skip shell extension 'powershell' for command environment: Not usable outside of PowerShell
[4.488s] DEBUG:colcon.colcon_core.shell:Skip shell extension 'dsv' for command environment
[5.790s] WARNING:colcon.colcon_ros.task.ament_python.build:Package 'joystick_ros2' doesn't explicitly install the 'package.xml' file (colcon-ros currently does it implicitly but that fallback will be removed in the future)
[5.792s] INFO:colcon.colcon_core.task.python.build:Building Python package in '/home/roombazon/Desktop/rosWorkspace/src/joystick_ros2'
[5.793s] INFO:colcon.colcon_core.shell:Skip shell extension 'powershell' for command environment: Not usable outside of PowerShell
[5.793s] DEBUG:colcon.colcon_core.shell:Skip shell extension 'dsv' for command environment
[5.832s] DEBUG:colcon.colcon_core.event_handler.log_command:Invoking command in '/home/roombazon/Desktop/rosWorkspace/build/rplidar_ros': CMAKE_PREFIX_PATH=${CMAKE_PREFIX_PATH}:/home/roombazon/Desktop/rosWorkspace/install/joystick_ros2:/home/roombazon/Desktop/rosWorkspace/install/controller:/opt/ros/humble /usr/bin/cmake --build /home/roombazon/Desktop/rosWorkspace/build/rplidar_ros -- -j4 -l4
[6.687s] DEBUG:colcon.colcon_core.event_handler.log_command:Invoked command in '/home/roombazon/Desktop/rosWorkspace/build/rplidar_ros' returned '0': CMAKE_PREFIX_PATH=${CMAKE_PREFIX_PATH}:/home/roombazon/Desktop/rosWorkspace/install/joystick_ros2:/home/roombazon/Desktop/rosWorkspace/install/controller:/opt/ros/humble /usr/bin/cmake --build /home/roombazon/Desktop/rosWorkspace/build/rplidar_ros -- -j4 -l4
[6.739s] DEBUG:colcon.colcon_core.event_handler.log_command:Invoking command in '/home/roombazon/Desktop/rosWorkspace/build/rplidar_ros': CMAKE_PREFIX_PATH=${CMAKE_PREFIX_PATH}:/home/roombazon/Desktop/rosWorkspace/install/joystick_ros2:/home/roombazon/Desktop/rosWorkspace/install/controller:/opt/ros/humble /usr/bin/cmake --install /home/roombazon/Desktop/rosWorkspace/build/rplidar_ros
[6.834s] Level 1:colcon.colcon_core.environment:create_environment_scripts_only(rplidar_ros)
[6.837s] DEBUG:colcon.colcon_core.event_handler.log_command:Invoked command in '/home/roombazon/Desktop/rosWorkspace/build/rplidar_ros' returned '0': CMAKE_PREFIX_PATH=${CMAKE_PREFIX_PATH}:/home/roombazon/Desktop/rosWorkspace/install/joystick_ros2:/home/roombazon/Desktop/rosWorkspace/install/controller:/opt/ros/humble /usr/bin/cmake --install /home/roombazon/Desktop/rosWorkspace/build/rplidar_ros
[6.860s] Level 1:colcon.colcon_core.environment:checking '/home/roombazon/Desktop/rosWorkspace/install/rplidar_ros' for CMake module files
[6.864s] Level 1:colcon.colcon_core.environment:checking '/home/roombazon/Desktop/rosWorkspace/install/rplidar_ros' for CMake config files
[6.865s] Level 1:colcon.colcon_core.shell:create_environment_hook('rplidar_ros', 'cmake_prefix_path')
[6.866s] INFO:colcon.colcon_core.shell:Creating environment hook '/home/roombazon/Desktop/rosWorkspace/install/rplidar_ros/share/rplidar_ros/hook/cmake_prefix_path.ps1'
[6.869s] INFO:colcon.colcon_core.shell:Creating environment descriptor '/home/roombazon/Desktop/rosWorkspace/install/rplidar_ros/share/rplidar_ros/hook/cmake_prefix_path.dsv'
[6.871s] INFO:colcon.colcon_core.shell:Creating environment hook '/home/roombazon/Desktop/rosWorkspace/install/rplidar_ros/share/rplidar_ros/hook/cmake_prefix_path.sh'
[6.874s] Level 1:colcon.colcon_core.environment:checking '/home/roombazon/Desktop/rosWorkspace/install/rplidar_ros/lib'
[6.875s] Level 1:colcon.colcon_core.environment:checking '/home/roombazon/Desktop/rosWorkspace/install/rplidar_ros/bin'
[6.876s] Level 1:colcon.colcon_core.environment:checking '/home/roombazon/Desktop/rosWorkspace/install/rplidar_ros/lib/pkgconfig/rplidar_ros.pc'
[6.877s] Level 1:colcon.colcon_core.environment:checking '/home/roombazon/Desktop/rosWorkspace/install/rplidar_ros/lib/python3.10/site-packages'
[6.878s] Level 1:colcon.colcon_core.environment:checking '/home/roombazon/Desktop/rosWorkspace/install/rplidar_ros/bin'
[6.879s] INFO:colcon.colcon_core.shell:Creating package script '/home/roombazon/Desktop/rosWorkspace/install/rplidar_ros/share/rplidar_ros/package.ps1'
[6.884s] INFO:colcon.colcon_core.shell:Creating package descriptor '/home/roombazon/Desktop/rosWorkspace/install/rplidar_ros/share/rplidar_ros/package.dsv'
[6.888s] INFO:colcon.colcon_core.shell:Creating package script '/home/roombazon/Desktop/rosWorkspace/install/rplidar_ros/share/rplidar_ros/package.sh'
[6.893s] INFO:colcon.colcon_core.shell:Creating package script '/home/roombazon/Desktop/rosWorkspace/install/rplidar_ros/share/rplidar_ros/package.bash'
[6.898s] INFO:colcon.colcon_core.shell:Creating package script '/home/roombazon/Desktop/rosWorkspace/install/rplidar_ros/share/rplidar_ros/package.zsh'
[6.907s] Level 1:colcon.colcon_core.environment:create_file_with_runtime_dependencies(/home/roombazon/Desktop/rosWorkspace/install/rplidar_ros/share/colcon-core/packages/rplidar_ros)
[6.913s] Level 1:colcon.colcon_core.environment:create_environment_scripts_only(rplidar_ros)
[6.915s] Level 1:colcon.colcon_core.environment:checking '/home/roombazon/Desktop/rosWorkspace/install/rplidar_ros' for CMake module files
[6.918s] Level 1:colcon.colcon_core.environment:checking '/home/roombazon/Desktop/rosWorkspace/install/rplidar_ros' for CMake config files
[6.920s] Level 1:colcon.colcon_core.shell:create_environment_hook('rplidar_ros', 'cmake_prefix_path')
[6.921s] INFO:colcon.colcon_core.shell:Creating environment hook '/home/roombazon/Desktop/rosWorkspace/install/rplidar_ros/share/rplidar_ros/hook/cmake_prefix_path.ps1'
[6.923s] INFO:colcon.colcon_core.shell:Creating environment descriptor '/home/roombazon/Desktop/rosWorkspace/install/rplidar_ros/share/rplidar_ros/hook/cmake_prefix_path.dsv'
[6.925s] INFO:colcon.colcon_core.shell:Creating environment hook '/home/roombazon/Desktop/rosWorkspace/install/rplidar_ros/share/rplidar_ros/hook/cmake_prefix_path.sh'
[6.928s] Level 1:colcon.colcon_core.environment:checking '/home/roombazon/Desktop/rosWorkspace/install/rplidar_ros/lib'
[6.929s] Level 1:colcon.colcon_core.environment:checking '/home/roombazon/Desktop/rosWorkspace/install/rplidar_ros/bin'
[6.929s] Level 1:colcon.colcon_core.environment:checking '/home/roombazon/Desktop/rosWorkspace/install/rplidar_ros/lib/pkgconfig/rplidar_ros.pc'
[6.930s] Level 1:colcon.colcon_core.environment:checking '/home/roombazon/Desktop/rosWorkspace/install/rplidar_ros/lib/python3.10/site-packages'
[6.932s] Level 1:colcon.colcon_core.environment:checking '/home/roombazon/Desktop/rosWorkspace/install/rplidar_ros/bin'
[6.933s] INFO:colcon.colcon_core.shell:Creating package script '/home/roombazon/Desktop/rosWorkspace/install/rplidar_ros/share/rplidar_ros/package.ps1'
[6.936s] INFO:colcon.colcon_core.shell:Creating package descriptor '/home/roombazon/Desktop/rosWorkspace/install/rplidar_ros/share/rplidar_ros/package.dsv'
[6.938s] INFO:colcon.colcon_core.shell:Creating package script '/home/roombazon/Desktop/rosWorkspace/install/rplidar_ros/share/rplidar_ros/package.sh'
[6.941s] INFO:colcon.colcon_core.shell:Creating package script '/home/roombazon/Desktop/rosWorkspace/install/rplidar_ros/share/rplidar_ros/package.bash'
[6.944s] INFO:colcon.colcon_core.shell:Creating package script '/home/roombazon/Desktop/rosWorkspace/install/rplidar_ros/share/rplidar_ros/package.zsh'
[6.946s] Level 1:colcon.colcon_core.environment:create_file_with_runtime_dependencies(/home/roombazon/Desktop/rosWorkspace/install/rplidar_ros/share/colcon-core/packages/rplidar_ros)
[8.580s] DEBUG:colcon.colcon_core.event_handler.log_command:Invoking command in '/home/roombazon/Desktop/rosWorkspace/src/joystick_ros2': PYTHONPATH=/home/roombazon/Desktop/rosWorkspace/build/joystick_ros2/prefix_override:/usr/lib/python3/dist-packages/colcon_core/task/python/colcon_distutils_commands:/home/roombazon/Desktop/rosWorkspace/install/joystick_ros2/lib/python3.10/site-packages:${PYTHONPATH} /usr/bin/python3 -W ignore:setup.py install is deprecated -W ignore:easy_install command is deprecated setup.py egg_info --egg-base ../../build/joystick_ros2 build --build-base /home/roombazon/Desktop/rosWorkspace/build/joystick_ros2/build install --record /home/roombazon/Desktop/rosWorkspace/build/joystick_ros2/install.log --install-scripts $base/lib/joystick_ros2 --single-version-externally-managed install_data
[8.594s] DEBUG:colcon.colcon_core.event_handler.log_command:Invoking command in '/home/roombazon/Desktop/rosWorkspace/src/controller': PYTHONPATH=/home/roombazon/Desktop/rosWorkspace/build/controller/prefix_override:/usr/lib/python3/dist-packages/colcon_core/task/python/colcon_distutils_commands:/home/roombazon/Desktop/rosWorkspace/install/controller/lib/python3.10/site-packages:${PYTHONPATH} /usr/bin/python3 -W ignore:setup.py install is deprecated -W ignore:easy_install command is deprecated setup.py egg_info --egg-base ../../build/controller build --build-base /home/roombazon/Desktop/rosWorkspace/build/controller/build install --record /home/roombazon/Desktop/rosWorkspace/build/controller/install.log --single-version-externally-managed install_data
[10.266s] Level 1:colcon.colcon_core.environment:checking '/home/roombazon/Desktop/rosWorkspace/install/joystick_ros2' for CMake module files
[10.268s] DEBUG:colcon.colcon_core.event_handler.log_command:Invoked command in '/home/roombazon/Desktop/rosWorkspace/src/joystick_ros2' returned '0': PYTHONPATH=/home/roombazon/Desktop/rosWorkspace/build/joystick_ros2/prefix_override:/usr/lib/python3/dist-packages/colcon_core/task/python/colcon_distutils_commands:/home/roombazon/Desktop/rosWorkspace/install/joystick_ros2/lib/python3.10/site-packages:${PYTHONPATH} /usr/bin/python3 -W ignore:setup.py install is deprecated -W ignore:easy_install command is deprecated setup.py egg_info --egg-base ../../build/joystick_ros2 build --build-base /home/roombazon/Desktop/rosWorkspace/build/joystick_ros2/build install --record /home/roombazon/Desktop/rosWorkspace/build/joystick_ros2/install.log --install-scripts $base/lib/joystick_ros2 --single-version-externally-managed install_data
[10.271s] Level 1:colcon.colcon_core.environment:checking '/home/roombazon/Desktop/rosWorkspace/install/joystick_ros2' for CMake config files
[10.277s] Level 1:colcon.colcon_core.environment:checking '/home/roombazon/Desktop/rosWorkspace/install/joystick_ros2/lib'
[10.278s] Level 1:colcon.colcon_core.environment:checking '/home/roombazon/Desktop/rosWorkspace/install/joystick_ros2/bin'
[10.279s] Level 1:colcon.colcon_core.environment:checking '/home/roombazon/Desktop/rosWorkspace/install/joystick_ros2/lib/pkgconfig/joystick_ros2.pc'
[10.280s] Level 1:colcon.colcon_core.environment:checking '/home/roombazon/Desktop/rosWorkspace/install/joystick_ros2/lib/python3.10/site-packages'
[10.281s] Level 1:colcon.colcon_core.shell:create_environment_hook('joystick_ros2', 'pythonpath')
[10.282s] INFO:colcon.colcon_core.shell:Creating environment hook '/home/roombazon/Desktop/rosWorkspace/install/joystick_ros2/share/joystick_ros2/hook/pythonpath.ps1'
[10.285s] INFO:colcon.colcon_core.shell:Creating environment descriptor '/home/roombazon/Desktop/rosWorkspace/install/joystick_ros2/share/joystick_ros2/hook/pythonpath.dsv'
[10.287s] INFO:colcon.colcon_core.shell:Creating environment hook '/home/roombazon/Desktop/rosWorkspace/install/joystick_ros2/share/joystick_ros2/hook/pythonpath.sh'
[10.290s] Level 1:colcon.colcon_core.environment:checking '/home/roombazon/Desktop/rosWorkspace/install/joystick_ros2/bin'
[10.290s] Level 1:colcon.colcon_core.environment:create_environment_scripts_only(joystick_ros2)
[10.292s] INFO:colcon.colcon_core.shell:Creating package script '/home/roombazon/Desktop/rosWorkspace/install/joystick_ros2/share/joystick_ros2/package.ps1'
[10.294s] INFO:colcon.colcon_core.shell:Creating package descriptor '/home/roombazon/Desktop/rosWorkspace/install/joystick_ros2/share/joystick_ros2/package.dsv'
[10.296s] INFO:colcon.colcon_core.shell:Creating package script '/home/roombazon/Desktop/rosWorkspace/install/joystick_ros2/share/joystick_ros2/package.sh'
[10.298s] INFO:colcon.colcon_core.shell:Creating package script '/home/roombazon/Desktop/rosWorkspace/install/joystick_ros2/share/joystick_ros2/package.bash'
[10.300s] INFO:colcon.colcon_core.shell:Creating package script '/home/roombazon/Desktop/rosWorkspace/install/joystick_ros2/share/joystick_ros2/package.zsh'
[10.302s] Level 1:colcon.colcon_core.environment:create_file_with_runtime_dependencies(/home/roombazon/Desktop/rosWorkspace/install/joystick_ros2/share/colcon-core/packages/joystick_ros2)
[10.306s] Level 1:colcon.colcon_core.environment:checking '/home/roombazon/Desktop/rosWorkspace/install/controller' for CMake module files
[10.309s] DEBUG:colcon.colcon_core.event_handler.log_command:Invoked command in '/home/roombazon/Desktop/rosWorkspace/src/controller' returned '0': PYTHONPATH=/home/roombazon/Desktop/rosWorkspace/build/controller/prefix_override:/usr/lib/python3/dist-packages/colcon_core/task/python/colcon_distutils_commands:/home/roombazon/Desktop/rosWorkspace/install/controller/lib/python3.10/site-packages:${PYTHONPATH} /usr/bin/python3 -W ignore:setup.py install is deprecated -W ignore:easy_install command is deprecated setup.py egg_info --egg-base ../../build/controller build --build-base /home/roombazon/Desktop/rosWorkspace/build/controller/build install --record /home/roombazon/Desktop/rosWorkspace/build/controller/install.log --single-version-externally-managed install_data
[10.310s] Level 1:colcon.colcon_core.environment:checking '/home/roombazon/Desktop/rosWorkspace/install/controller' for CMake config files
[10.314s] Level 1:colcon.colcon_core.environment:checking '/home/roombazon/Desktop/rosWorkspace/install/controller/lib'
[10.314s] Level 1:colcon.colcon_core.environment:checking '/home/roombazon/Desktop/rosWorkspace/install/controller/bin'
[10.314s] Level 1:colcon.colcon_core.environment:checking '/home/roombazon/Desktop/rosWorkspace/install/controller/lib/pkgconfig/controller.pc'
[10.316s] Level 1:colcon.colcon_core.environment:checking '/home/roombazon/Desktop/rosWorkspace/install/controller/lib/python3.10/site-packages'
[10.316s] Level 1:colcon.colcon_core.shell:create_environment_hook('controller', 'pythonpath')
[10.317s] INFO:colcon.colcon_core.shell:Creating environment hook '/home/roombazon/Desktop/rosWorkspace/install/controller/share/controller/hook/pythonpath.ps1'
[10.320s] INFO:colcon.colcon_core.shell:Creating environment descriptor '/home/roombazon/Desktop/rosWorkspace/install/controller/share/controller/hook/pythonpath.dsv'
[10.323s] INFO:colcon.colcon_core.shell:Creating environment hook '/home/roombazon/Desktop/rosWorkspace/install/controller/share/controller/hook/pythonpath.sh'
[10.326s] Level 1:colcon.colcon_core.environment:checking '/home/roombazon/Desktop/rosWorkspace/install/controller/bin'
[10.327s] Level 1:colcon.colcon_core.environment:create_environment_scripts_only(controller)
[10.328s] INFO:colcon.colcon_core.shell:Creating package script '/home/roombazon/Desktop/rosWorkspace/install/controller/share/controller/package.ps1'
[10.331s] INFO:colcon.colcon_core.shell:Creating package descriptor '/home/roombazon/Desktop/rosWorkspace/install/controller/share/controller/package.dsv'
[10.334s] INFO:colcon.colcon_core.shell:Creating package script '/home/roombazon/Desktop/rosWorkspace/install/controller/share/controller/package.sh'
[10.337s] INFO:colcon.colcon_core.shell:Creating package script '/home/roombazon/Desktop/rosWorkspace/install/controller/share/controller/package.bash'
[10.339s] INFO:colcon.colcon_core.shell:Creating package script '/home/roombazon/Desktop/rosWorkspace/install/controller/share/controller/package.zsh'
[10.343s] Level 1:colcon.colcon_core.environment:create_file_with_runtime_dependencies(/home/roombazon/Desktop/rosWorkspace/install/controller/share/colcon-core/packages/controller)
[10.346s] DEBUG:colcon.colcon_parallel_executor.executor.parallel:closing loop
[10.348s] DEBUG:colcon.colcon_parallel_executor.executor.parallel:loop closed
[10.349s] DEBUG:colcon.colcon_parallel_executor.executor.parallel:run_until_complete finished with '0'
[10.350s] DEBUG:colcon.colcon_core.event_reactor:joining thread
[10.391s] INFO:colcon.colcon_core.plugin_system:Skipping extension 'colcon_notification.desktop_notification.notify_send': Could not find 'notify-send'
[10.391s] INFO:colcon.colcon_core.plugin_system:Skipping extension 'colcon_notification.desktop_notification.terminal_notifier': Not used on non-Darwin systems
[10.392s] INFO:colcon.colcon_core.plugin_system:Skipping extension 'colcon_notification.desktop_notification.win32': Not used on non-Windows systems
[10.392s] INFO:colcon.colcon_notification.desktop_notification:Sending desktop notification using 'notify2'
[10.406s] DEBUG:colcon.colcon_core.event_reactor:joined thread
[10.407s] INFO:colcon.colcon_core.shell:Creating prefix script '/home/roombazon/Desktop/rosWorkspace/install/local_setup.ps1'
[10.414s] INFO:colcon.colcon_core.shell:Creating prefix util module '/home/roombazon/Desktop/rosWorkspace/install/_local_setup_util_ps1.py'
[10.423s] INFO:colcon.colcon_core.shell:Creating prefix chain script '/home/roombazon/Desktop/rosWorkspace/install/setup.ps1'
[10.429s] INFO:colcon.colcon_core.shell:Creating prefix script '/home/roombazon/Desktop/rosWorkspace/install/local_setup.sh'
[10.432s] INFO:colcon.colcon_core.shell:Creating prefix util module '/home/roombazon/Desktop/rosWorkspace/install/_local_setup_util_sh.py'
[10.435s] INFO:colcon.colcon_core.shell:Creating prefix chain script '/home/roombazon/Desktop/rosWorkspace/install/setup.sh'
[10.442s] INFO:colcon.colcon_core.shell:Creating prefix script '/home/roombazon/Desktop/rosWorkspace/install/local_setup.bash'
[10.447s] INFO:colcon.colcon_core.shell:Creating prefix chain script '/home/roombazon/Desktop/rosWorkspace/install/setup.bash'
[10.459s] INFO:colcon.colcon_core.shell:Creating prefix script '/home/roombazon/Desktop/rosWorkspace/install/local_setup.zsh'
[10.464s] INFO:colcon.colcon_core.shell:Creating prefix chain script '/home/roombazon/Desktop/rosWorkspace/install/setup.zsh'
