[6.609s] Invoking command in '/home/roombazon/Desktop/rosWorkspace/src/joystick_ros2': PYTHONPATH=/home/roombazon/Desktop/rosWorkspace/build/joystick_ros2/prefix_override:/usr/lib/python3/dist-packages/colcon_core/task/python/colcon_distutils_commands:/home/roombazon/Desktop/rosWorkspace/install/joystick_ros2/lib/python3.10/site-packages:${PYTHONPATH} /usr/bin/python3 -W ignore:setup.py install is deprecated -W ignore:easy_install command is deprecated setup.py egg_info --egg-base ../../build/joystick_ros2 build --build-base /home/roombazon/Desktop/rosWorkspace/build/joystick_ros2/build install --record /home/roombazon/Desktop/rosWorkspace/build/joystick_ros2/install.log --install-scripts $base/lib/joystick_ros2 --single-version-externally-managed install_data
[8.262s] /usr/lib/python3/dist-packages/setuptools/dist.py:723: UserWarning: Usage of dash-separated 'script-dir' will not be supported in future versions. Please use the underscore name 'script_dir' instead
[8.263s]   warnings.warn(
[8.318s] running egg_info
[8.322s] writing ../../build/joystick_ros2/joystick_ros2.egg-info/PKG-INFO
[8.357s] writing dependency_links to ../../build/joystick_ros2/joystick_ros2.egg-info/dependency_links.txt
[8.359s] writing entry points to ../../build/joystick_ros2/joystick_ros2.egg-info/entry_points.txt
[8.388s] writing requirements to ../../build/joystick_ros2/joystick_ros2.egg-info/requires.txt
[8.406s] writing top-level names to ../../build/joystick_ros2/joystick_ros2.egg-info/top_level.txt
[8.435s] reading manifest file '../../build/joystick_ros2/joystick_ros2.egg-info/SOURCES.txt'
[8.437s] adding license file 'LICENSE'
[8.443s] writing manifest file '../../build/joystick_ros2/joystick_ros2.egg-info/SOURCES.txt'
[8.450s] running build
[8.466s] running build_py
[8.466s] copying joystick_ros2.py -> /home/roombazon/Desktop/rosWorkspace/build/joystick_ros2/build/lib
[8.467s] running install
[8.467s] running install_lib
[8.468s] copying /home/roombazon/Desktop/rosWorkspace/build/joystick_ros2/build/lib/joystick_ros2.py -> /home/roombazon/Desktop/rosWorkspace/install/joystick_ros2/lib/python3.10/site-packages
[8.471s] byte-compiling /home/roombazon/Desktop/rosWorkspace/install/joystick_ros2/lib/python3.10/site-packages/joystick_ros2.py to joystick_ros2.cpython-310.pyc
[8.475s] Sorry: TabError: inconsistent use of tabs and spaces in indentation (joystick_ros2.py, line 196)
[8.476s] running install_data
[8.477s] running install_egg_info
[8.488s] removing '/home/roombazon/Desktop/rosWorkspace/install/joystick_ros2/lib/python3.10/site-packages/joystick_ros2-0.0.1-py3.10.egg-info' (and everything under it)
[8.491s] Copying ../../build/joystick_ros2/joystick_ros2.egg-info to /home/roombazon/Desktop/rosWorkspace/install/joystick_ros2/lib/python3.10/site-packages/joystick_ros2-0.0.1-py3.10.egg-info
[8.501s] running install_scripts
[8.640s] Installing joystick_ros2 script to /home/roombazon/Desktop/rosWorkspace/install/joystick_ros2/lib/joystick_ros2
[8.651s] writing list of installed files to '/home/roombazon/Desktop/rosWorkspace/build/joystick_ros2/install.log'
[8.992s] Invoked command in '/home/roombazon/Desktop/rosWorkspace/src/joystick_ros2' returned '0': PYTHONPATH=/home/roombazon/Desktop/rosWorkspace/build/joystick_ros2/prefix_override:/usr/lib/python3/dist-packages/colcon_core/task/python/colcon_distutils_commands:/home/roombazon/Desktop/rosWorkspace/install/joystick_ros2/lib/python3.10/site-packages:${PYTHONPATH} /usr/bin/python3 -W ignore:setup.py install is deprecated -W ignore:easy_install command is deprecated setup.py egg_info --egg-base ../../build/joystick_ros2 build --build-base /home/roombazon/Desktop/rosWorkspace/build/joystick_ros2/build install --record /home/roombazon/Desktop/rosWorkspace/build/joystick_ros2/install.log --install-scripts $base/lib/joystick_ros2 --single-version-externally-managed install_data
