[0.047s] Invoking command in '/home/roombazon/Desktop/rosWorkspace/build/rplidar_ros': /usr/bin/cmake /home/roombazon/Desktop/rosWorkspace/src/rplidar_ros -DCATKIN_INSTALL_INTO_PREFIX_ROOT=0 -DCMAKE_INSTALL_PREFIX=/home/roombazon/Desktop/rosWorkspace/install/rplidar_ros
[0.074s] [0mCMake Deprecation Warning at CMakeLists.txt:1 (cmake_minimum_required):
[0.075s]   Compatibility with CMake < 2.8.12 will be removed from a future version of
[0.075s]   CMake.
[0.075s] 
[0.076s]   Update the VERSION argument <min> value or use a ...<max> suffix to tell
[0.076s]   CMake that the project does not need compatibility with older versions.
[0.076s] 
[0.077s] [0m
[0.260s] [31mCMake Error at CMakeLists.txt:16 (find_package):
[0.261s]   By not providing "Findcatkin.cmake" in CMAKE_MODULE_PATH this project has
[0.261s]   asked CMake to find a package configuration file provided by "catkin", but
[0.261s]   CMake did not find one.
[0.262s] 
[0.262s]   Could not find a package configuration file provided by "catkin" with any
[0.263s]   of the following names:
[0.263s] 
[0.263s]     catkinConfig.cmake
[0.264s]     catkin-config.cmake
[0.264s] 
[0.264s]   Add the installation prefix of "catkin" to CMAKE_PREFIX_PATH or set
[0.265s]   "catkin_DIR" to a directory containing one of the above files.  If "catkin"
[0.265s]   provides a separate development package or SDK, be sure it has been
[0.266s]   installed.
[0.266s] 
[0.267s] [0m
[0.268s] -- Configuring incomplete, errors occurred!
[0.270s] See also "/home/roombazon/Desktop/rosWorkspace/build/rplidar_ros/CMakeFiles/CMakeOutput.log".
[0.270s] Invoked command in '/home/roombazon/Desktop/rosWorkspace/build/rplidar_ros' returned '1': /usr/bin/cmake /home/roombazon/Desktop/rosWorkspace/src/rplidar_ros -DCATKIN_INSTALL_INTO_PREFIX_ROOT=0 -DCMAKE_INSTALL_PREFIX=/home/roombazon/Desktop/rosWorkspace/install/rplidar_ros
