[0.543s] DEBUG:colcon:Command line arguments: ['/usr/bin/colcon', 'build']
[0.544s] DEBUG:colcon:Parsed command line arguments: Namespace(log_base=None, log_level=None, verb_name='build', build_base='build', install_base='install', merge_install=False, symlink_install=False, test_result_base=None, continue_on_error=False, executor='parallel', parallel_workers=4, event_handlers=None, ignore_user_meta=False, metas=['./colcon.meta'], base_paths=['.'], packages_ignore=None, packages_ignore_regex=None, paths=None, packages_up_to=None, packages_up_to_regex=None, packages_above=None, packages_above_and_dependencies=None, packages_above_depth=None, packages_select_by_dep=None, packages_skip_by_dep=None, packages_skip_up_to=None, packages_select_build_failed=False, packages_skip_build_finished=False, packages_select_test_failures=False, packages_skip_test_passed=False, packages_select=None, packages_skip=None, packages_select_regex=None, packages_skip_regex=None, packages_start=None, packages_end=None, allow_overriding=[], cmake_args=None, cmake_target=None, cmake_target_skip_unavailable=False, cmake_clean_cache=False, cmake_clean_first=False, cmake_force_configure=False, ament_cmake_args=None, catkin_cmake_args=None, catkin_skip_building_tests=False, mixin_files=None, mixin=None, verb_parser=<colcon_mixin.mixin.mixin_argument.MixinArgumentDecorator object at 0xffffbd3c2050>, verb_extension=<colcon_core.verb.build.BuildVerb object at 0xffffbd572fe0>, main=<bound method BuildVerb.main of <colcon_core.verb.build.BuildVerb object at 0xffffbd572fe0>>, mixin_verb=('build',))
[1.576s] Level 1:colcon.colcon_core.package_discovery:discover_packages(colcon_meta) check parameters
[1.577s] Level 1:colcon.colcon_core.package_discovery:discover_packages(recursive) check parameters
[1.577s] Level 1:colcon.colcon_core.package_discovery:discover_packages(ignore) check parameters
[1.577s] Level 1:colcon.colcon_core.package_discovery:discover_packages(path) check parameters
[1.577s] Level 1:colcon.colcon_core.package_discovery:discover_packages(colcon_meta) discover
[1.577s] Level 1:colcon.colcon_core.package_discovery:discover_packages(recursive) discover
[1.577s] INFO:colcon.colcon_core.package_discovery:Crawling recursively for packages in '/home/roombazon/Desktop/rosWorkspace'
[1.578s] Level 1:colcon.colcon_core.package_identification:_identify(.) by extensions ['ignore', 'ignore_ament_install']
[1.579s] Level 1:colcon.colcon_core.package_identification:_identify(.) by extension 'ignore'
[1.579s] Level 1:colcon.colcon_core.package_identification:_identify(.) by extension 'ignore_ament_install'
[1.579s] Level 1:colcon.colcon_core.package_identification:_identify(.) by extensions ['colcon_pkg']
[1.579s] Level 1:colcon.colcon_core.package_identification:_identify(.) by extension 'colcon_pkg'
[1.580s] Level 1:colcon.colcon_core.package_identification:_identify(.) by extensions ['colcon_meta']
[1.580s] Level 1:colcon.colcon_core.package_identification:_identify(.) by extension 'colcon_meta'
[1.580s] Level 1:colcon.colcon_core.package_identification:_identify(.) by extensions ['ros']
[1.580s] Level 1:colcon.colcon_core.package_identification:_identify(.) by extension 'ros'
[1.629s] Level 1:colcon.colcon_core.package_identification:_identify(.) by extensions ['cmake', 'python']
[1.630s] Level 1:colcon.colcon_core.package_identification:_identify(.) by extension 'cmake'
[1.630s] Level 1:colcon.colcon_core.package_identification:_identify(.) by extension 'python'
[1.630s] Level 1:colcon.colcon_core.package_identification:_identify(.) by extensions ['python_setup_py']
[1.630s] Level 1:colcon.colcon_core.package_identification:_identify(.) by extension 'python_setup_py'
[1.631s] Level 1:colcon.colcon_core.package_identification:_identify(build) by extensions ['ignore', 'ignore_ament_install']
[1.631s] Level 1:colcon.colcon_core.package_identification:_identify(build) by extension 'ignore'
[1.631s] Level 1:colcon.colcon_core.package_identification:_identify(build) ignored
[1.632s] Level 1:colcon.colcon_core.package_identification:_identify(install) by extensions ['ignore', 'ignore_ament_install']
[1.632s] Level 1:colcon.colcon_core.package_identification:_identify(install) by extension 'ignore'
[1.633s] Level 1:colcon.colcon_core.package_identification:_identify(install) ignored
[1.633s] Level 1:colcon.colcon_core.package_identification:_identify(log) by extensions ['ignore', 'ignore_ament_install']
[1.634s] Level 1:colcon.colcon_core.package_identification:_identify(log) by extension 'ignore'
[1.634s] Level 1:colcon.colcon_core.package_identification:_identify(log) ignored
[1.634s] Level 1:colcon.colcon_core.package_identification:_identify(src) by extensions ['ignore', 'ignore_ament_install']
[1.635s] Level 1:colcon.colcon_core.package_identification:_identify(src) by extension 'ignore'
[1.635s] Level 1:colcon.colcon_core.package_identification:_identify(src) by extension 'ignore_ament_install'
[1.635s] Level 1:colcon.colcon_core.package_identification:_identify(src) by extensions ['colcon_pkg']
[1.635s] Level 1:colcon.colcon_core.package_identification:_identify(src) by extension 'colcon_pkg'
[1.635s] Level 1:colcon.colcon_core.package_identification:_identify(src) by extensions ['colcon_meta']
[1.636s] Level 1:colcon.colcon_core.package_identification:_identify(src) by extension 'colcon_meta'
[1.636s] Level 1:colcon.colcon_core.package_identification:_identify(src) by extensions ['ros']
[1.636s] Level 1:colcon.colcon_core.package_identification:_identify(src) by extension 'ros'
[1.637s] Level 1:colcon.colcon_core.package_identification:_identify(src) by extensions ['cmake', 'python']
[1.637s] Level 1:colcon.colcon_core.package_identification:_identify(src) by extension 'cmake'
[1.637s] Level 1:colcon.colcon_core.package_identification:_identify(src) by extension 'python'
[1.637s] Level 1:colcon.colcon_core.package_identification:_identify(src) by extensions ['python_setup_py']
[1.637s] Level 1:colcon.colcon_core.package_identification:_identify(src) by extension 'python_setup_py'
[1.638s] Level 1:colcon.colcon_core.package_identification:_identify(src/controller) by extensions ['ignore', 'ignore_ament_install']
[1.638s] Level 1:colcon.colcon_core.package_identification:_identify(src/controller) by extension 'ignore'
[1.638s] Level 1:colcon.colcon_core.package_identification:_identify(src/controller) by extension 'ignore_ament_install'
[1.638s] Level 1:colcon.colcon_core.package_identification:_identify(src/controller) by extensions ['colcon_pkg']
[1.638s] Level 1:colcon.colcon_core.package_identification:_identify(src/controller) by extension 'colcon_pkg'
[1.639s] Level 1:colcon.colcon_core.package_identification:_identify(src/controller) by extensions ['colcon_meta']
[1.639s] Level 1:colcon.colcon_core.package_identification:_identify(src/controller) by extension 'colcon_meta'
[1.639s] Level 1:colcon.colcon_core.package_identification:_identify(src/controller) by extensions ['ros']
[1.639s] Level 1:colcon.colcon_core.package_identification:_identify(src/controller) by extension 'ros'
[1.649s] DEBUG:colcon.colcon_core.package_identification:Package 'src/controller' with type 'ros.ament_python' and name 'controller'
[1.650s] Level 1:colcon.colcon_core.package_identification:_identify(src/odometry_publisher) by extensions ['ignore', 'ignore_ament_install']
[1.650s] Level 1:colcon.colcon_core.package_identification:_identify(src/odometry_publisher) by extension 'ignore'
[1.651s] Level 1:colcon.colcon_core.package_identification:_identify(src/odometry_publisher) by extension 'ignore_ament_install'
[1.651s] Level 1:colcon.colcon_core.package_identification:_identify(src/odometry_publisher) by extensions ['colcon_pkg']
[1.651s] Level 1:colcon.colcon_core.package_identification:_identify(src/odometry_publisher) by extension 'colcon_pkg'
[1.651s] Level 1:colcon.colcon_core.package_identification:_identify(src/odometry_publisher) by extensions ['colcon_meta']
[1.651s] Level 1:colcon.colcon_core.package_identification:_identify(src/odometry_publisher) by extension 'colcon_meta'
[1.651s] Level 1:colcon.colcon_core.package_identification:_identify(src/odometry_publisher) by extensions ['ros']
[1.652s] Level 1:colcon.colcon_core.package_identification:_identify(src/odometry_publisher) by extension 'ros'
[1.654s] DEBUG:colcon.colcon_core.package_identification:Package 'src/odometry_publisher' with type 'ros.ament_python' and name 'odometry_publisher'
[1.655s] Level 1:colcon.colcon_core.package_identification:_identify(src/rplidar_ros) by extensions ['ignore', 'ignore_ament_install']
[1.655s] Level 1:colcon.colcon_core.package_identification:_identify(src/rplidar_ros) by extension 'ignore'
[1.655s] Level 1:colcon.colcon_core.package_identification:_identify(src/rplidar_ros) by extension 'ignore_ament_install'
[1.655s] Level 1:colcon.colcon_core.package_identification:_identify(src/rplidar_ros) by extensions ['colcon_pkg']
[1.655s] Level 1:colcon.colcon_core.package_identification:_identify(src/rplidar_ros) by extension 'colcon_pkg'
[1.656s] Level 1:colcon.colcon_core.package_identification:_identify(src/rplidar_ros) by extensions ['colcon_meta']
[1.656s] Level 1:colcon.colcon_core.package_identification:_identify(src/rplidar_ros) by extension 'colcon_meta'
[1.656s] Level 1:colcon.colcon_core.package_identification:_identify(src/rplidar_ros) by extensions ['ros']
[1.656s] Level 1:colcon.colcon_core.package_identification:_identify(src/rplidar_ros) by extension 'ros'
[1.659s] DEBUG:colcon.colcon_core.package_identification:Package 'src/rplidar_ros' with type 'ros.ament_cmake' and name 'rplidar_ros'
[1.660s] Level 1:colcon.colcon_core.package_discovery:discover_packages(recursive) using defaults
[1.660s] Level 1:colcon.colcon_core.package_discovery:discover_packages(ignore) discover
[1.660s] Level 1:colcon.colcon_core.package_discovery:discover_packages(ignore) using defaults
[1.660s] Level 1:colcon.colcon_core.package_discovery:discover_packages(path) discover
[1.660s] Level 1:colcon.colcon_core.package_discovery:discover_packages(path) using defaults
[1.791s] Level 1:colcon.colcon_core.package_discovery:discover_packages(prefix_path) check parameters
[1.791s] Level 1:colcon.colcon_core.package_discovery:discover_packages(prefix_path) discover
[1.801s] DEBUG:colcon.colcon_installed_package_information.package_discovery:Found 3 installed packages in /home/roombazon/Desktop/rosWorkspace/install
[1.812s] DEBUG:colcon.colcon_installed_package_information.package_discovery:Found 338 installed packages in /opt/ros/humble
[1.821s] Level 1:colcon.colcon_core.package_discovery:discover_packages(prefix_path) using defaults
[2.043s] Level 5:colcon.colcon_core.verb:set package 'controller' build argument 'cmake_args' from command line to 'None'
[2.043s] Level 5:colcon.colcon_core.verb:set package 'controller' build argument 'cmake_target' from command line to 'None'
[2.043s] Level 5:colcon.colcon_core.verb:set package 'controller' build argument 'cmake_target_skip_unavailable' from command line to 'False'
[2.044s] Level 5:colcon.colcon_core.verb:set package 'controller' build argument 'cmake_clean_cache' from command line to 'False'
[2.044s] Level 5:colcon.colcon_core.verb:set package 'controller' build argument 'cmake_clean_first' from command line to 'False'
[2.044s] Level 5:colcon.colcon_core.verb:set package 'controller' build argument 'cmake_force_configure' from command line to 'False'
[2.044s] Level 5:colcon.colcon_core.verb:set package 'controller' build argument 'ament_cmake_args' from command line to 'None'
[2.044s] Level 5:colcon.colcon_core.verb:set package 'controller' build argument 'catkin_cmake_args' from command line to 'None'
[2.044s] Level 5:colcon.colcon_core.verb:set package 'controller' build argument 'catkin_skip_building_tests' from command line to 'False'
[2.044s] DEBUG:colcon.colcon_core.verb:Building package 'controller' with the following arguments: {'ament_cmake_args': None, 'build_base': '/home/roombazon/Desktop/rosWorkspace/build/controller', 'catkin_cmake_args': None, 'catkin_skip_building_tests': False, 'cmake_args': None, 'cmake_clean_cache': False, 'cmake_clean_first': False, 'cmake_force_configure': False, 'cmake_target': None, 'cmake_target_skip_unavailable': False, 'install_base': '/home/roombazon/Desktop/rosWorkspace/install/controller', 'merge_install': False, 'path': '/home/roombazon/Desktop/rosWorkspace/src/controller', 'symlink_install': False, 'test_result_base': None}
[2.046s] Level 5:colcon.colcon_core.verb:set package 'odometry_publisher' build argument 'cmake_args' from command line to 'None'
[2.046s] Level 5:colcon.colcon_core.verb:set package 'odometry_publisher' build argument 'cmake_target' from command line to 'None'
[2.046s] Level 5:colcon.colcon_core.verb:set package 'odometry_publisher' build argument 'cmake_target_skip_unavailable' from command line to 'False'
[2.047s] Level 5:colcon.colcon_core.verb:set package 'odometry_publisher' build argument 'cmake_clean_cache' from command line to 'False'
[2.047s] Level 5:colcon.colcon_core.verb:set package 'odometry_publisher' build argument 'cmake_clean_first' from command line to 'False'
[2.047s] Level 5:colcon.colcon_core.verb:set package 'odometry_publisher' build argument 'cmake_force_configure' from command line to 'False'
[2.047s] Level 5:colcon.colcon_core.verb:set package 'odometry_publisher' build argument 'ament_cmake_args' from command line to 'None'
[2.047s] Level 5:colcon.colcon_core.verb:set package 'odometry_publisher' build argument 'catkin_cmake_args' from command line to 'None'
[2.047s] Level 5:colcon.colcon_core.verb:set package 'odometry_publisher' build argument 'catkin_skip_building_tests' from command line to 'False'
[2.047s] DEBUG:colcon.colcon_core.verb:Building package 'odometry_publisher' with the following arguments: {'ament_cmake_args': None, 'build_base': '/home/roombazon/Desktop/rosWorkspace/build/odometry_publisher', 'catkin_cmake_args': None, 'catkin_skip_building_tests': False, 'cmake_args': None, 'cmake_clean_cache': False, 'cmake_clean_first': False, 'cmake_force_configure': False, 'cmake_target': None, 'cmake_target_skip_unavailable': False, 'install_base': '/home/roombazon/Desktop/rosWorkspace/install/odometry_publisher', 'merge_install': False, 'path': '/home/roombazon/Desktop/rosWorkspace/src/odometry_publisher', 'symlink_install': False, 'test_result_base': None}
[2.049s] Level 5:colcon.colcon_core.verb:set package 'rplidar_ros' build argument 'cmake_args' from command line to 'None'
[2.049s] Level 5:colcon.colcon_core.verb:set package 'rplidar_ros' build argument 'cmake_target' from command line to 'None'
[2.049s] Level 5:colcon.colcon_core.verb:set package 'rplidar_ros' build argument 'cmake_target_skip_unavailable' from command line to 'False'
[2.049s] Level 5:colcon.colcon_core.verb:set package 'rplidar_ros' build argument 'cmake_clean_cache' from command line to 'False'
[2.050s] Level 5:colcon.colcon_core.verb:set package 'rplidar_ros' build argument 'cmake_clean_first' from command line to 'False'
[2.050s] Level 5:colcon.colcon_core.verb:set package 'rplidar_ros' build argument 'cmake_force_configure' from command line to 'False'
[2.050s] Level 5:colcon.colcon_core.verb:set package 'rplidar_ros' build argument 'ament_cmake_args' from command line to 'None'
[2.050s] Level 5:colcon.colcon_core.verb:set package 'rplidar_ros' build argument 'catkin_cmake_args' from command line to 'None'
[2.050s] Level 5:colcon.colcon_core.verb:set package 'rplidar_ros' build argument 'catkin_skip_building_tests' from command line to 'False'
[2.050s] DEBUG:colcon.colcon_core.verb:Building package 'rplidar_ros' with the following arguments: {'ament_cmake_args': None, 'build_base': '/home/roombazon/Desktop/rosWorkspace/build/rplidar_ros', 'catkin_cmake_args': None, 'catkin_skip_building_tests': False, 'cmake_args': None, 'cmake_clean_cache': False, 'cmake_clean_first': False, 'cmake_force_configure': False, 'cmake_target': None, 'cmake_target_skip_unavailable': False, 'install_base': '/home/roombazon/Desktop/rosWorkspace/install/rplidar_ros', 'merge_install': False, 'path': '/home/roombazon/Desktop/rosWorkspace/src/rplidar_ros', 'symlink_install': False, 'test_result_base': None}
[2.051s] INFO:colcon.colcon_core.executor:Executing jobs using 'parallel' executor
[2.054s] DEBUG:colcon.colcon_parallel_executor.executor.parallel:run_until_complete
[2.055s] INFO:colcon.colcon_ros.task.ament_python.build:Building ROS package in '/home/roombazon/Desktop/rosWorkspace/src/controller' with build type 'ament_python'
[2.056s] Level 1:colcon.colcon_core.shell:create_environment_hook('controller', 'ament_prefix_path')
[2.066s] INFO:colcon.colcon_core.plugin_system:Skipping extension 'colcon_core.shell.bat': Not used on non-Windows systems
[2.067s] INFO:colcon.colcon_core.shell:Creating environment hook '/home/roombazon/Desktop/rosWorkspace/install/controller/share/controller/hook/ament_prefix_path.ps1'
[2.070s] INFO:colcon.colcon_core.shell:Creating environment descriptor '/home/roombazon/Desktop/rosWorkspace/install/controller/share/controller/hook/ament_prefix_path.dsv'
[2.082s] INFO:colcon.colcon_core.shell:Creating environment hook '/home/roombazon/Desktop/rosWorkspace/install/controller/share/controller/hook/ament_prefix_path.sh'
[2.090s] INFO:colcon.colcon_core.shell:Skip shell extension 'powershell' for command environment: Not usable outside of PowerShell
[2.091s] DEBUG:colcon.colcon_core.shell:Skip shell extension 'dsv' for command environment
[2.119s] INFO:colcon.colcon_ros.task.ament_python.build:Building ROS package in '/home/roombazon/Desktop/rosWorkspace/src/odometry_publisher' with build type 'ament_python'
[2.120s] Level 1:colcon.colcon_core.shell:create_environment_hook('odometry_publisher', 'ament_prefix_path')
[2.122s] INFO:colcon.colcon_core.shell:Creating environment hook '/home/roombazon/Desktop/rosWorkspace/install/odometry_publisher/share/odometry_publisher/hook/ament_prefix_path.ps1'
[2.124s] INFO:colcon.colcon_core.shell:Creating environment descriptor '/home/roombazon/Desktop/rosWorkspace/install/odometry_publisher/share/odometry_publisher/hook/ament_prefix_path.dsv'
[2.128s] INFO:colcon.colcon_core.shell:Creating environment hook '/home/roombazon/Desktop/rosWorkspace/install/odometry_publisher/share/odometry_publisher/hook/ament_prefix_path.sh'
[2.132s] INFO:colcon.colcon_core.shell:Skip shell extension 'powershell' for command environment: Not usable outside of PowerShell
[2.132s] DEBUG:colcon.colcon_core.shell:Skip shell extension 'dsv' for command environment
[2.175s] INFO:colcon.colcon_ros.task.ament_cmake.build:Building ROS package in '/home/roombazon/Desktop/rosWorkspace/src/rplidar_ros' with build type 'ament_cmake'
[2.176s] INFO:colcon.colcon_cmake.task.cmake.build:Building CMake package in '/home/roombazon/Desktop/rosWorkspace/src/rplidar_ros'
[2.178s] INFO:colcon.colcon_core.shell:Skip shell extension 'powershell' for command environment: Not usable outside of PowerShell
[2.179s] DEBUG:colcon.colcon_core.shell:Skip shell extension 'dsv' for command environment
[4.513s] INFO:colcon.colcon_core.task.python.build:Building Python package in '/home/roombazon/Desktop/rosWorkspace/src/controller'
[4.514s] INFO:colcon.colcon_core.shell:Skip shell extension 'powershell' for command environment: Not usable outside of PowerShell
[4.515s] DEBUG:colcon.colcon_core.shell:Skip shell extension 'dsv' for command environment
[5.794s] INFO:colcon.colcon_core.task.python.build:Building Python package in '/home/roombazon/Desktop/rosWorkspace/src/odometry_publisher'
[5.795s] INFO:colcon.colcon_core.shell:Skip shell extension 'powershell' for command environment: Not usable outside of PowerShell
[5.796s] DEBUG:colcon.colcon_core.shell:Skip shell extension 'dsv' for command environment
[5.835s] DEBUG:colcon.colcon_core.event_handler.log_command:Invoking command in '/home/roombazon/Desktop/rosWorkspace/build/rplidar_ros': CMAKE_PREFIX_PATH=${CMAKE_PREFIX_PATH}:/home/roombazon/Desktop/rosWorkspace/install/odometry_publisher:/home/roombazon/Desktop/rosWorkspace/install/controller:/opt/ros/humble /usr/bin/cmake --build /home/roombazon/Desktop/rosWorkspace/build/rplidar_ros -- -j4 -l4
[6.278s] DEBUG:colcon.colcon_core.event_handler.log_command:Invoked command in '/home/roombazon/Desktop/rosWorkspace/build/rplidar_ros' returned '0': CMAKE_PREFIX_PATH=${CMAKE_PREFIX_PATH}:/home/roombazon/Desktop/rosWorkspace/install/odometry_publisher:/home/roombazon/Desktop/rosWorkspace/install/controller:/opt/ros/humble /usr/bin/cmake --build /home/roombazon/Desktop/rosWorkspace/build/rplidar_ros -- -j4 -l4
[6.318s] DEBUG:colcon.colcon_core.event_handler.log_command:Invoking command in '/home/roombazon/Desktop/rosWorkspace/build/rplidar_ros': CMAKE_PREFIX_PATH=${CMAKE_PREFIX_PATH}:/home/roombazon/Desktop/rosWorkspace/install/odometry_publisher:/home/roombazon/Desktop/rosWorkspace/install/controller:/opt/ros/humble /usr/bin/cmake --install /home/roombazon/Desktop/rosWorkspace/build/rplidar_ros
[6.392s] Level 1:colcon.colcon_core.environment:create_environment_scripts_only(rplidar_ros)
[6.405s] Level 1:colcon.colcon_core.environment:checking '/home/roombazon/Desktop/rosWorkspace/install/rplidar_ros' for CMake module files
[6.414s] DEBUG:colcon.colcon_core.event_handler.log_command:Invoked command in '/home/roombazon/Desktop/rosWorkspace/build/rplidar_ros' returned '0': CMAKE_PREFIX_PATH=${CMAKE_PREFIX_PATH}:/home/roombazon/Desktop/rosWorkspace/install/odometry_publisher:/home/roombazon/Desktop/rosWorkspace/install/controller:/opt/ros/humble /usr/bin/cmake --install /home/roombazon/Desktop/rosWorkspace/build/rplidar_ros
[6.415s] Level 1:colcon.colcon_core.environment:checking '/home/roombazon/Desktop/rosWorkspace/install/rplidar_ros' for CMake config files
[6.417s] Level 1:colcon.colcon_core.shell:create_environment_hook('rplidar_ros', 'cmake_prefix_path')
[6.418s] INFO:colcon.colcon_core.shell:Creating environment hook '/home/roombazon/Desktop/rosWorkspace/install/rplidar_ros/share/rplidar_ros/hook/cmake_prefix_path.ps1'
[6.421s] INFO:colcon.colcon_core.shell:Creating environment descriptor '/home/roombazon/Desktop/rosWorkspace/install/rplidar_ros/share/rplidar_ros/hook/cmake_prefix_path.dsv'
[6.424s] INFO:colcon.colcon_core.shell:Creating environment hook '/home/roombazon/Desktop/rosWorkspace/install/rplidar_ros/share/rplidar_ros/hook/cmake_prefix_path.sh'
[6.428s] Level 1:colcon.colcon_core.environment:checking '/home/roombazon/Desktop/rosWorkspace/install/rplidar_ros/lib'
[6.429s] Level 1:colcon.colcon_core.environment:checking '/home/roombazon/Desktop/rosWorkspace/install/rplidar_ros/bin'
[6.430s] Level 1:colcon.colcon_core.environment:checking '/home/roombazon/Desktop/rosWorkspace/install/rplidar_ros/lib/pkgconfig/rplidar_ros.pc'
[6.431s] Level 1:colcon.colcon_core.environment:checking '/home/roombazon/Desktop/rosWorkspace/install/rplidar_ros/lib/python3.10/site-packages'
[6.433s] Level 1:colcon.colcon_core.environment:checking '/home/roombazon/Desktop/rosWorkspace/install/rplidar_ros/bin'
[6.434s] INFO:colcon.colcon_core.shell:Creating package script '/home/roombazon/Desktop/rosWorkspace/install/rplidar_ros/share/rplidar_ros/package.ps1'
[6.438s] INFO:colcon.colcon_core.shell:Creating package descriptor '/home/roombazon/Desktop/rosWorkspace/install/rplidar_ros/share/rplidar_ros/package.dsv'
[6.442s] INFO:colcon.colcon_core.shell:Creating package script '/home/roombazon/Desktop/rosWorkspace/install/rplidar_ros/share/rplidar_ros/package.sh'
[6.446s] INFO:colcon.colcon_core.shell:Creating package script '/home/roombazon/Desktop/rosWorkspace/install/rplidar_ros/share/rplidar_ros/package.bash'
[6.450s] INFO:colcon.colcon_core.shell:Creating package script '/home/roombazon/Desktop/rosWorkspace/install/rplidar_ros/share/rplidar_ros/package.zsh'
[6.454s] Level 1:colcon.colcon_core.environment:create_file_with_runtime_dependencies(/home/roombazon/Desktop/rosWorkspace/install/rplidar_ros/share/colcon-core/packages/rplidar_ros)
[6.458s] Level 1:colcon.colcon_core.environment:create_environment_scripts_only(rplidar_ros)
[6.459s] Level 1:colcon.colcon_core.environment:checking '/home/roombazon/Desktop/rosWorkspace/install/rplidar_ros' for CMake module files
[6.462s] Level 1:colcon.colcon_core.environment:checking '/home/roombazon/Desktop/rosWorkspace/install/rplidar_ros' for CMake config files
[6.464s] Level 1:colcon.colcon_core.shell:create_environment_hook('rplidar_ros', 'cmake_prefix_path')
[6.465s] INFO:colcon.colcon_core.shell:Creating environment hook '/home/roombazon/Desktop/rosWorkspace/install/rplidar_ros/share/rplidar_ros/hook/cmake_prefix_path.ps1'
[6.467s] INFO:colcon.colcon_core.shell:Creating environment descriptor '/home/roombazon/Desktop/rosWorkspace/install/rplidar_ros/share/rplidar_ros/hook/cmake_prefix_path.dsv'
[6.470s] INFO:colcon.colcon_core.shell:Creating environment hook '/home/roombazon/Desktop/rosWorkspace/install/rplidar_ros/share/rplidar_ros/hook/cmake_prefix_path.sh'
[6.474s] Level 1:colcon.colcon_core.environment:checking '/home/roombazon/Desktop/rosWorkspace/install/rplidar_ros/lib'
[6.475s] Level 1:colcon.colcon_core.environment:checking '/home/roombazon/Desktop/rosWorkspace/install/rplidar_ros/bin'
[6.475s] Level 1:colcon.colcon_core.environment:checking '/home/roombazon/Desktop/rosWorkspace/install/rplidar_ros/lib/pkgconfig/rplidar_ros.pc'
[6.476s] Level 1:colcon.colcon_core.environment:checking '/home/roombazon/Desktop/rosWorkspace/install/rplidar_ros/lib/python3.10/site-packages'
[6.477s] Level 1:colcon.colcon_core.environment:checking '/home/roombazon/Desktop/rosWorkspace/install/rplidar_ros/bin'
[6.479s] INFO:colcon.colcon_core.shell:Creating package script '/home/roombazon/Desktop/rosWorkspace/install/rplidar_ros/share/rplidar_ros/package.ps1'
[6.482s] INFO:colcon.colcon_core.shell:Creating package descriptor '/home/roombazon/Desktop/rosWorkspace/install/rplidar_ros/share/rplidar_ros/package.dsv'
[6.485s] INFO:colcon.colcon_core.shell:Creating package script '/home/roombazon/Desktop/rosWorkspace/install/rplidar_ros/share/rplidar_ros/package.sh'
[6.487s] INFO:colcon.colcon_core.shell:Creating package script '/home/roombazon/Desktop/rosWorkspace/install/rplidar_ros/share/rplidar_ros/package.bash'
[6.491s] INFO:colcon.colcon_core.shell:Creating package script '/home/roombazon/Desktop/rosWorkspace/install/rplidar_ros/share/rplidar_ros/package.zsh'
[6.494s] Level 1:colcon.colcon_core.environment:create_file_with_runtime_dependencies(/home/roombazon/Desktop/rosWorkspace/install/rplidar_ros/share/colcon-core/packages/rplidar_ros)
[8.046s] DEBUG:colcon.colcon_core.event_handler.log_command:Invoking command in '/home/roombazon/Desktop/rosWorkspace/src/odometry_publisher': PYTHONPATH=/home/roombazon/Desktop/rosWorkspace/build/odometry_publisher/prefix_override:/usr/lib/python3/dist-packages/colcon_core/task/python/colcon_distutils_commands:/home/roombazon/Desktop/rosWorkspace/install/odometry_publisher/lib/python3.10/site-packages:${PYTHONPATH} /usr/bin/python3 -W ignore:setup.py install is deprecated -W ignore:easy_install command is deprecated setup.py egg_info --egg-base ../../build/odometry_publisher build --build-base /home/roombazon/Desktop/rosWorkspace/build/odometry_publisher/build install --record /home/roombazon/Desktop/rosWorkspace/build/odometry_publisher/install.log --single-version-externally-managed install_data
[8.072s] DEBUG:colcon.colcon_core.event_handler.log_command:Invoking command in '/home/roombazon/Desktop/rosWorkspace/src/controller': PYTHONPATH=/home/roombazon/Desktop/rosWorkspace/build/controller/prefix_override:/usr/lib/python3/dist-packages/colcon_core/task/python/colcon_distutils_commands:/home/roombazon/Desktop/rosWorkspace/install/controller/lib/python3.10/site-packages:${PYTHONPATH} /usr/bin/python3 -W ignore:setup.py install is deprecated -W ignore:easy_install command is deprecated setup.py egg_info --egg-base ../../build/controller build --build-base /home/roombazon/Desktop/rosWorkspace/build/controller/build install --record /home/roombazon/Desktop/rosWorkspace/build/controller/install.log --single-version-externally-managed install_data
[9.724s] Level 1:colcon.colcon_core.environment:checking '/home/roombazon/Desktop/rosWorkspace/install/odometry_publisher' for CMake module files
[9.727s] DEBUG:colcon.colcon_core.event_handler.log_command:Invoked command in '/home/roombazon/Desktop/rosWorkspace/src/odometry_publisher' returned '0': PYTHONPATH=/home/roombazon/Desktop/rosWorkspace/build/odometry_publisher/prefix_override:/usr/lib/python3/dist-packages/colcon_core/task/python/colcon_distutils_commands:/home/roombazon/Desktop/rosWorkspace/install/odometry_publisher/lib/python3.10/site-packages:${PYTHONPATH} /usr/bin/python3 -W ignore:setup.py install is deprecated -W ignore:easy_install command is deprecated setup.py egg_info --egg-base ../../build/odometry_publisher build --build-base /home/roombazon/Desktop/rosWorkspace/build/odometry_publisher/build install --record /home/roombazon/Desktop/rosWorkspace/build/odometry_publisher/install.log --single-version-externally-managed install_data
[9.730s] Level 1:colcon.colcon_core.environment:checking '/home/roombazon/Desktop/rosWorkspace/install/odometry_publisher' for CMake config files
[9.737s] Level 1:colcon.colcon_core.environment:checking '/home/roombazon/Desktop/rosWorkspace/install/odometry_publisher/lib'
[9.738s] Level 1:colcon.colcon_core.environment:checking '/home/roombazon/Desktop/rosWorkspace/install/odometry_publisher/bin'
[9.739s] Level 1:colcon.colcon_core.environment:checking '/home/roombazon/Desktop/rosWorkspace/install/odometry_publisher/lib/pkgconfig/odometry_publisher.pc'
[9.740s] Level 1:colcon.colcon_core.environment:checking '/home/roombazon/Desktop/rosWorkspace/install/odometry_publisher/lib/python3.10/site-packages'
[9.740s] Level 1:colcon.colcon_core.shell:create_environment_hook('odometry_publisher', 'pythonpath')
[9.741s] INFO:colcon.colcon_core.shell:Creating environment hook '/home/roombazon/Desktop/rosWorkspace/install/odometry_publisher/share/odometry_publisher/hook/pythonpath.ps1'
[9.744s] INFO:colcon.colcon_core.shell:Creating environment descriptor '/home/roombazon/Desktop/rosWorkspace/install/odometry_publisher/share/odometry_publisher/hook/pythonpath.dsv'
[9.746s] INFO:colcon.colcon_core.shell:Creating environment hook '/home/roombazon/Desktop/rosWorkspace/install/odometry_publisher/share/odometry_publisher/hook/pythonpath.sh'
[9.749s] Level 1:colcon.colcon_core.environment:checking '/home/roombazon/Desktop/rosWorkspace/install/odometry_publisher/bin'
[9.750s] Level 1:colcon.colcon_core.environment:create_environment_scripts_only(odometry_publisher)
[9.751s] INFO:colcon.colcon_core.shell:Creating package script '/home/roombazon/Desktop/rosWorkspace/install/odometry_publisher/share/odometry_publisher/package.ps1'
[9.754s] INFO:colcon.colcon_core.shell:Creating package descriptor '/home/roombazon/Desktop/rosWorkspace/install/odometry_publisher/share/odometry_publisher/package.dsv'
[9.756s] INFO:colcon.colcon_core.shell:Creating package script '/home/roombazon/Desktop/rosWorkspace/install/odometry_publisher/share/odometry_publisher/package.sh'
[9.758s] INFO:colcon.colcon_core.shell:Creating package script '/home/roombazon/Desktop/rosWorkspace/install/odometry_publisher/share/odometry_publisher/package.bash'
[9.760s] INFO:colcon.colcon_core.shell:Creating package script '/home/roombazon/Desktop/rosWorkspace/install/odometry_publisher/share/odometry_publisher/package.zsh'
[9.762s] Level 1:colcon.colcon_core.environment:create_file_with_runtime_dependencies(/home/roombazon/Desktop/rosWorkspace/install/odometry_publisher/share/colcon-core/packages/odometry_publisher)
[9.766s] Level 1:colcon.colcon_core.environment:checking '/home/roombazon/Desktop/rosWorkspace/install/controller' for CMake module files
[9.769s] DEBUG:colcon.colcon_core.event_handler.log_command:Invoked command in '/home/roombazon/Desktop/rosWorkspace/src/controller' returned '0': PYTHONPATH=/home/roombazon/Desktop/rosWorkspace/build/controller/prefix_override:/usr/lib/python3/dist-packages/colcon_core/task/python/colcon_distutils_commands:/home/roombazon/Desktop/rosWorkspace/install/controller/lib/python3.10/site-packages:${PYTHONPATH} /usr/bin/python3 -W ignore:setup.py install is deprecated -W ignore:easy_install command is deprecated setup.py egg_info --egg-base ../../build/controller build --build-base /home/roombazon/Desktop/rosWorkspace/build/controller/build install --record /home/roombazon/Desktop/rosWorkspace/build/controller/install.log --single-version-externally-managed install_data
[9.770s] Level 1:colcon.colcon_core.environment:checking '/home/roombazon/Desktop/rosWorkspace/install/controller' for CMake config files
[9.774s] Level 1:colcon.colcon_core.environment:checking '/home/roombazon/Desktop/rosWorkspace/install/controller/lib'
[9.774s] Level 1:colcon.colcon_core.environment:checking '/home/roombazon/Desktop/rosWorkspace/install/controller/bin'
[9.774s] Level 1:colcon.colcon_core.environment:checking '/home/roombazon/Desktop/rosWorkspace/install/controller/lib/pkgconfig/controller.pc'
[9.775s] Level 1:colcon.colcon_core.environment:checking '/home/roombazon/Desktop/rosWorkspace/install/controller/lib/python3.10/site-packages'
[9.776s] Level 1:colcon.colcon_core.shell:create_environment_hook('controller', 'pythonpath')
[9.777s] INFO:colcon.colcon_core.shell:Creating environment hook '/home/roombazon/Desktop/rosWorkspace/install/controller/share/controller/hook/pythonpath.ps1'
[9.779s] INFO:colcon.colcon_core.shell:Creating environment descriptor '/home/roombazon/Desktop/rosWorkspace/install/controller/share/controller/hook/pythonpath.dsv'
[9.788s] INFO:colcon.colcon_core.shell:Creating environment hook '/home/roombazon/Desktop/rosWorkspace/install/controller/share/controller/hook/pythonpath.sh'
[9.794s] Level 1:colcon.colcon_core.environment:checking '/home/roombazon/Desktop/rosWorkspace/install/controller/bin'
[9.796s] Level 1:colcon.colcon_core.environment:create_environment_scripts_only(controller)
[9.799s] INFO:colcon.colcon_core.shell:Creating package script '/home/roombazon/Desktop/rosWorkspace/install/controller/share/controller/package.ps1'
[9.802s] INFO:colcon.colcon_core.shell:Creating package descriptor '/home/roombazon/Desktop/rosWorkspace/install/controller/share/controller/package.dsv'
[9.807s] INFO:colcon.colcon_core.shell:Creating package script '/home/roombazon/Desktop/rosWorkspace/install/controller/share/controller/package.sh'
[9.809s] INFO:colcon.colcon_core.shell:Creating package script '/home/roombazon/Desktop/rosWorkspace/install/controller/share/controller/package.bash'
[9.811s] INFO:colcon.colcon_core.shell:Creating package script '/home/roombazon/Desktop/rosWorkspace/install/controller/share/controller/package.zsh'
[9.813s] Level 1:colcon.colcon_core.environment:create_file_with_runtime_dependencies(/home/roombazon/Desktop/rosWorkspace/install/controller/share/colcon-core/packages/controller)
[9.815s] DEBUG:colcon.colcon_parallel_executor.executor.parallel:closing loop
[9.816s] DEBUG:colcon.colcon_parallel_executor.executor.parallel:loop closed
[9.817s] DEBUG:colcon.colcon_parallel_executor.executor.parallel:run_until_complete finished with '0'
[9.817s] DEBUG:colcon.colcon_core.event_reactor:joining thread
[9.852s] INFO:colcon.colcon_core.plugin_system:Skipping extension 'colcon_notification.desktop_notification.notify_send': Could not find 'notify-send'
[9.853s] INFO:colcon.colcon_core.plugin_system:Skipping extension 'colcon_notification.desktop_notification.terminal_notifier': Not used on non-Darwin systems
[9.854s] INFO:colcon.colcon_core.plugin_system:Skipping extension 'colcon_notification.desktop_notification.win32': Not used on non-Windows systems
[9.854s] INFO:colcon.colcon_notification.desktop_notification:Sending desktop notification using 'notify2'
[9.873s] DEBUG:colcon.colcon_core.event_reactor:joined thread
[9.875s] INFO:colcon.colcon_core.shell:Creating prefix script '/home/roombazon/Desktop/rosWorkspace/install/local_setup.ps1'
[9.880s] INFO:colcon.colcon_core.shell:Creating prefix util module '/home/roombazon/Desktop/rosWorkspace/install/_local_setup_util_ps1.py'
[9.892s] INFO:colcon.colcon_core.shell:Creating prefix chain script '/home/roombazon/Desktop/rosWorkspace/install/setup.ps1'
[9.899s] INFO:colcon.colcon_core.shell:Creating prefix script '/home/roombazon/Desktop/rosWorkspace/install/local_setup.sh'
[9.903s] INFO:colcon.colcon_core.shell:Creating prefix util module '/home/roombazon/Desktop/rosWorkspace/install/_local_setup_util_sh.py'
[9.906s] INFO:colcon.colcon_core.shell:Creating prefix chain script '/home/roombazon/Desktop/rosWorkspace/install/setup.sh'
[9.911s] INFO:colcon.colcon_core.shell:Creating prefix script '/home/roombazon/Desktop/rosWorkspace/install/local_setup.bash'
[9.913s] INFO:colcon.colcon_core.shell:Creating prefix chain script '/home/roombazon/Desktop/rosWorkspace/install/setup.bash'
[9.918s] INFO:colcon.colcon_core.shell:Creating prefix script '/home/roombazon/Desktop/rosWorkspace/install/local_setup.zsh'
[9.921s] INFO:colcon.colcon_core.shell:Creating prefix chain script '/home/roombazon/Desktop/rosWorkspace/install/setup.zsh'
