[2.737s] Invoking command in '/home/roombazon/Desktop/rosWorkspace/build/rplidar_ros': CMAKE_PREFIX_PATH=${CMAKE_PREFIX_PATH}:/home/roombazon/Desktop/rosWorkspace/install/joystick_ros2:/home/roombazon/Desktop/rosWorkspace/install/controller:/opt/ros/humble /usr/bin/cmake --build /home/roombazon/Desktop/rosWorkspace/build/rplidar_ros -- -j4 -l4
[3.093s] [  5%] Built target rplidar_client
[3.111s] [ 52%] Built target rplidar_node
[3.149s] [100%] Built target rplidar_composition
[3.204s] Invoked command in '/home/roombazon/Desktop/rosWorkspace/build/rplidar_ros' returned '0': CMAKE_PREFIX_PATH=${CMAKE_PREFIX_PATH}:/home/roombazon/Desktop/rosWorkspace/install/joystick_ros2:/home/roombazon/Desktop/rosWorkspace/install/controller:/opt/ros/humble /usr/bin/cmake --build /home/roombazon/Desktop/rosWorkspace/build/rplidar_ros -- -j4 -l4
[3.250s] Invoking command in '/home/roombazon/Desktop/rosWorkspace/build/rplidar_ros': CMAKE_PREFIX_PATH=${CMAKE_PREFIX_PATH}:/home/roombazon/Desktop/rosWorkspace/install/joystick_ros2:/home/roombazon/Desktop/rosWorkspace/install/controller:/opt/ros/humble /usr/bin/cmake --install /home/roombazon/Desktop/rosWorkspace/build/rplidar_ros
[3.295s] -- Install configuration: ""
[3.296s] -- Up-to-date: /home/roombazon/Desktop/rosWorkspace/install/rplidar_ros/share/rplidar_ros/launch
[3.297s] -- Up-to-date: /home/roombazon/Desktop/rosWorkspace/install/rplidar_ros/share/rplidar_ros/launch/view_rplidar_s2e_launch.py
[3.297s] -- Up-to-date: /home/roombazon/Desktop/rosWorkspace/install/rplidar_ros/share/rplidar_ros/launch/view_rplidar_s1_launch.py
[3.299s] -- Up-to-date: /home/roombazon/Desktop/rosWorkspace/install/rplidar_ros/share/rplidar_ros/launch/rplidar_a1_launch.py
[3.300s] -- Up-to-date: /home/roombazon/Desktop/rosWorkspace/install/rplidar_ros/share/rplidar_ros/launch/rplidar_a2m8_launch.py
[3.301s] -- Up-to-date: /home/roombazon/Desktop/rosWorkspace/install/rplidar_ros/share/rplidar_ros/launch/rplidar_c1_launch.py
[3.303s] -- Up-to-date: /home/roombazon/Desktop/rosWorkspace/install/rplidar_ros/share/rplidar_ros/launch/view_rplidar_a1_launch.py
[3.303s] -- Up-to-date: /home/roombazon/Desktop/rosWorkspace/install/rplidar_ros/share/rplidar_ros/launch/rplidar_s1_launch.py
[3.304s] -- Up-to-date: /home/roombazon/Desktop/rosWorkspace/install/rplidar_ros/share/rplidar_ros/launch/view_rplidar_s2_launch.py
[3.305s] -- Up-to-date: /home/roombazon/Desktop/rosWorkspace/install/rplidar_ros/share/rplidar_ros/launch/view_rplidar_a3_launch.py
[3.305s] -- Up-to-date: /home/roombazon/Desktop/rosWorkspace/install/rplidar_ros/share/rplidar_ros/launch/view_rplidar_s3_launch.py
[3.306s] -- Up-to-date: /home/roombazon/Desktop/rosWorkspace/install/rplidar_ros/share/rplidar_ros/launch/view_rplidar_c1_launch.py
[3.306s] -- Up-to-date: /home/roombazon/Desktop/rosWorkspace/install/rplidar_ros/share/rplidar_ros/launch/rplidar_s3_launch.py
[3.307s] -- Up-to-date: /home/roombazon/Desktop/rosWorkspace/install/rplidar_ros/share/rplidar_ros/launch/rplidar_s1_tcp_launch.py
[3.307s] -- Up-to-date: /home/roombazon/Desktop/rosWorkspace/install/rplidar_ros/share/rplidar_ros/launch/rplidar_s2e_launch.py
[3.308s] -- Up-to-date: /home/roombazon/Desktop/rosWorkspace/install/rplidar_ros/share/rplidar_ros/launch/rplidar_s2_launch.py
[3.308s] -- Up-to-date: /home/roombazon/Desktop/rosWorkspace/install/rplidar_ros/share/rplidar_ros/launch/view_rplidar_a2m12_launch.py
[3.309s] -- Up-to-date: /home/roombazon/Desktop/rosWorkspace/install/rplidar_ros/share/rplidar_ros/launch/rplidar_a2m7_launch.py
[3.309s] -- Up-to-date: /home/roombazon/Desktop/rosWorkspace/install/rplidar_ros/share/rplidar_ros/launch/view_rplidar_a2m7_launch.py
[3.310s] -- Up-to-date: /home/roombazon/Desktop/rosWorkspace/install/rplidar_ros/share/rplidar_ros/launch/view_rplidar_t1_launch.py
[3.310s] -- Up-to-date: /home/roombazon/Desktop/rosWorkspace/install/rplidar_ros/share/rplidar_ros/launch/rplidar_a2m12_launch.py
[3.311s] -- Up-to-date: /home/roombazon/Desktop/rosWorkspace/install/rplidar_ros/share/rplidar_ros/launch/view_rplidar_a2m8_launch.py
[3.312s] -- Up-to-date: /home/roombazon/Desktop/rosWorkspace/install/rplidar_ros/share/rplidar_ros/launch/rplidar_a3_launch.py
[3.313s] -- Up-to-date: /home/roombazon/Desktop/rosWorkspace/install/rplidar_ros/share/rplidar_ros/launch/view_rplidar_s1_tcp_launch.py
[3.314s] -- Up-to-date: /home/roombazon/Desktop/rosWorkspace/install/rplidar_ros/share/rplidar_ros/launch/rplidar_t1_launch.py
[3.316s] -- Up-to-date: /home/roombazon/Desktop/rosWorkspace/install/rplidar_ros/share/rplidar_ros/rviz
[3.317s] -- Up-to-date: /home/roombazon/Desktop/rosWorkspace/install/rplidar_ros/share/rplidar_ros/rviz/rplidar_ros.rviz
[3.317s] -- Up-to-date: /home/roombazon/Desktop/rosWorkspace/install/rplidar_ros/lib/rplidar_ros/rplidar_node
[3.318s] -- Up-to-date: /home/roombazon/Desktop/rosWorkspace/install/rplidar_ros/lib/rplidar_ros/rplidar_composition
[3.319s] -- Up-to-date: /home/roombazon/Desktop/rosWorkspace/install/rplidar_ros/lib/rplidar_ros/rplidar_client
[3.321s] -- Up-to-date: /home/roombazon/Desktop/rosWorkspace/install/rplidar_ros/share/ament_index/resource_index/package_run_dependencies/rplidar_ros
[3.321s] -- Up-to-date: /home/roombazon/Desktop/rosWorkspace/install/rplidar_ros/share/ament_index/resource_index/parent_prefix_path/rplidar_ros
[3.322s] -- Up-to-date: /home/roombazon/Desktop/rosWorkspace/install/rplidar_ros/share/rplidar_ros/environment/ament_prefix_path.sh
[3.323s] -- Up-to-date: /home/roombazon/Desktop/rosWorkspace/install/rplidar_ros/share/rplidar_ros/environment/ament_prefix_path.dsv
[3.324s] -- Up-to-date: /home/roombazon/Desktop/rosWorkspace/install/rplidar_ros/share/rplidar_ros/environment/path.sh
[3.325s] -- Up-to-date: /home/roombazon/Desktop/rosWorkspace/install/rplidar_ros/share/rplidar_ros/environment/path.dsv
[3.329s] -- Up-to-date: /home/roombazon/Desktop/rosWorkspace/install/rplidar_ros/share/rplidar_ros/local_setup.bash
[3.330s] -- Up-to-date: /home/roombazon/Desktop/rosWorkspace/install/rplidar_ros/share/rplidar_ros/local_setup.sh
[3.331s] -- Up-to-date: /home/roombazon/Desktop/rosWorkspace/install/rplidar_ros/share/rplidar_ros/local_setup.zsh
[3.332s] -- Up-to-date: /home/roombazon/Desktop/rosWorkspace/install/rplidar_ros/share/rplidar_ros/local_setup.dsv
[3.332s] -- Installing: /home/roombazon/Desktop/rosWorkspace/install/rplidar_ros/share/rplidar_ros/package.dsv
[3.333s] -- Up-to-date: /home/roombazon/Desktop/rosWorkspace/install/rplidar_ros/share/ament_index/resource_index/packages/rplidar_ros
[3.334s] -- Up-to-date: /home/roombazon/Desktop/rosWorkspace/install/rplidar_ros/share/rplidar_ros/cmake/ament_cmake_export_dependencies-extras.cmake
[3.335s] -- Up-to-date: /home/roombazon/Desktop/rosWorkspace/install/rplidar_ros/share/rplidar_ros/cmake/ament_cmake_export_include_directories-extras.cmake
[3.336s] -- Up-to-date: /home/roombazon/Desktop/rosWorkspace/install/rplidar_ros/share/rplidar_ros/cmake/rplidar_rosConfig.cmake
[3.337s] -- Up-to-date: /home/roombazon/Desktop/rosWorkspace/install/rplidar_ros/share/rplidar_ros/cmake/rplidar_rosConfig-version.cmake
[3.337s] -- Up-to-date: /home/roombazon/Desktop/rosWorkspace/install/rplidar_ros/share/rplidar_ros/package.xml
[3.338s] Invoked command in '/home/roombazon/Desktop/rosWorkspace/build/rplidar_ros' returned '0': CMAKE_PREFIX_PATH=${CMAKE_PREFIX_PATH}:/home/roombazon/Desktop/rosWorkspace/install/joystick_ros2:/home/roombazon/Desktop/rosWorkspace/install/controller:/opt/ros/humble /usr/bin/cmake --install /home/roombazon/Desktop/rosWorkspace/build/rplidar_ros
