[6.680s] Invoking command in '/home/roombazon/Desktop/rosWorkspace/src/controller': PYTHONPATH=/home/roombazon/Desktop/rosWorkspace/build/controller/prefix_override:/usr/lib/python3/dist-packages/colcon_core/task/python/colcon_distutils_commands:/home/roombazon/Desktop/rosWorkspace/install/controller/lib/python3.10/site-packages:${PYTHONPATH} /usr/bin/python3 -W ignore:setup.py install is deprecated -W ignore:easy_install command is deprecated setup.py egg_info --egg-base ../../build/controller build --build-base /home/roombazon/Desktop/rosWorkspace/build/controller/build install --record /home/roombazon/Desktop/rosWorkspace/build/controller/install.log --single-version-externally-managed install_data
[8.388s] running egg_info
[8.391s] writing ../../build/controller/controller.egg-info/PKG-INFO
[8.412s] writing dependency_links to ../../build/controller/controller.egg-info/dependency_links.txt
[8.413s] writing entry points to ../../build/controller/controller.egg-info/entry_points.txt
[8.415s] writing requirements to ../../build/controller/controller.egg-info/requires.txt
[8.444s] writing top-level names to ../../build/controller/controller.egg-info/top_level.txt
[8.471s] reading manifest file '../../build/controller/controller.egg-info/SOURCES.txt'
[8.477s] writing manifest file '../../build/controller/controller.egg-info/SOURCES.txt'
[8.485s] running build
[8.487s] running build_py
[8.491s] running install
[8.493s] running install_lib
[8.500s] running install_data
[8.502s] running install_egg_info
[8.524s] removing '/home/roombazon/Desktop/rosWorkspace/install/controller/lib/python3.10/site-packages/controller-0.0.0-py3.10.egg-info' (and everything under it)
[8.525s] Copying ../../build/controller/controller.egg-info to /home/roombazon/Desktop/rosWorkspace/install/controller/lib/python3.10/site-packages/controller-0.0.0-py3.10.egg-info
[8.525s] running install_scripts
[8.638s] Installing gamepad_controller script to /home/roombazon/Desktop/rosWorkspace/install/controller/lib/controller
[8.639s] writing list of installed files to '/home/roombazon/Desktop/rosWorkspace/build/controller/install.log'
[8.889s] Invoked command in '/home/roombazon/Desktop/rosWorkspace/src/controller' returned '0': PYTHONPATH=/home/roombazon/Desktop/rosWorkspace/build/controller/prefix_override:/usr/lib/python3/dist-packages/colcon_core/task/python/colcon_distutils_commands:/home/roombazon/Desktop/rosWorkspace/install/controller/lib/python3.10/site-packages:${PYTHONPATH} /usr/bin/python3 -W ignore:setup.py install is deprecated -W ignore:easy_install command is deprecated setup.py egg_info --egg-base ../../build/controller build --build-base /home/roombazon/Desktop/rosWorkspace/build/controller/build install --record /home/roombazon/Desktop/rosWorkspace/build/controller/install.log --single-version-externally-managed install_data
