[0.055s] Invoking command in '/home/roombazon/Desktop/rosWorkspace/build/rplidar_ros': /usr/bin/cmake /home/roombazon/Desktop/rosWorkspace/src/rplidar_ros -DCATKIN_INSTALL_INTO_PREFIX_ROOT=0 -DCMAKE_INSTALL_PREFIX=/home/roombazon/Desktop/rosWorkspace/install/rplidar_ros
[0.257s] [0mCMake Deprecation Warning at CMakeLists.txt:1 (cmake_minimum_required):
[0.258s]   Compatibility with CMake < 2.8.12 will be removed from a future version of
[0.258s]   CMake.
[0.259s] 
[0.259s]   Update the VERSION argument <min> value or use a ...<max> suffix to tell
[0.260s]   CMake that the project does not need compatibility with older versions.
[0.260s] 
[0.261s] [0m
[1.139s] -- The C compiler identification is GNU 11.4.0
[1.994s] -- The CXX compiler identification is GNU 11.4.0
[2.038s] -- Detecting C compiler ABI info
[2.398s] -- Detecting C compiler ABI info - done
[2.430s] -- Check for working C compiler: /usr/bin/cc - skipped
[2.432s] -- Detecting C compile features
[2.435s] -- Detecting C compile features - done
[2.452s] -- Detecting CXX compiler ABI info
[2.805s] -- Detecting CXX compiler ABI info - done
[2.836s] -- Check for working CXX compiler: /usr/bin/c++ - skipped
[2.837s] -- Detecting CXX compile features
[2.839s] -- Detecting CXX compile features - done
[3.021s] [31mCMake Error at CMakeLists.txt:16 (find_package):
[3.021s]   By not providing "Findcatkin.cmake" in CMAKE_MODULE_PATH this project has
[3.022s]   asked CMake to find a package configuration file provided by "catkin", but
[3.022s]   CMake did not find one.
[3.022s] 
[3.023s]   Could not find a package configuration file provided by "catkin" with any
[3.023s]   of the following names:
[3.023s] 
[3.024s]     catkinConfig.cmake
[3.024s]     catkin-config.cmake
[3.025s] 
[3.026s]   Add the installation prefix of "catkin" to CMAKE_PREFIX_PATH or set
[3.026s]   "catkin_DIR" to a directory containing one of the above files.  If "catkin"
[3.027s]   provides a separate development package or SDK, be sure it has been
[3.027s]   installed.
[3.028s] 
[3.028s] [0m
[3.028s] -- Configuring incomplete, errors occurred!
[3.029s] See also "/home/roombazon/Desktop/rosWorkspace/build/rplidar_ros/CMakeFiles/CMakeOutput.log".
[3.033s] Invoked command in '/home/roombazon/Desktop/rosWorkspace/build/rplidar_ros' returned '1': /usr/bin/cmake /home/roombazon/Desktop/rosWorkspace/src/rplidar_ros -DCATKIN_INSTALL_INTO_PREFIX_ROOT=0 -DCMAKE_INSTALL_PREFIX=/home/roombazon/Desktop/rosWorkspace/install/rplidar_ros
