/home/roombazon/Desktop/rosWorkspace/install/odometry_publisher/lib/python3.10/site-packages/odometry_publisher/__init__.py
/home/roombazon/Desktop/rosWorkspace/install/odometry_publisher/lib/python3.10/site-packages/odometry_publisher/serial_odom_node.py
/home/roombazon/Desktop/rosWorkspace/install/odometry_publisher/lib/python3.10/site-packages/odometry_publisher/odometry_publisher.py
/home/roombazon/Desktop/rosWorkspace/install/odometry_publisher/lib/python3.10/site-packages/odometry_publisher/joystick_node.py
/home/roombazon/Desktop/rosWorkspace/install/odometry_publisher/lib/python3.10/site-packages/odometry_publisher/__pycache__/__init__.cpython-310.pyc
/home/roombazon/Desktop/rosWorkspace/install/odometry_publisher/lib/python3.10/site-packages/odometry_publisher/__pycache__/serial_odom_node.cpython-310.pyc
/home/roombazon/Desktop/rosWorkspace/install/odometry_publisher/lib/python3.10/site-packages/odometry_publisher/__pycache__/odometry_publisher.cpython-310.pyc
/home/roombazon/Desktop/rosWorkspace/install/odometry_publisher/lib/python3.10/site-packages/odometry_publisher/__pycache__/joystick_node.cpython-310.pyc
/home/roombazon/Desktop/rosWorkspace/install/odometry_publisher/share/ament_index/resource_index/packages/odometry_publisher
/home/roombazon/Desktop/rosWorkspace/install/odometry_publisher/share/odometry_publisher/package.xml
/home/roombazon/Desktop/rosWorkspace/install/odometry_publisher/lib/python3.10/site-packages/odometry_publisher-0.0.0-py3.10.egg-info/PKG-INFO
/home/roombazon/Desktop/rosWorkspace/install/odometry_publisher/lib/python3.10/site-packages/odometry_publisher-0.0.0-py3.10.egg-info/top_level.txt
/home/roombazon/Desktop/rosWorkspace/install/odometry_publisher/lib/python3.10/site-packages/odometry_publisher-0.0.0-py3.10.egg-info/SOURCES.txt
/home/roombazon/Desktop/rosWorkspace/install/odometry_publisher/lib/python3.10/site-packages/odometry_publisher-0.0.0-py3.10.egg-info/entry_points.txt
/home/roombazon/Desktop/rosWorkspace/install/odometry_publisher/lib/python3.10/site-packages/odometry_publisher-0.0.0-py3.10.egg-info/requires.txt
/home/roombazon/Desktop/rosWorkspace/install/odometry_publisher/lib/python3.10/site-packages/odometry_publisher-0.0.0-py3.10.egg-info/dependency_links.txt
/home/roombazon/Desktop/rosWorkspace/install/odometry_publisher/lib/python3.10/site-packages/odometry_publisher-0.0.0-py3.10.egg-info/zip-safe
/home/roombazon/Desktop/rosWorkspace/install/odometry_publisher/lib/odometry_publisher/joystick_node
/home/roombazon/Desktop/rosWorkspace/install/odometry_publisher/lib/odometry_publisher/odometry_publisher
/home/roombazon/Desktop/rosWorkspace/install/odometry_publisher/lib/odometry_publisher/serial_odom
