[11.406s] Invoking command in '/home/roombazon/Desktop/rosWorkspace/src/controller': PYTHONPATH=/home/roombazon/Desktop/rosWorkspace/build/controller/prefix_override:/usr/lib/python3/dist-packages/colcon_core/task/python/colcon_distutils_commands:/home/roombazon/Desktop/rosWorkspace/install/controller/lib/python3.10/site-packages:${PYTHONPATH} /usr/bin/python3 -W ignore:setup.py install is deprecated -W ignore:easy_install command is deprecated setup.py egg_info --egg-base ../../build/controller build --build-base /home/roombazon/Desktop/rosWorkspace/build/controller/build install --record /home/roombazon/Desktop/rosWorkspace/build/controller/install.log --single-version-externally-managed install_data
[14.003s] running egg_info
[14.008s] writing ../../build/controller/controller.egg-info/PKG-INFO
[14.009s] writing dependency_links to ../../build/controller/controller.egg-info/dependency_links.txt
[14.011s] writing entry points to ../../build/controller/controller.egg-info/entry_points.txt
[14.013s] writing requirements to ../../build/controller/controller.egg-info/requires.txt
[14.015s] writing top-level names to ../../build/controller/controller.egg-info/top_level.txt
[14.030s] reading manifest file '../../build/controller/controller.egg-info/SOURCES.txt'
[14.035s] writing manifest file '../../build/controller/controller.egg-info/SOURCES.txt'
[14.036s] running build
[14.037s] running build_py
[14.050s] running install
[14.051s] running install_lib
[14.052s] running install_data
[14.052s] running install_egg_info
[14.062s] removing '/home/roombazon/Desktop/rosWorkspace/install/controller/lib/python3.10/site-packages/controller-0.0.0-py3.10.egg-info' (and everything under it)
[14.068s] Copying ../../build/controller/controller.egg-info to /home/roombazon/Desktop/rosWorkspace/install/controller/lib/python3.10/site-packages/controller-0.0.0-py3.10.egg-info
[14.074s] running install_scripts
[14.286s] Installing gamepad_controller script to /home/roombazon/Desktop/rosWorkspace/install/controller/lib/controller
[14.290s] Installing joystick_serial script to /home/roombazon/Desktop/rosWorkspace/install/controller/lib/controller
[14.295s] writing list of installed files to '/home/roombazon/Desktop/rosWorkspace/build/controller/install.log'
[14.654s] Invoked command in '/home/roombazon/Desktop/rosWorkspace/src/controller' returned '0': PYTHONPATH=/home/roombazon/Desktop/rosWorkspace/build/controller/prefix_override:/usr/lib/python3/dist-packages/colcon_core/task/python/colcon_distutils_commands:/home/roombazon/Desktop/rosWorkspace/install/controller/lib/python3.10/site-packages:${PYTHONPATH} /usr/bin/python3 -W ignore:setup.py install is deprecated -W ignore:easy_install command is deprecated setup.py egg_info --egg-base ../../build/controller build --build-base /home/roombazon/Desktop/rosWorkspace/build/controller/build install --record /home/roombazon/Desktop/rosWorkspace/build/controller/install.log --single-version-externally-managed install_data
