[4.960s] Invoking command in '/home/roombazon/Desktop/rosWorkspace/src/gamepad_control': PYTHONPATH=/home/roombazon/Desktop/rosWorkspace/build/gamepad_control/prefix_override:/usr/lib/python3/dist-packages/colcon_core/task/python/colcon_distutils_commands:/home/roombazon/Desktop/rosWorkspace/install/gamepad_control/lib/python3.10/site-packages:${PYTHONPATH} /usr/bin/python3 -W ignore:setup.py install is deprecated -W ignore:easy_install command is deprecated setup.py egg_info --egg-base ../../build/gamepad_control build --build-base /home/roombazon/Desktop/rosWorkspace/build/gamepad_control/build install --record /home/roombazon/Desktop/rosWorkspace/build/gamepad_control/install.log --single-version-externally-managed install_data
[6.336s] running egg_info
[6.339s] writing ../../build/gamepad_control/gamepad_control.egg-info/PKG-INFO
[6.340s] writing dependency_links to ../../build/gamepad_control/gamepad_control.egg-info/dependency_links.txt
[6.341s] writing entry points to ../../build/gamepad_control/gamepad_control.egg-info/entry_points.txt
[6.342s] writing requirements to ../../build/gamepad_control/gamepad_control.egg-info/requires.txt
[6.343s] writing top-level names to ../../build/gamepad_control/gamepad_control.egg-info/top_level.txt
[6.351s] reading manifest file '../../build/gamepad_control/gamepad_control.egg-info/SOURCES.txt'
[6.356s] writing manifest file '../../build/gamepad_control/gamepad_control.egg-info/SOURCES.txt'
[6.357s] running build
[6.357s] running build_py
[6.361s] running install
[6.362s] running install_lib
[6.370s] running install_data
[6.371s] running install_egg_info
[6.381s] removing '/home/roombazon/Desktop/rosWorkspace/install/gamepad_control/lib/python3.10/site-packages/gamepad_control-0.0.0-py3.10.egg-info' (and everything under it)
[6.383s] Copying ../../build/gamepad_control/gamepad_control.egg-info to /home/roombazon/Desktop/rosWorkspace/install/gamepad_control/lib/python3.10/site-packages/gamepad_control-0.0.0-py3.10.egg-info
[6.390s] running install_scripts
[6.483s] Installing gamepad_control script to /home/roombazon/Desktop/rosWorkspace/install/gamepad_control/lib/gamepad_control
[6.485s] writing list of installed files to '/home/roombazon/Desktop/rosWorkspace/build/gamepad_control/install.log'
[6.650s] Invoked command in '/home/roombazon/Desktop/rosWorkspace/src/gamepad_control' returned '0': PYTHONPATH=/home/roombazon/Desktop/rosWorkspace/build/gamepad_control/prefix_override:/usr/lib/python3/dist-packages/colcon_core/task/python/colcon_distutils_commands:/home/roombazon/Desktop/rosWorkspace/install/gamepad_control/lib/python3.10/site-packages:${PYTHONPATH} /usr/bin/python3 -W ignore:setup.py install is deprecated -W ignore:easy_install command is deprecated setup.py egg_info --egg-base ../../build/gamepad_control build --build-base /home/roombazon/Desktop/rosWorkspace/build/gamepad_control/build install --record /home/roombazon/Desktop/rosWorkspace/build/gamepad_control/install.log --single-version-externally-managed install_data
