[5.555s] Invoking command in '/home/roombazon/Desktop/rosWorkspace/src/odometry_publisher': PYTHONPATH=/home/roombazon/Desktop/rosWorkspace/build/odometry_publisher/prefix_override:/usr/lib/python3/dist-packages/colcon_core/task/python/colcon_distutils_commands:/home/roombazon/Desktop/rosWorkspace/install/odometry_publisher/lib/python3.10/site-packages:${PYTHONPATH} /usr/bin/python3 -W ignore:setup.py install is deprecated -W ignore:easy_install command is deprecated setup.py egg_info --egg-base ../../build/odometry_publisher build --build-base /home/roombazon/Desktop/rosWorkspace/build/odometry_publisher/build install --record /home/roombazon/Desktop/rosWorkspace/build/odometry_publisher/install.log --single-version-externally-managed install_data
[6.887s] running egg_info
[6.890s] writing ../../build/odometry_publisher/odometry_publisher.egg-info/PKG-INFO
[6.956s] writing dependency_links to ../../build/odometry_publisher/odometry_publisher.egg-info/dependency_links.txt
[6.959s] writing entry points to ../../build/odometry_publisher/odometry_publisher.egg-info/entry_points.txt
[6.963s] writing requirements to ../../build/odometry_publisher/odometry_publisher.egg-info/requires.txt
[6.965s] writing top-level names to ../../build/odometry_publisher/odometry_publisher.egg-info/top_level.txt
[6.971s] reading manifest file '../../build/odometry_publisher/odometry_publisher.egg-info/SOURCES.txt'
[7.035s] writing manifest file '../../build/odometry_publisher/odometry_publisher.egg-info/SOURCES.txt'
[7.042s] running build
[7.043s] running build_py
[7.091s] copying odometry_publisher/serial_odom_node.py -> /home/roombazon/Desktop/rosWorkspace/build/odometry_publisher/build/lib/odometry_publisher
[7.093s] running install
[7.095s] running install_lib
[7.100s] copying /home/roombazon/Desktop/rosWorkspace/build/odometry_publisher/build/lib/odometry_publisher/serial_odom_node.py -> /home/roombazon/Desktop/rosWorkspace/install/odometry_publisher/lib/python3.10/site-packages/odometry_publisher
[7.200s] byte-compiling /home/roombazon/Desktop/rosWorkspace/install/odometry_publisher/lib/python3.10/site-packages/odometry_publisher/serial_odom_node.py to serial_odom_node.cpython-310.pyc
[7.210s] running install_data
[7.225s] running install_egg_info
[7.235s] removing '/home/roombazon/Desktop/rosWorkspace/install/odometry_publisher/lib/python3.10/site-packages/odometry_publisher-0.0.0-py3.10.egg-info' (and everything under it)
[7.252s] Copying ../../build/odometry_publisher/odometry_publisher.egg-info to /home/roombazon/Desktop/rosWorkspace/install/odometry_publisher/lib/python3.10/site-packages/odometry_publisher-0.0.0-py3.10.egg-info
[7.290s] running install_scripts
[7.418s] Installing odometry_publisher script to /home/roombazon/Desktop/rosWorkspace/install/odometry_publisher/lib/odometry_publisher
[7.420s] Installing serial_odom script to /home/roombazon/Desktop/rosWorkspace/install/odometry_publisher/lib/odometry_publisher
[7.421s] writing list of installed files to '/home/roombazon/Desktop/rosWorkspace/build/odometry_publisher/install.log'
[7.585s] Invoked command in '/home/roombazon/Desktop/rosWorkspace/src/odometry_publisher' returned '0': PYTHONPATH=/home/roombazon/Desktop/rosWorkspace/build/odometry_publisher/prefix_override:/usr/lib/python3/dist-packages/colcon_core/task/python/colcon_distutils_commands:/home/roombazon/Desktop/rosWorkspace/install/odometry_publisher/lib/python3.10/site-packages:${PYTHONPATH} /usr/bin/python3 -W ignore:setup.py install is deprecated -W ignore:easy_install command is deprecated setup.py egg_info --egg-base ../../build/odometry_publisher build --build-base /home/roombazon/Desktop/rosWorkspace/build/odometry_publisher/build install --record /home/roombazon/Desktop/rosWorkspace/build/odometry_publisher/install.log --single-version-externally-managed install_data
