[2.875s] Invoking command in '/home/roombazon/Desktop/rosWorkspace/build/rplidar_ros': CMAKE_PREFIX_PATH=${CMAKE_PREFIX_PATH}:/home/roombazon/Desktop/rosWorkspace/install/controller:/opt/ros/humble /usr/bin/cmake --build /home/roombazon/Desktop/rosWorkspace/build/rplidar_ros -- -j4 -l4
[3.732s] [  5%] Built target rplidar_client
[3.761s] [ 52%] Built target rplidar_composition
[3.780s] [100%] Built target rplidar_node
[3.849s] Invoked command in '/home/roombazon/Desktop/rosWorkspace/build/rplidar_ros' returned '0': CMAKE_PREFIX_PATH=${CMAKE_PREFIX_PATH}:/home/roombazon/Desktop/rosWorkspace/install/controller:/opt/ros/humble /usr/bin/cmake --build /home/roombazon/Desktop/rosWorkspace/build/rplidar_ros -- -j4 -l4
[3.903s] Invoking command in '/home/roombazon/Desktop/rosWorkspace/build/rplidar_ros': CMAKE_PREFIX_PATH=${CMAKE_PREFIX_PATH}:/home/roombazon/Desktop/rosWorkspace/install/controller:/opt/ros/humble /usr/bin/cmake --install /home/roombazon/Desktop/rosWorkspace/build/rplidar_ros
[3.944s] -- Install configuration: ""
[3.948s] -- Up-to-date: /home/roombazon/Desktop/rosWorkspace/install/rplidar_ros/share/rplidar_ros/launch
[3.951s] -- Up-to-date: /home/roombazon/Desktop/rosWorkspace/install/rplidar_ros/share/rplidar_ros/launch/view_rplidar_s2e_launch.py
[3.952s] -- Up-to-date: /home/roombazon/Desktop/rosWorkspace/install/rplidar_ros/share/rplidar_ros/launch/view_rplidar_s1_launch.py
[3.953s] -- Up-to-date: /home/roombazon/Desktop/rosWorkspace/install/rplidar_ros/share/rplidar_ros/launch/rplidar_a1_launch.py
[3.955s] -- Up-to-date: /home/roombazon/Desktop/rosWorkspace/install/rplidar_ros/share/rplidar_ros/launch/rplidar_a2m8_launch.py
[3.956s] -- Up-to-date: /home/roombazon/Desktop/rosWorkspace/install/rplidar_ros/share/rplidar_ros/launch/rplidar_c1_launch.py
[3.957s] -- Up-to-date: /home/roombazon/Desktop/rosWorkspace/install/rplidar_ros/share/rplidar_ros/launch/view_rplidar_a1_launch.py
[3.959s] -- Up-to-date: /home/roombazon/Desktop/rosWorkspace/install/rplidar_ros/share/rplidar_ros/launch/rplidar_s1_launch.py
[3.960s] -- Up-to-date: /home/roombazon/Desktop/rosWorkspace/install/rplidar_ros/share/rplidar_ros/launch/view_rplidar_s2_launch.py
[3.961s] -- Up-to-date: /home/roombazon/Desktop/rosWorkspace/install/rplidar_ros/share/rplidar_ros/launch/view_rplidar_a3_launch.py
[3.963s] -- Up-to-date: /home/roombazon/Desktop/rosWorkspace/install/rplidar_ros/share/rplidar_ros/launch/view_rplidar_s3_launch.py
[3.964s] -- Up-to-date: /home/roombazon/Desktop/rosWorkspace/install/rplidar_ros/share/rplidar_ros/launch/view_rplidar_c1_launch.py
[3.965s] -- Up-to-date: /home/roombazon/Desktop/rosWorkspace/install/rplidar_ros/share/rplidar_ros/launch/rplidar_s3_launch.py
[3.967s] -- Up-to-date: /home/roombazon/Desktop/rosWorkspace/install/rplidar_ros/share/rplidar_ros/launch/rplidar_s1_tcp_launch.py
[3.968s] -- Up-to-date: /home/roombazon/Desktop/rosWorkspace/install/rplidar_ros/share/rplidar_ros/launch/rplidar_s2e_launch.py
[3.970s] -- Up-to-date: /home/roombazon/Desktop/rosWorkspace/install/rplidar_ros/share/rplidar_ros/launch/rplidar_s2_launch.py
[3.971s] -- Up-to-date: /home/roombazon/Desktop/rosWorkspace/install/rplidar_ros/share/rplidar_ros/launch/view_rplidar_a2m12_launch.py
[3.973s] -- Up-to-date: /home/roombazon/Desktop/rosWorkspace/install/rplidar_ros/share/rplidar_ros/launch/rplidar_a2m7_launch.py
[3.974s] -- Up-to-date: /home/roombazon/Desktop/rosWorkspace/install/rplidar_ros/share/rplidar_ros/launch/view_rplidar_a2m7_launch.py
[3.975s] -- Up-to-date: /home/roombazon/Desktop/rosWorkspace/install/rplidar_ros/share/rplidar_ros/launch/view_rplidar_t1_launch.py
[3.975s] -- Up-to-date: /home/roombazon/Desktop/rosWorkspace/install/rplidar_ros/share/rplidar_ros/launch/rplidar_a2m12_launch.py
[3.976s] -- Up-to-date: /home/roombazon/Desktop/rosWorkspace/install/rplidar_ros/share/rplidar_ros/launch/view_rplidar_a2m8_launch.py
[3.976s] -- Up-to-date: /home/roombazon/Desktop/rosWorkspace/install/rplidar_ros/share/rplidar_ros/launch/rplidar_a3_launch.py
[3.976s] -- Up-to-date: /home/roombazon/Desktop/rosWorkspace/install/rplidar_ros/share/rplidar_ros/launch/view_rplidar_s1_tcp_launch.py
[3.977s] -- Up-to-date: /home/roombazon/Desktop/rosWorkspace/install/rplidar_ros/share/rplidar_ros/launch/rplidar_t1_launch.py
[3.978s] -- Up-to-date: /home/roombazon/Desktop/rosWorkspace/install/rplidar_ros/share/rplidar_ros/rviz
[3.978s] -- Up-to-date: /home/roombazon/Desktop/rosWorkspace/install/rplidar_ros/share/rplidar_ros/rviz/rplidar_ros.rviz
[3.982s] -- Up-to-date: /home/roombazon/Desktop/rosWorkspace/install/rplidar_ros/lib/rplidar_ros/rplidar_node
[3.988s] -- Up-to-date: /home/roombazon/Desktop/rosWorkspace/install/rplidar_ros/lib/rplidar_ros/rplidar_composition
[3.993s] -- Up-to-date: /home/roombazon/Desktop/rosWorkspace/install/rplidar_ros/lib/rplidar_ros/rplidar_client
[3.994s] -- Up-to-date: /home/roombazon/Desktop/rosWorkspace/install/rplidar_ros/share/ament_index/resource_index/package_run_dependencies/rplidar_ros
[3.996s] -- Up-to-date: /home/roombazon/Desktop/rosWorkspace/install/rplidar_ros/share/ament_index/resource_index/parent_prefix_path/rplidar_ros
[3.997s] -- Up-to-date: /home/roombazon/Desktop/rosWorkspace/install/rplidar_ros/share/rplidar_ros/environment/ament_prefix_path.sh
[3.998s] -- Up-to-date: /home/roombazon/Desktop/rosWorkspace/install/rplidar_ros/share/rplidar_ros/environment/ament_prefix_path.dsv
[3.999s] -- Up-to-date: /home/roombazon/Desktop/rosWorkspace/install/rplidar_ros/share/rplidar_ros/environment/path.sh
[3.999s] -- Up-to-date: /home/roombazon/Desktop/rosWorkspace/install/rplidar_ros/share/rplidar_ros/environment/path.dsv
[4.000s] -- Up-to-date: /home/roombazon/Desktop/rosWorkspace/install/rplidar_ros/share/rplidar_ros/local_setup.bash
[4.001s] -- Up-to-date: /home/roombazon/Desktop/rosWorkspace/install/rplidar_ros/share/rplidar_ros/local_setup.sh
[4.001s] -- Up-to-date: /home/roombazon/Desktop/rosWorkspace/install/rplidar_ros/share/rplidar_ros/local_setup.zsh
[4.001s] -- Up-to-date: /home/roombazon/Desktop/rosWorkspace/install/rplidar_ros/share/rplidar_ros/local_setup.dsv
[4.002s] -- Installing: /home/roombazon/Desktop/rosWorkspace/install/rplidar_ros/share/rplidar_ros/package.dsv
[4.003s] -- Up-to-date: /home/roombazon/Desktop/rosWorkspace/install/rplidar_ros/share/ament_index/resource_index/packages/rplidar_ros
[4.004s] -- Up-to-date: /home/roombazon/Desktop/rosWorkspace/install/rplidar_ros/share/rplidar_ros/cmake/ament_cmake_export_dependencies-extras.cmake
[4.006s] -- Up-to-date: /home/roombazon/Desktop/rosWorkspace/install/rplidar_ros/share/rplidar_ros/cmake/ament_cmake_export_include_directories-extras.cmake
[4.007s] -- Up-to-date: /home/roombazon/Desktop/rosWorkspace/install/rplidar_ros/share/rplidar_ros/cmake/rplidar_rosConfig.cmake
[4.007s] -- Up-to-date: /home/roombazon/Desktop/rosWorkspace/install/rplidar_ros/share/rplidar_ros/cmake/rplidar_rosConfig-version.cmake
[4.008s] -- Up-to-date: /home/roombazon/Desktop/rosWorkspace/install/rplidar_ros/share/rplidar_ros/package.xml
[4.030s] Invoked command in '/home/roombazon/Desktop/rosWorkspace/build/rplidar_ros' returned '0': CMAKE_PREFIX_PATH=${CMAKE_PREFIX_PATH}:/home/roombazon/Desktop/rosWorkspace/install/controller:/opt/ros/humble /usr/bin/cmake --install /home/roombazon/Desktop/rosWorkspace/build/rplidar_ros
