[5.009s] Invoking command in '/home/roombazon/Desktop/rosWorkspace/src/controller': PYTHONPATH=/home/roombazon/Desktop/rosWorkspace/build/controller/prefix_override:/usr/lib/python3/dist-packages/colcon_core/task/python/colcon_distutils_commands:/home/roombazon/Desktop/rosWorkspace/install/controller/lib/python3.10/site-packages:${PYTHONPATH} /usr/bin/python3 -W ignore:setup.py install is deprecated -W ignore:easy_install command is deprecated setup.py egg_info --egg-base ../../build/controller build --build-base /home/roombazon/Desktop/rosWorkspace/build/controller/build install --record /home/roombazon/Desktop/rosWorkspace/build/controller/install.log --single-version-externally-managed install_data
[6.362s] running egg_info
[6.365s] writing ../../build/controller/controller.egg-info/PKG-INFO
[6.366s] writing dependency_links to ../../build/controller/controller.egg-info/dependency_links.txt
[6.368s] writing entry points to ../../build/controller/controller.egg-info/entry_points.txt
[6.369s] writing requirements to ../../build/controller/controller.egg-info/requires.txt
[6.372s] writing top-level names to ../../build/controller/controller.egg-info/top_level.txt
[6.378s] reading manifest file '../../build/controller/controller.egg-info/SOURCES.txt'
[6.383s] writing manifest file '../../build/controller/controller.egg-info/SOURCES.txt'
[6.383s] running build
[6.384s] running build_py
[6.386s] running install
[6.387s] running install_lib
[6.394s] running install_data
[6.394s] running install_egg_info
[6.403s] removing '/home/roombazon/Desktop/rosWorkspace/install/controller/lib/python3.10/site-packages/controller-0.0.0-py3.10.egg-info' (and everything under it)
[6.405s] Copying ../../build/controller/controller.egg-info to /home/roombazon/Desktop/rosWorkspace/install/controller/lib/python3.10/site-packages/controller-0.0.0-py3.10.egg-info
[6.411s] running install_scripts
[6.506s] Installing gamepad_controller script to /home/roombazon/Desktop/rosWorkspace/install/controller/lib/controller
[6.508s] Installing joystick_serial script to /home/roombazon/Desktop/rosWorkspace/install/controller/lib/controller
[6.512s] writing list of installed files to '/home/roombazon/Desktop/rosWorkspace/build/controller/install.log'
[6.730s] Invoked command in '/home/roombazon/Desktop/rosWorkspace/src/controller' returned '0': PYTHONPATH=/home/roombazon/Desktop/rosWorkspace/build/controller/prefix_override:/usr/lib/python3/dist-packages/colcon_core/task/python/colcon_distutils_commands:/home/roombazon/Desktop/rosWorkspace/install/controller/lib/python3.10/site-packages:${PYTHONPATH} /usr/bin/python3 -W ignore:setup.py install is deprecated -W ignore:easy_install command is deprecated setup.py egg_info --egg-base ../../build/controller build --build-base /home/roombazon/Desktop/rosWorkspace/build/controller/build install --record /home/roombazon/Desktop/rosWorkspace/build/controller/install.log --single-version-externally-managed install_data
