[4.933s] Invoking command in '/home/roombazon/Desktop/rosWorkspace/src/odometry_publisher': PYTHONPATH=/home/roombazon/Desktop/rosWorkspace/build/odometry_publisher/prefix_override:/usr/lib/python3/dist-packages/colcon_core/task/python/colcon_distutils_commands:/home/roombazon/Desktop/rosWorkspace/install/odometry_publisher/lib/python3.10/site-packages:${PYTHONPATH} /usr/bin/python3 -W ignore:setup.py install is deprecated -W ignore:easy_install command is deprecated setup.py egg_info --egg-base ../../build/odometry_publisher build --build-base /home/roombazon/Desktop/rosWorkspace/build/odometry_publisher/build install --record /home/roombazon/Desktop/rosWorkspace/build/odometry_publisher/install.log --single-version-externally-managed install_data
[6.271s] running egg_info
[6.274s] writing ../../build/odometry_publisher/odometry_publisher.egg-info/PKG-INFO
[6.275s] writing dependency_links to ../../build/odometry_publisher/odometry_publisher.egg-info/dependency_links.txt
[6.276s] writing entry points to ../../build/odometry_publisher/odometry_publisher.egg-info/entry_points.txt
[6.277s] writing requirements to ../../build/odometry_publisher/odometry_publisher.egg-info/requires.txt
[6.278s] writing top-level names to ../../build/odometry_publisher/odometry_publisher.egg-info/top_level.txt
[6.287s] reading manifest file '../../build/odometry_publisher/odometry_publisher.egg-info/SOURCES.txt'
[6.292s] writing manifest file '../../build/odometry_publisher/odometry_publisher.egg-info/SOURCES.txt'
[6.292s] running build
[6.293s] running build_py
[6.296s] running install
[6.297s] running install_lib
[6.304s] running install_data
[6.305s] running install_egg_info
[6.314s] removing '/home/roombazon/Desktop/rosWorkspace/install/odometry_publisher/lib/python3.10/site-packages/odometry_publisher-0.0.0-py3.10.egg-info' (and everything under it)
[6.316s] Copying ../../build/odometry_publisher/odometry_publisher.egg-info to /home/roombazon/Desktop/rosWorkspace/install/odometry_publisher/lib/python3.10/site-packages/odometry_publisher-0.0.0-py3.10.egg-info
[6.323s] running install_scripts
[6.420s] Installing joystick_node script to /home/roombazon/Desktop/rosWorkspace/install/odometry_publisher/lib/odometry_publisher
[6.422s] Installing odometry_publisher script to /home/roombazon/Desktop/rosWorkspace/install/odometry_publisher/lib/odometry_publisher
[6.424s] Installing serial_odom script to /home/roombazon/Desktop/rosWorkspace/install/odometry_publisher/lib/odometry_publisher
[6.427s] writing list of installed files to '/home/roombazon/Desktop/rosWorkspace/build/odometry_publisher/install.log'
[6.637s] Invoked command in '/home/roombazon/Desktop/rosWorkspace/src/odometry_publisher' returned '0': PYTHONPATH=/home/roombazon/Desktop/rosWorkspace/build/odometry_publisher/prefix_override:/usr/lib/python3/dist-packages/colcon_core/task/python/colcon_distutils_commands:/home/roombazon/Desktop/rosWorkspace/install/odometry_publisher/lib/python3.10/site-packages:${PYTHONPATH} /usr/bin/python3 -W ignore:setup.py install is deprecated -W ignore:easy_install command is deprecated setup.py egg_info --egg-base ../../build/odometry_publisher build --build-base /home/roombazon/Desktop/rosWorkspace/build/odometry_publisher/build install --record /home/roombazon/Desktop/rosWorkspace/build/odometry_publisher/install.log --single-version-externally-managed install_data
