[1.321s] Invoking command in '/home/roombazon/Desktop/rosWorkspace/build/rplidar_ros': CMAKE_PREFIX_PATH=${CMAKE_PREFIX_PATH}:/home/roombazon/Desktop/rosWorkspace/src/install/controller:/home/roombazon/Desktop/rosWorkspace/install/joystick_ros2:/home/roombazon/Desktop/rosWorkspace/install/controller:/opt/ros/humble /usr/bin/cmake --build /home/roombazon/Desktop/rosWorkspace/build/rplidar_ros -- -j4 -l4
[1.506s] [35m[1mConsolidate compiler generated dependencies of target rplidar_node[0m
[1.509s] [35m[1mConsolidate compiler generated dependencies of target rplidar_composition[0m
[1.511s] [35m[1mConsolidate compiler generated dependencies of target rplidar_client[0m
[1.610s] [  5%] Built target rplidar_client
[1.687s] [ 52%] Built target rplidar_composition
[1.691s] [100%] Built target rplidar_node
[1.735s] Invoked command in '/home/roombazon/Desktop/rosWorkspace/build/rplidar_ros' returned '0': CMAKE_PREFIX_PATH=${CMAKE_PREFIX_PATH}:/home/roombazon/Desktop/rosWorkspace/src/install/controller:/home/roombazon/Desktop/rosWorkspace/install/joystick_ros2:/home/roombazon/Desktop/rosWorkspace/install/controller:/opt/ros/humble /usr/bin/cmake --build /home/roombazon/Desktop/rosWorkspace/build/rplidar_ros -- -j4 -l4
[1.778s] Invoking command in '/home/roombazon/Desktop/rosWorkspace/build/rplidar_ros': CMAKE_PREFIX_PATH=${CMAKE_PREFIX_PATH}:/home/roombazon/Desktop/rosWorkspace/src/install/controller:/home/roombazon/Desktop/rosWorkspace/install/joystick_ros2:/home/roombazon/Desktop/rosWorkspace/install/controller:/opt/ros/humble /usr/bin/cmake --install /home/roombazon/Desktop/rosWorkspace/build/rplidar_ros
[1.804s] -- Install configuration: ""
[1.805s] -- Up-to-date: /home/roombazon/Desktop/rosWorkspace/install/rplidar_ros/share/rplidar_ros/launch
[1.806s] -- Up-to-date: /home/roombazon/Desktop/rosWorkspace/install/rplidar_ros/share/rplidar_ros/launch/view_rplidar_s2e_launch.py
[1.806s] -- Up-to-date: /home/roombazon/Desktop/rosWorkspace/install/rplidar_ros/share/rplidar_ros/launch/view_rplidar_s1_launch.py
[1.807s] -- Up-to-date: /home/roombazon/Desktop/rosWorkspace/install/rplidar_ros/share/rplidar_ros/launch/rplidar_a1_launch.py
[1.807s] -- Up-to-date: /home/roombazon/Desktop/rosWorkspace/install/rplidar_ros/share/rplidar_ros/launch/rplidar_a2m8_launch.py
[1.807s] -- Up-to-date: /home/roombazon/Desktop/rosWorkspace/install/rplidar_ros/share/rplidar_ros/launch/rplidar_c1_launch.py
[1.808s] -- Up-to-date: /home/roombazon/Desktop/rosWorkspace/install/rplidar_ros/share/rplidar_ros/launch/view_rplidar_a1_launch.py
[1.809s] -- Up-to-date: /home/roombazon/Desktop/rosWorkspace/install/rplidar_ros/share/rplidar_ros/launch/rplidar_s1_launch.py
[1.809s] -- Up-to-date: /home/roombazon/Desktop/rosWorkspace/install/rplidar_ros/share/rplidar_ros/launch/view_rplidar_s2_launch.py
[1.810s] -- Up-to-date: /home/roombazon/Desktop/rosWorkspace/install/rplidar_ros/share/rplidar_ros/launch/view_rplidar_a3_launch.py
[1.810s] -- Up-to-date: /home/roombazon/Desktop/rosWorkspace/install/rplidar_ros/share/rplidar_ros/launch/view_rplidar_s3_launch.py
[1.811s] -- Up-to-date: /home/roombazon/Desktop/rosWorkspace/install/rplidar_ros/share/rplidar_ros/launch/view_rplidar_c1_launch.py
[1.811s] -- Up-to-date: /home/roombazon/Desktop/rosWorkspace/install/rplidar_ros/share/rplidar_ros/launch/rplidar_s3_launch.py
[1.811s] -- Up-to-date: /home/roombazon/Desktop/rosWorkspace/install/rplidar_ros/share/rplidar_ros/launch/rplidar_s1_tcp_launch.py
[1.812s] -- Up-to-date: /home/roombazon/Desktop/rosWorkspace/install/rplidar_ros/share/rplidar_ros/launch/rplidar_s2e_launch.py
[1.812s] -- Up-to-date: /home/roombazon/Desktop/rosWorkspace/install/rplidar_ros/share/rplidar_ros/launch/rplidar_s2_launch.py
[1.812s] -- Up-to-date: /home/roombazon/Desktop/rosWorkspace/install/rplidar_ros/share/rplidar_ros/launch/view_rplidar_a2m12_launch.py
[1.813s] -- Up-to-date: /home/roombazon/Desktop/rosWorkspace/install/rplidar_ros/share/rplidar_ros/launch/rplidar_a2m7_launch.py
[1.813s] -- Up-to-date: /home/roombazon/Desktop/rosWorkspace/install/rplidar_ros/share/rplidar_ros/launch/view_rplidar_a2m7_launch.py
[1.814s] -- Up-to-date: /home/roombazon/Desktop/rosWorkspace/install/rplidar_ros/share/rplidar_ros/launch/view_rplidar_t1_launch.py
[1.814s] -- Up-to-date: /home/roombazon/Desktop/rosWorkspace/install/rplidar_ros/share/rplidar_ros/launch/rplidar_a2m12_launch.py
[1.815s] -- Up-to-date: /home/roombazon/Desktop/rosWorkspace/install/rplidar_ros/share/rplidar_ros/launch/view_rplidar_a2m8_launch.py
[1.815s] -- Up-to-date: /home/roombazon/Desktop/rosWorkspace/install/rplidar_ros/share/rplidar_ros/launch/rplidar_a3_launch.py
[1.816s] -- Up-to-date: /home/roombazon/Desktop/rosWorkspace/install/rplidar_ros/share/rplidar_ros/launch/view_rplidar_s1_tcp_launch.py
[1.816s] -- Up-to-date: /home/roombazon/Desktop/rosWorkspace/install/rplidar_ros/share/rplidar_ros/launch/rplidar_t1_launch.py
[1.817s] -- Up-to-date: /home/roombazon/Desktop/rosWorkspace/install/rplidar_ros/share/rplidar_ros/rviz
[1.817s] -- Up-to-date: /home/roombazon/Desktop/rosWorkspace/install/rplidar_ros/share/rplidar_ros/rviz/rplidar_ros.rviz
[1.817s] -- Up-to-date: /home/roombazon/Desktop/rosWorkspace/install/rplidar_ros/lib/rplidar_ros/rplidar_node
[1.818s] -- Up-to-date: /home/roombazon/Desktop/rosWorkspace/install/rplidar_ros/lib/rplidar_ros/rplidar_composition
[1.818s] -- Up-to-date: /home/roombazon/Desktop/rosWorkspace/install/rplidar_ros/lib/rplidar_ros/rplidar_client
[1.819s] -- Up-to-date: /home/roombazon/Desktop/rosWorkspace/install/rplidar_ros/share/ament_index/resource_index/package_run_dependencies/rplidar_ros
[1.820s] -- Up-to-date: /home/roombazon/Desktop/rosWorkspace/install/rplidar_ros/share/ament_index/resource_index/parent_prefix_path/rplidar_ros
[1.821s] -- Up-to-date: /home/roombazon/Desktop/rosWorkspace/install/rplidar_ros/share/rplidar_ros/environment/ament_prefix_path.sh
[1.822s] -- Up-to-date: /home/roombazon/Desktop/rosWorkspace/install/rplidar_ros/share/rplidar_ros/environment/ament_prefix_path.dsv
[1.822s] -- Up-to-date: /home/roombazon/Desktop/rosWorkspace/install/rplidar_ros/share/rplidar_ros/environment/path.sh
[1.823s] -- Up-to-date: /home/roombazon/Desktop/rosWorkspace/install/rplidar_ros/share/rplidar_ros/environment/path.dsv
[1.824s] -- Up-to-date: /home/roombazon/Desktop/rosWorkspace/install/rplidar_ros/share/rplidar_ros/local_setup.bash
[1.824s] -- Up-to-date: /home/roombazon/Desktop/rosWorkspace/install/rplidar_ros/share/rplidar_ros/local_setup.sh
[1.825s] -- Up-to-date: /home/roombazon/Desktop/rosWorkspace/install/rplidar_ros/share/rplidar_ros/local_setup.zsh
[1.825s] -- Up-to-date: /home/roombazon/Desktop/rosWorkspace/install/rplidar_ros/share/rplidar_ros/local_setup.dsv
[1.826s] -- Installing: /home/roombazon/Desktop/rosWorkspace/install/rplidar_ros/share/rplidar_ros/package.dsv
[1.826s] -- Up-to-date: /home/roombazon/Desktop/rosWorkspace/install/rplidar_ros/share/ament_index/resource_index/packages/rplidar_ros
[1.827s] -- Up-to-date: /home/roombazon/Desktop/rosWorkspace/install/rplidar_ros/share/rplidar_ros/cmake/ament_cmake_export_dependencies-extras.cmake
[1.828s] -- Up-to-date: /home/roombazon/Desktop/rosWorkspace/install/rplidar_ros/share/rplidar_ros/cmake/ament_cmake_export_include_directories-extras.cmake
[1.828s] -- Up-to-date: /home/roombazon/Desktop/rosWorkspace/install/rplidar_ros/share/rplidar_ros/cmake/rplidar_rosConfig.cmake
[1.829s] -- Up-to-date: /home/roombazon/Desktop/rosWorkspace/install/rplidar_ros/share/rplidar_ros/cmake/rplidar_rosConfig-version.cmake
[1.830s] -- Up-to-date: /home/roombazon/Desktop/rosWorkspace/install/rplidar_ros/share/rplidar_ros/package.xml
[1.836s] Invoked command in '/home/roombazon/Desktop/rosWorkspace/build/rplidar_ros' returned '0': CMAKE_PREFIX_PATH=${CMAKE_PREFIX_PATH}:/home/roombazon/Desktop/rosWorkspace/src/install/controller:/home/roombazon/Desktop/rosWorkspace/install/joystick_ros2:/home/roombazon/Desktop/rosWorkspace/install/controller:/opt/ros/humble /usr/bin/cmake --install /home/roombazon/Desktop/rosWorkspace/build/rplidar_ros
