[5.028s] Invoking command in '/home/roombazon/Desktop/rosWorkspace/src/controller': PYTHONPATH=/home/roombazon/Desktop/rosWorkspace/build/controller/prefix_override:/usr/lib/python3/dist-packages/colcon_core/task/python/colcon_distutils_commands:/home/roombazon/Desktop/rosWorkspace/install/controller/lib/python3.10/site-packages:${PYTHONPATH} /usr/bin/python3 -W ignore:setup.py install is deprecated -W ignore:easy_install command is deprecated setup.py egg_info --egg-base ../../build/controller build --build-base /home/roombazon/Desktop/rosWorkspace/build/controller/build install --record /home/roombazon/Desktop/rosWorkspace/build/controller/install.log --single-version-externally-managed install_data
[6.386s] running egg_info
[6.389s] writing ../../build/controller/controller.egg-info/PKG-INFO
[6.391s] writing dependency_links to ../../build/controller/controller.egg-info/dependency_links.txt
[6.391s] writing entry points to ../../build/controller/controller.egg-info/entry_points.txt
[6.393s] writing requirements to ../../build/controller/controller.egg-info/requires.txt
[6.394s] writing top-level names to ../../build/controller/controller.egg-info/top_level.txt
[6.402s] reading manifest file '../../build/controller/controller.egg-info/SOURCES.txt'
[6.407s] writing manifest file '../../build/controller/controller.egg-info/SOURCES.txt'
[6.407s] running build
[6.408s] running build_py
[6.409s] copying controller/gamepad_controller.py -> /home/roombazon/Desktop/rosWorkspace/build/controller/build/lib/controller
[6.411s] running install
[6.413s] running install_lib
[6.417s] copying /home/roombazon/Desktop/rosWorkspace/build/controller/build/lib/controller/gamepad_controller.py -> /home/roombazon/Desktop/rosWorkspace/install/controller/lib/python3.10/site-packages/controller
[6.420s] byte-compiling /home/roombazon/Desktop/rosWorkspace/install/controller/lib/python3.10/site-packages/controller/gamepad_controller.py to gamepad_controller.cpython-310.pyc
[6.423s] running install_data
[6.424s] running install_egg_info
[6.433s] removing '/home/roombazon/Desktop/rosWorkspace/install/controller/lib/python3.10/site-packages/controller-0.0.0-py3.10.egg-info' (and everything under it)
[6.435s] Copying ../../build/controller/controller.egg-info to /home/roombazon/Desktop/rosWorkspace/install/controller/lib/python3.10/site-packages/controller-0.0.0-py3.10.egg-info
[6.442s] running install_scripts
[6.563s] Installing gamepad_controller script to /home/roombazon/Desktop/rosWorkspace/install/controller/lib/controller
[6.565s] writing list of installed files to '/home/roombazon/Desktop/rosWorkspace/build/controller/install.log'
[6.731s] Invoked command in '/home/roombazon/Desktop/rosWorkspace/src/controller' returned '0': PYTHONPATH=/home/roombazon/Desktop/rosWorkspace/build/controller/prefix_override:/usr/lib/python3/dist-packages/colcon_core/task/python/colcon_distutils_commands:/home/roombazon/Desktop/rosWorkspace/install/controller/lib/python3.10/site-packages:${PYTHONPATH} /usr/bin/python3 -W ignore:setup.py install is deprecated -W ignore:easy_install command is deprecated setup.py egg_info --egg-base ../../build/controller build --build-base /home/roombazon/Desktop/rosWorkspace/build/controller/build install --record /home/roombazon/Desktop/rosWorkspace/build/controller/install.log --single-version-externally-managed install_data
