running egg_info
writing ../../build/gamepad_control/gamepad_control.egg-info/PKG-INFO
writing dependency_links to ../../build/gamepad_control/gamepad_control.egg-info/dependency_links.txt
writing entry points to ../../build/gamepad_control/gamepad_control.egg-info/entry_points.txt
writing requirements to ../../build/gamepad_control/gamepad_control.egg-info/requires.txt
writing top-level names to ../../build/gamepad_control/gamepad_control.egg-info/top_level.txt
reading manifest file '../../build/gamepad_control/gamepad_control.egg-info/SOURCES.txt'
writing manifest file '../../build/gamepad_control/gamepad_control.egg-info/SOURCES.txt'
running build
running build_py
copying gamepad_control/gamepad_control.py -> /home/roombazon/Desktop/rosWorkspace/build/gamepad_control/build/lib/gamepad_control
running install
running install_lib
copying /home/roombazon/Desktop/rosWorkspace/build/gamepad_control/build/lib/gamepad_control/gamepad_control.py -> /home/roombazon/Desktop/rosWorkspace/install/gamepad_control/lib/python3.10/site-packages/gamepad_control
byte-compiling /home/roombazon/Desktop/rosWorkspace/install/gamepad_control/lib/python3.10/site-packages/gamepad_control/gamepad_control.py to gamepad_control.cpython-310.pyc
running install_data
running install_egg_info
removing '/home/roombazon/Desktop/rosWorkspace/install/gamepad_control/lib/python3.10/site-packages/gamepad_control-0.0.0-py3.10.egg-info' (and everything under it)
Copying ../../build/gamepad_control/gamepad_control.egg-info to /home/roombazon/Desktop/rosWorkspace/install/gamepad_control/lib/python3.10/site-packages/gamepad_control-0.0.0-py3.10.egg-info
running install_scripts
Installing gamepad_control script to /home/roombazon/Desktop/rosWorkspace/install/gamepad_control/lib/gamepad_control
writing list of installed files to '/home/roombazon/Desktop/rosWorkspace/build/gamepad_control/install.log'
