[3.236s] Invoking command in '/home/roombazon/Desktop/rosWorkspace/src/gamepad_control': PYTHONPATH=/home/roombazon/Desktop/rosWorkspace/build/gamepad_control/prefix_override:/usr/lib/python3/dist-packages/colcon_core/task/python/colcon_distutils_commands:/home/roombazon/Desktop/rosWorkspace/install/gamepad_control/lib/python3.10/site-packages:${PYTHONPATH} /usr/bin/python3 -W ignore:setup.py install is deprecated -W ignore:easy_install command is deprecated setup.py egg_info --egg-base ../../build/gamepad_control build --build-base /home/roombazon/Desktop/rosWorkspace/build/gamepad_control/build install --record /home/roombazon/Desktop/rosWorkspace/build/gamepad_control/install.log --single-version-externally-managed install_data
[4.410s] running egg_info
[4.413s] writing ../../build/gamepad_control/gamepad_control.egg-info/PKG-INFO
[4.414s] writing dependency_links to ../../build/gamepad_control/gamepad_control.egg-info/dependency_links.txt
[4.415s] writing entry points to ../../build/gamepad_control/gamepad_control.egg-info/entry_points.txt
[4.416s] writing requirements to ../../build/gamepad_control/gamepad_control.egg-info/requires.txt
[4.417s] writing top-level names to ../../build/gamepad_control/gamepad_control.egg-info/top_level.txt
[4.425s] reading manifest file '../../build/gamepad_control/gamepad_control.egg-info/SOURCES.txt'
[4.429s] writing manifest file '../../build/gamepad_control/gamepad_control.egg-info/SOURCES.txt'
[4.429s] running build
[4.430s] running build_py
[4.430s] copying gamepad_control/gamepad_control.py -> /home/roombazon/Desktop/rosWorkspace/build/gamepad_control/build/lib/gamepad_control
[4.431s] running install
[4.433s] running install_lib
[4.441s] copying /home/roombazon/Desktop/rosWorkspace/build/gamepad_control/build/lib/gamepad_control/gamepad_control.py -> /home/roombazon/Desktop/rosWorkspace/install/gamepad_control/lib/python3.10/site-packages/gamepad_control
[4.444s] byte-compiling /home/roombazon/Desktop/rosWorkspace/install/gamepad_control/lib/python3.10/site-packages/gamepad_control/gamepad_control.py to gamepad_control.cpython-310.pyc
[4.446s] running install_data
[4.447s] running install_egg_info
[4.453s] removing '/home/roombazon/Desktop/rosWorkspace/install/gamepad_control/lib/python3.10/site-packages/gamepad_control-0.0.0-py3.10.egg-info' (and everything under it)
[4.455s] Copying ../../build/gamepad_control/gamepad_control.egg-info to /home/roombazon/Desktop/rosWorkspace/install/gamepad_control/lib/python3.10/site-packages/gamepad_control-0.0.0-py3.10.egg-info
[4.460s] running install_scripts
[4.538s] Installing gamepad_control script to /home/roombazon/Desktop/rosWorkspace/install/gamepad_control/lib/gamepad_control
[4.540s] writing list of installed files to '/home/roombazon/Desktop/rosWorkspace/build/gamepad_control/install.log'
[4.662s] Invoked command in '/home/roombazon/Desktop/rosWorkspace/src/gamepad_control' returned '0': PYTHONPATH=/home/roombazon/Desktop/rosWorkspace/build/gamepad_control/prefix_override:/usr/lib/python3/dist-packages/colcon_core/task/python/colcon_distutils_commands:/home/roombazon/Desktop/rosWorkspace/install/gamepad_control/lib/python3.10/site-packages:${PYTHONPATH} /usr/bin/python3 -W ignore:setup.py install is deprecated -W ignore:easy_install command is deprecated setup.py egg_info --egg-base ../../build/gamepad_control build --build-base /home/roombazon/Desktop/rosWorkspace/build/gamepad_control/build install --record /home/roombazon/Desktop/rosWorkspace/build/gamepad_control/install.log --single-version-externally-managed install_data
