[6.111s] Invoking command in '/home/roombazon/Desktop/rosWorkspace/src/controller': PYTHONPATH=/home/roombazon/Desktop/rosWorkspace/build/controller/prefix_override:/usr/lib/python3/dist-packages/colcon_core/task/python/colcon_distutils_commands:/home/roombazon/Desktop/rosWorkspace/install/controller/lib/python3.10/site-packages:${PYTHONPATH} /usr/bin/python3 -W ignore:setup.py install is deprecated -W ignore:easy_install command is deprecated setup.py egg_info --egg-base ../../build/controller build --build-base /home/roombazon/Desktop/rosWorkspace/build/controller/build install --record /home/roombazon/Desktop/rosWorkspace/build/controller/install.log --single-version-externally-managed install_data
[7.808s] running egg_info
[7.811s] writing ../../build/controller/controller.egg-info/PKG-INFO
[7.812s] writing dependency_links to ../../build/controller/controller.egg-info/dependency_links.txt
[7.813s] writing entry points to ../../build/controller/controller.egg-info/entry_points.txt
[7.814s] writing requirements to ../../build/controller/controller.egg-info/requires.txt
[7.815s] writing top-level names to ../../build/controller/controller.egg-info/top_level.txt
[7.825s] reading manifest file '../../build/controller/controller.egg-info/SOURCES.txt'
[7.829s] writing manifest file '../../build/controller/controller.egg-info/SOURCES.txt'
[7.830s] running build
[7.830s] running build_py
[7.833s] running install
[7.835s] running install_lib
[7.841s] running install_data
[7.842s] running install_egg_info
[7.851s] removing '/home/roombazon/Desktop/rosWorkspace/install/controller/lib/python3.10/site-packages/controller-0.0.0-py3.10.egg-info' (and everything under it)
[7.853s] Copying ../../build/controller/controller.egg-info to /home/roombazon/Desktop/rosWorkspace/install/controller/lib/python3.10/site-packages/controller-0.0.0-py3.10.egg-info
[7.860s] running install_scripts
[7.966s] Installing gamepad_controller script to /home/roombazon/Desktop/rosWorkspace/install/controller/lib/controller
[7.967s] Installing joystick_serial script to /home/roombazon/Desktop/rosWorkspace/install/controller/lib/controller
[7.969s] writing list of installed files to '/home/roombazon/Desktop/rosWorkspace/build/controller/install.log'
[8.133s] Invoked command in '/home/roombazon/Desktop/rosWorkspace/src/controller' returned '0': PYTHONPATH=/home/roombazon/Desktop/rosWorkspace/build/controller/prefix_override:/usr/lib/python3/dist-packages/colcon_core/task/python/colcon_distutils_commands:/home/roombazon/Desktop/rosWorkspace/install/controller/lib/python3.10/site-packages:${PYTHONPATH} /usr/bin/python3 -W ignore:setup.py install is deprecated -W ignore:easy_install command is deprecated setup.py egg_info --egg-base ../../build/controller build --build-base /home/roombazon/Desktop/rosWorkspace/build/controller/build install --record /home/roombazon/Desktop/rosWorkspace/build/controller/install.log --single-version-externally-managed install_data
