[3.152s] Invoking command in '/home/roombazon/Desktop/rosWorkspace/src/controller': PYTHONPATH=/home/roombazon/Desktop/rosWorkspace/build/controller/prefix_override:/usr/lib/python3/dist-packages/colcon_core/task/python/colcon_distutils_commands:/home/roombazon/Desktop/rosWorkspace/install/controller/lib/python3.10/site-packages:${PYTHONPATH} /usr/bin/python3 -W ignore:setup.py install is deprecated -W ignore:easy_install command is deprecated setup.py egg_info --egg-base ../../build/controller build --build-base /home/roombazon/Desktop/rosWorkspace/build/controller/build install --record /home/roombazon/Desktop/rosWorkspace/build/controller/install.log --single-version-externally-managed install_data
[4.321s] running egg_info
[4.323s] writing ../../build/controller/controller.egg-info/PKG-INFO
[4.324s] writing dependency_links to ../../build/controller/controller.egg-info/dependency_links.txt
[4.325s] writing entry points to ../../build/controller/controller.egg-info/entry_points.txt
[4.326s] writing requirements to ../../build/controller/controller.egg-info/requires.txt
[4.327s] writing top-level names to ../../build/controller/controller.egg-info/top_level.txt
[4.335s] reading manifest file '../../build/controller/controller.egg-info/SOURCES.txt'
[4.338s] writing manifest file '../../build/controller/controller.egg-info/SOURCES.txt'
[4.339s] running build
[4.339s] running build_py
[4.340s] copying controller/joystick_serial.py -> /home/roombazon/Desktop/rosWorkspace/build/controller/build/lib/controller
[4.342s] running install
[4.343s] running install_lib
[4.346s] copying /home/roombazon/Desktop/rosWorkspace/build/controller/build/lib/controller/joystick_serial.py -> /home/roombazon/Desktop/rosWorkspace/install/controller/lib/python3.10/site-packages/controller
[4.349s] byte-compiling /home/roombazon/Desktop/rosWorkspace/install/controller/lib/python3.10/site-packages/controller/joystick_serial.py to joystick_serial.cpython-310.pyc
[4.353s] running install_data
[4.353s] running install_egg_info
[4.360s] removing '/home/roombazon/Desktop/rosWorkspace/install/controller/lib/python3.10/site-packages/controller-0.0.0-py3.10.egg-info' (and everything under it)
[4.362s] Copying ../../build/controller/controller.egg-info to /home/roombazon/Desktop/rosWorkspace/install/controller/lib/python3.10/site-packages/controller-0.0.0-py3.10.egg-info
[4.367s] running install_scripts
[4.444s] Installing gamepad_controller script to /home/roombazon/Desktop/rosWorkspace/install/controller/lib/controller
[4.445s] Installing joystick_serial script to /home/roombazon/Desktop/rosWorkspace/install/controller/lib/controller
[4.447s] writing list of installed files to '/home/roombazon/Desktop/rosWorkspace/build/controller/install.log'
[4.568s] Invoked command in '/home/roombazon/Desktop/rosWorkspace/src/controller' returned '0': PYTHONPATH=/home/roombazon/Desktop/rosWorkspace/build/controller/prefix_override:/usr/lib/python3/dist-packages/colcon_core/task/python/colcon_distutils_commands:/home/roombazon/Desktop/rosWorkspace/install/controller/lib/python3.10/site-packages:${PYTHONPATH} /usr/bin/python3 -W ignore:setup.py install is deprecated -W ignore:easy_install command is deprecated setup.py egg_info --egg-base ../../build/controller build --build-base /home/roombazon/Desktop/rosWorkspace/build/controller/build install --record /home/roombazon/Desktop/rosWorkspace/build/controller/install.log --single-version-externally-managed install_data
