[6.054s] Invoking command in '/home/roombazon/Desktop/rosWorkspace/src/controller': PYTHONPATH=/home/roombazon/Desktop/rosWorkspace/build/controller/prefix_override:/usr/lib/python3/dist-packages/colcon_core/task/python/colcon_distutils_commands:/home/roombazon/Desktop/rosWorkspace/install/controller/lib/python3.10/site-packages:${PYTHONPATH} /usr/bin/python3 -W ignore:setup.py install is deprecated -W ignore:easy_install command is deprecated setup.py egg_info --egg-base ../../build/controller build --build-base /home/roombazon/Desktop/rosWorkspace/build/controller/build install --record /home/roombazon/Desktop/rosWorkspace/build/controller/install.log --single-version-externally-managed install_data
[7.527s] running egg_info
[7.531s] writing ../../build/controller/controller.egg-info/PKG-INFO
[7.546s] writing dependency_links to ../../build/controller/controller.egg-info/dependency_links.txt
[7.547s] writing entry points to ../../build/controller/controller.egg-info/entry_points.txt
[7.549s] writing requirements to ../../build/controller/controller.egg-info/requires.txt
[7.549s] writing top-level names to ../../build/controller/controller.egg-info/top_level.txt
[7.555s] reading manifest file '../../build/controller/controller.egg-info/SOURCES.txt'
[7.577s] writing manifest file '../../build/controller/controller.egg-info/SOURCES.txt'
[7.579s] running build
[7.579s] running build_py
[7.618s] running install
[7.619s] running install_lib
[7.624s] running install_data
[7.624s] running install_egg_info
[7.633s] removing '/home/roombazon/Desktop/rosWorkspace/install/controller/lib/python3.10/site-packages/controller-0.0.0-py3.10.egg-info' (and everything under it)
[7.635s] Copying ../../build/controller/controller.egg-info to /home/roombazon/Desktop/rosWorkspace/install/controller/lib/python3.10/site-packages/controller-0.0.0-py3.10.egg-info
[7.644s] running install_scripts
[7.768s] Installing gamepad_controller script to /home/roombazon/Desktop/rosWorkspace/install/controller/lib/controller
[7.772s] Installing joystick_serial script to /home/roombazon/Desktop/rosWorkspace/install/controller/lib/controller
[7.776s] writing list of installed files to '/home/roombazon/Desktop/rosWorkspace/build/controller/install.log'
[7.964s] Invoked command in '/home/roombazon/Desktop/rosWorkspace/src/controller' returned '0': PYTHONPATH=/home/roombazon/Desktop/rosWorkspace/build/controller/prefix_override:/usr/lib/python3/dist-packages/colcon_core/task/python/colcon_distutils_commands:/home/roombazon/Desktop/rosWorkspace/install/controller/lib/python3.10/site-packages:${PYTHONPATH} /usr/bin/python3 -W ignore:setup.py install is deprecated -W ignore:easy_install command is deprecated setup.py egg_info --egg-base ../../build/controller build --build-base /home/roombazon/Desktop/rosWorkspace/build/controller/build install --record /home/roombazon/Desktop/rosWorkspace/build/controller/install.log --single-version-externally-managed install_data
