[5.035s] Invoking command in '/home/roombazon/Desktop/rosWorkspace/src/controller': PYTHONPATH=/home/roombazon/Desktop/rosWorkspace/build/controller/prefix_override:/usr/lib/python3/dist-packages/colcon_core/task/python/colcon_distutils_commands:/home/roombazon/Desktop/rosWorkspace/install/controller/lib/python3.10/site-packages:${PYTHONPATH} /usr/bin/python3 -W ignore:setup.py install is deprecated -W ignore:easy_install command is deprecated setup.py egg_info --egg-base ../../build/controller build --build-base /home/roombazon/Desktop/rosWorkspace/build/controller/build install --record /home/roombazon/Desktop/rosWorkspace/build/controller/install.log --single-version-externally-managed install_data
[6.370s] running egg_info
[6.373s] writing ../../build/controller/controller.egg-info/PKG-INFO
[6.374s] writing dependency_links to ../../build/controller/controller.egg-info/dependency_links.txt
[6.375s] writing entry points to ../../build/controller/controller.egg-info/entry_points.txt
[6.376s] writing requirements to ../../build/controller/controller.egg-info/requires.txt
[6.377s] writing top-level names to ../../build/controller/controller.egg-info/top_level.txt
[6.386s] reading manifest file '../../build/controller/controller.egg-info/SOURCES.txt'
[6.391s] writing manifest file '../../build/controller/controller.egg-info/SOURCES.txt'
[6.392s] running build
[6.393s] running build_py
[6.394s] running install
[6.395s] running install_lib
[6.402s] running install_data
[6.403s] running install_egg_info
[6.411s] removing '/home/roombazon/Desktop/rosWorkspace/install/controller/lib/python3.10/site-packages/controller-0.0.0-py3.10.egg-info' (and everything under it)
[6.413s] Copying ../../build/controller/controller.egg-info to /home/roombazon/Desktop/rosWorkspace/install/controller/lib/python3.10/site-packages/controller-0.0.0-py3.10.egg-info
[6.420s] running install_scripts
[6.519s] Installing gamepad_controller script to /home/roombazon/Desktop/rosWorkspace/install/controller/lib/controller
[6.521s] Installing joystick_serial script to /home/roombazon/Desktop/rosWorkspace/install/controller/lib/controller
[6.524s] writing list of installed files to '/home/roombazon/Desktop/rosWorkspace/build/controller/install.log'
[6.730s] Invoked command in '/home/roombazon/Desktop/rosWorkspace/src/controller' returned '0': PYTHONPATH=/home/roombazon/Desktop/rosWorkspace/build/controller/prefix_override:/usr/lib/python3/dist-packages/colcon_core/task/python/colcon_distutils_commands:/home/roombazon/Desktop/rosWorkspace/install/controller/lib/python3.10/site-packages:${PYTHONPATH} /usr/bin/python3 -W ignore:setup.py install is deprecated -W ignore:easy_install command is deprecated setup.py egg_info --egg-base ../../build/controller build --build-base /home/roombazon/Desktop/rosWorkspace/build/controller/build install --record /home/roombazon/Desktop/rosWorkspace/build/controller/install.log --single-version-externally-managed install_data
