[5.987s] Invoking command in '/home/roombazon/Desktop/rosWorkspace/src/controller': PYTHONPATH=/home/roombazon/Desktop/rosWorkspace/build/controller/prefix_override:/usr/lib/python3/dist-packages/colcon_core/task/python/colcon_distutils_commands:/home/roombazon/Desktop/rosWorkspace/install/controller/lib/python3.10/site-packages:${PYTHONPATH} /usr/bin/python3 -W ignore:setup.py install is deprecated -W ignore:easy_install command is deprecated setup.py egg_info --egg-base ../../build/controller build --build-base /home/roombazon/Desktop/rosWorkspace/build/controller/build install --record /home/roombazon/Desktop/rosWorkspace/build/controller/install.log --single-version-externally-managed install_data
[7.342s] running egg_info
[7.345s] writing ../../build/controller/controller.egg-info/PKG-INFO
[7.347s] writing dependency_links to ../../build/controller/controller.egg-info/dependency_links.txt
[7.349s] writing entry points to ../../build/controller/controller.egg-info/entry_points.txt
[7.349s] writing requirements to ../../build/controller/controller.egg-info/requires.txt
[7.350s] writing top-level names to ../../build/controller/controller.egg-info/top_level.txt
[7.358s] reading manifest file '../../build/controller/controller.egg-info/SOURCES.txt'
[7.363s] writing manifest file '../../build/controller/controller.egg-info/SOURCES.txt'
[7.365s] running build
[7.365s] running build_py
[7.369s] running install
[7.370s] running install_lib
[7.379s] running install_data
[7.380s] running install_egg_info
[7.389s] removing '/home/roombazon/Desktop/rosWorkspace/install/controller/lib/python3.10/site-packages/controller-0.0.0-py3.10.egg-info' (and everything under it)
[7.391s] Copying ../../build/controller/controller.egg-info to /home/roombazon/Desktop/rosWorkspace/install/controller/lib/python3.10/site-packages/controller-0.0.0-py3.10.egg-info
[7.397s] running install_scripts
[7.491s] Installing gamepad_controller script to /home/roombazon/Desktop/rosWorkspace/install/controller/lib/controller
[7.496s] writing list of installed files to '/home/roombazon/Desktop/rosWorkspace/build/controller/install.log'
[7.713s] Invoked command in '/home/roombazon/Desktop/rosWorkspace/src/controller' returned '0': PYTHONPATH=/home/roombazon/Desktop/rosWorkspace/build/controller/prefix_override:/usr/lib/python3/dist-packages/colcon_core/task/python/colcon_distutils_commands:/home/roombazon/Desktop/rosWorkspace/install/controller/lib/python3.10/site-packages:${PYTHONPATH} /usr/bin/python3 -W ignore:setup.py install is deprecated -W ignore:easy_install command is deprecated setup.py egg_info --egg-base ../../build/controller build --build-base /home/roombazon/Desktop/rosWorkspace/build/controller/build install --record /home/roombazon/Desktop/rosWorkspace/build/controller/install.log --single-version-externally-managed install_data
