[6.151s] Invoking command in '/home/roombazon/Desktop/rosWorkspace/build/rplidar_ros': CMAKE_PREFIX_PATH=${CMAKE_PREFIX_PATH}:/home/roombazon/Desktop/rosWorkspace/install/odometry_publisher:/home/roombazon/Desktop/rosWorkspace/install/controller:/opt/ros/humble /usr/bin/cmake --build /home/roombazon/Desktop/rosWorkspace/build/rplidar_ros -- -j4 -l4
[7.031s] [ 47%] Built target rplidar_node
[7.417s] [ 52%] Built target rplidar_client
[7.769s] [100%] Built target rplidar_composition
[7.933s] Invoked command in '/home/roombazon/Desktop/rosWorkspace/build/rplidar_ros' returned '0': CMAKE_PREFIX_PATH=${CMAKE_PREFIX_PATH}:/home/roombazon/Desktop/rosWorkspace/install/odometry_publisher:/home/roombazon/Desktop/rosWorkspace/install/controller:/opt/ros/humble /usr/bin/cmake --build /home/roombazon/Desktop/rosWorkspace/build/rplidar_ros -- -j4 -l4
[7.984s] Invoking command in '/home/roombazon/Desktop/rosWorkspace/build/rplidar_ros': CMAKE_PREFIX_PATH=${CMAKE_PREFIX_PATH}:/home/roombazon/Desktop/rosWorkspace/install/odometry_publisher:/home/roombazon/Desktop/rosWorkspace/install/controller:/opt/ros/humble /usr/bin/cmake --install /home/roombazon/Desktop/rosWorkspace/build/rplidar_ros
[8.116s] -- Install configuration: ""
[8.119s] -- Up-to-date: /home/roombazon/Desktop/rosWorkspace/install/rplidar_ros/share/rplidar_ros/launch
[8.120s] -- Up-to-date: /home/roombazon/Desktop/rosWorkspace/install/rplidar_ros/share/rplidar_ros/launch/view_rplidar_s2e_launch.py
[8.121s] -- Up-to-date: /home/roombazon/Desktop/rosWorkspace/install/rplidar_ros/share/rplidar_ros/launch/view_rplidar_s1_launch.py
[8.121s] -- Up-to-date: /home/roombazon/Desktop/rosWorkspace/install/rplidar_ros/share/rplidar_ros/launch/rplidar_a1_launch.py
[8.122s] -- Up-to-date: /home/roombazon/Desktop/rosWorkspace/install/rplidar_ros/share/rplidar_ros/launch/rplidar_a2m8_launch.py
[8.122s] -- Up-to-date: /home/roombazon/Desktop/rosWorkspace/install/rplidar_ros/share/rplidar_ros/launch/rplidar_c1_launch.py
[8.123s] -- Up-to-date: /home/roombazon/Desktop/rosWorkspace/install/rplidar_ros/share/rplidar_ros/launch/view_rplidar_a1_launch.py
[8.123s] -- Up-to-date: /home/roombazon/Desktop/rosWorkspace/install/rplidar_ros/share/rplidar_ros/launch/rplidar_s1_launch.py
[8.124s] -- Up-to-date: /home/roombazon/Desktop/rosWorkspace/install/rplidar_ros/share/rplidar_ros/launch/view_rplidar_s2_launch.py
[8.125s] -- Up-to-date: /home/roombazon/Desktop/rosWorkspace/install/rplidar_ros/share/rplidar_ros/launch/view_rplidar_a3_launch.py
[8.125s] -- Up-to-date: /home/roombazon/Desktop/rosWorkspace/install/rplidar_ros/share/rplidar_ros/launch/view_rplidar_s3_launch.py
[8.126s] -- Up-to-date: /home/roombazon/Desktop/rosWorkspace/install/rplidar_ros/share/rplidar_ros/launch/view_rplidar_c1_launch.py
[8.126s] -- Up-to-date: /home/roombazon/Desktop/rosWorkspace/install/rplidar_ros/share/rplidar_ros/launch/rplidar_s3_launch.py
[8.141s] -- Up-to-date: /home/roombazon/Desktop/rosWorkspace/install/rplidar_ros/share/rplidar_ros/launch/rplidar_s1_tcp_launch.py
[8.145s] -- Up-to-date: /home/roombazon/Desktop/rosWorkspace/install/rplidar_ros/share/rplidar_ros/launch/rplidar_s2e_launch.py
[8.149s] -- Up-to-date: /home/roombazon/Desktop/rosWorkspace/install/rplidar_ros/share/rplidar_ros/launch/rplidar_s2_launch.py
[8.150s] -- Up-to-date: /home/roombazon/Desktop/rosWorkspace/install/rplidar_ros/share/rplidar_ros/launch/view_rplidar_a2m12_launch.py
[8.151s] -- Up-to-date: /home/roombazon/Desktop/rosWorkspace/install/rplidar_ros/share/rplidar_ros/launch/rplidar_a2m7_launch.py
[8.160s] -- Up-to-date: /home/roombazon/Desktop/rosWorkspace/install/rplidar_ros/share/rplidar_ros/launch/view_rplidar_a2m7_launch.py
[8.176s] -- Up-to-date: /home/roombazon/Desktop/rosWorkspace/install/rplidar_ros/share/rplidar_ros/launch/view_rplidar_t1_launch.py
[8.177s] -- Up-to-date: /home/roombazon/Desktop/rosWorkspace/install/rplidar_ros/share/rplidar_ros/launch/rplidar_a2m12_launch.py
[8.178s] -- Up-to-date: /home/roombazon/Desktop/rosWorkspace/install/rplidar_ros/share/rplidar_ros/launch/view_rplidar_a2m8_launch.py
[8.185s] -- Up-to-date: /home/roombazon/Desktop/rosWorkspace/install/rplidar_ros/share/rplidar_ros/launch/rplidar_a3_launch.py
[8.193s] -- Up-to-date: /home/roombazon/Desktop/rosWorkspace/install/rplidar_ros/share/rplidar_ros/launch/view_rplidar_s1_tcp_launch.py
[8.194s] -- Up-to-date: /home/roombazon/Desktop/rosWorkspace/install/rplidar_ros/share/rplidar_ros/launch/rplidar_t1_launch.py
[8.201s] -- Up-to-date: /home/roombazon/Desktop/rosWorkspace/install/rplidar_ros/share/rplidar_ros/rviz
[8.205s] -- Up-to-date: /home/roombazon/Desktop/rosWorkspace/install/rplidar_ros/share/rplidar_ros/rviz/rplidar_ros.rviz
[8.206s] -- Up-to-date: /home/roombazon/Desktop/rosWorkspace/install/rplidar_ros/lib/rplidar_ros/rplidar_node
[8.207s] -- Up-to-date: /home/roombazon/Desktop/rosWorkspace/install/rplidar_ros/lib/rplidar_ros/rplidar_composition
[8.208s] -- Up-to-date: /home/roombazon/Desktop/rosWorkspace/install/rplidar_ros/lib/rplidar_ros/rplidar_client
[8.210s] -- Up-to-date: /home/roombazon/Desktop/rosWorkspace/install/rplidar_ros/share/ament_index/resource_index/package_run_dependencies/rplidar_ros
[8.225s] -- Up-to-date: /home/roombazon/Desktop/rosWorkspace/install/rplidar_ros/share/ament_index/resource_index/parent_prefix_path/rplidar_ros
[8.226s] -- Up-to-date: /home/roombazon/Desktop/rosWorkspace/install/rplidar_ros/share/rplidar_ros/environment/ament_prefix_path.sh
[8.246s] -- Up-to-date: /home/roombazon/Desktop/rosWorkspace/install/rplidar_ros/share/rplidar_ros/environment/ament_prefix_path.dsv
[8.247s] -- Up-to-date: /home/roombazon/Desktop/rosWorkspace/install/rplidar_ros/share/rplidar_ros/environment/path.sh
[8.251s] -- Up-to-date: /home/roombazon/Desktop/rosWorkspace/install/rplidar_ros/share/rplidar_ros/environment/path.dsv
[8.252s] -- Up-to-date: /home/roombazon/Desktop/rosWorkspace/install/rplidar_ros/share/rplidar_ros/local_setup.bash
[8.252s] -- Up-to-date: /home/roombazon/Desktop/rosWorkspace/install/rplidar_ros/share/rplidar_ros/local_setup.sh
[8.283s] -- Up-to-date: /home/roombazon/Desktop/rosWorkspace/install/rplidar_ros/share/rplidar_ros/local_setup.zsh
[8.284s] -- Up-to-date: /home/roombazon/Desktop/rosWorkspace/install/rplidar_ros/share/rplidar_ros/local_setup.dsv
[8.284s] -- Installing: /home/roombazon/Desktop/rosWorkspace/install/rplidar_ros/share/rplidar_ros/package.dsv
[8.285s] -- Up-to-date: /home/roombazon/Desktop/rosWorkspace/install/rplidar_ros/share/ament_index/resource_index/packages/rplidar_ros
[8.285s] -- Up-to-date: /home/roombazon/Desktop/rosWorkspace/install/rplidar_ros/share/rplidar_ros/cmake/ament_cmake_export_dependencies-extras.cmake
[8.286s] -- Up-to-date: /home/roombazon/Desktop/rosWorkspace/install/rplidar_ros/share/rplidar_ros/cmake/ament_cmake_export_include_directories-extras.cmake
[8.286s] -- Up-to-date: /home/roombazon/Desktop/rosWorkspace/install/rplidar_ros/share/rplidar_ros/cmake/rplidar_rosConfig.cmake
[8.287s] -- Up-to-date: /home/roombazon/Desktop/rosWorkspace/install/rplidar_ros/share/rplidar_ros/cmake/rplidar_rosConfig-version.cmake
[8.288s] -- Up-to-date: /home/roombazon/Desktop/rosWorkspace/install/rplidar_ros/share/rplidar_ros/package.xml
[8.289s] Invoked command in '/home/roombazon/Desktop/rosWorkspace/build/rplidar_ros' returned '0': CMAKE_PREFIX_PATH=${CMAKE_PREFIX_PATH}:/home/roombazon/Desktop/rosWorkspace/install/odometry_publisher:/home/roombazon/Desktop/rosWorkspace/install/controller:/opt/ros/humble /usr/bin/cmake --install /home/roombazon/Desktop/rosWorkspace/build/rplidar_ros
