[5.911s] Invoking command in '/home/roombazon/Desktop/rosWorkspace/src/joystick_ros2': PYTHONPATH=/home/roombazon/Desktop/rosWorkspace/build/joystick_ros2/prefix_override:/usr/lib/python3/dist-packages/colcon_core/task/python/colcon_distutils_commands:/home/roombazon/Desktop/rosWorkspace/install/joystick_ros2/lib/python3.10/site-packages:${PYTHONPATH} /usr/bin/python3 -W ignore:setup.py install is deprecated -W ignore:easy_install command is deprecated setup.py egg_info --egg-base ../../build/joystick_ros2 build --build-base /home/roombazon/Desktop/rosWorkspace/build/joystick_ros2/build install --record /home/roombazon/Desktop/rosWorkspace/build/joystick_ros2/install.log --install-scripts $base/lib/joystick_ros2 --single-version-externally-managed install_data
[7.210s] /usr/lib/python3/dist-packages/setuptools/dist.py:723: UserWarning: Usage of dash-separated 'script-dir' will not be supported in future versions. Please use the underscore name 'script_dir' instead
[7.211s]   warnings.warn(
[7.256s] running egg_info
[7.259s] writing ../../build/joystick_ros2/joystick_ros2.egg-info/PKG-INFO
[7.262s] writing dependency_links to ../../build/joystick_ros2/joystick_ros2.egg-info/dependency_links.txt
[7.264s] writing entry points to ../../build/joystick_ros2/joystick_ros2.egg-info/entry_points.txt
[7.267s] writing requirements to ../../build/joystick_ros2/joystick_ros2.egg-info/requires.txt
[7.268s] writing top-level names to ../../build/joystick_ros2/joystick_ros2.egg-info/top_level.txt
[7.276s] reading manifest file '../../build/joystick_ros2/joystick_ros2.egg-info/SOURCES.txt'
[7.279s] adding license file 'LICENSE'
[7.281s] writing manifest file '../../build/joystick_ros2/joystick_ros2.egg-info/SOURCES.txt'
[7.282s] running build
[7.283s] running build_py
[7.284s] running install
[7.291s] running install_lib
[7.292s] running install_data
[7.294s] running install_egg_info
[7.303s] removing '/home/roombazon/Desktop/rosWorkspace/install/joystick_ros2/lib/python3.10/site-packages/joystick_ros2-0.0.1-py3.10.egg-info' (and everything under it)
[7.305s] Copying ../../build/joystick_ros2/joystick_ros2.egg-info to /home/roombazon/Desktop/rosWorkspace/install/joystick_ros2/lib/python3.10/site-packages/joystick_ros2-0.0.1-py3.10.egg-info
[7.310s] running install_scripts
[7.399s] Installing joystick_ros2 script to /home/roombazon/Desktop/rosWorkspace/install/joystick_ros2/lib/joystick_ros2
[7.401s] writing list of installed files to '/home/roombazon/Desktop/rosWorkspace/build/joystick_ros2/install.log'
[7.590s] Invoked command in '/home/roombazon/Desktop/rosWorkspace/src/joystick_ros2' returned '0': PYTHONPATH=/home/roombazon/Desktop/rosWorkspace/build/joystick_ros2/prefix_override:/usr/lib/python3/dist-packages/colcon_core/task/python/colcon_distutils_commands:/home/roombazon/Desktop/rosWorkspace/install/joystick_ros2/lib/python3.10/site-packages:${PYTHONPATH} /usr/bin/python3 -W ignore:setup.py install is deprecated -W ignore:easy_install command is deprecated setup.py egg_info --egg-base ../../build/joystick_ros2 build --build-base /home/roombazon/Desktop/rosWorkspace/build/joystick_ros2/build install --record /home/roombazon/Desktop/rosWorkspace/build/joystick_ros2/install.log --install-scripts $base/lib/joystick_ros2 --single-version-externally-managed install_data
